#
# A fatal error has been detected by the Java Runtime Environment:
#
#  SIGSEGV (0xb) at pc=0x000000012f23d000, pid=47987, tid=17667
#
# JRE version: OpenJDK Runtime Environment Corretto-11.0.23.9.1 (11.0.23+9) (build 11.0.23+9-LTS)
# Java VM: OpenJDK 64-Bit Server VM Corretto-11.0.23.9.1 (11.0.23+9-LTS, mixed mode, tiered, compressed oops, g1 gc, bsd-amd64)
# Problematic frame:
# C  [libnative-platform-file-events.dylib+0x0]  __dso_handle+0x0
#
# No core dump will be written. Core dumps have been disabled. To enable core dumping, try "ulimit -c unlimited" before starting Java again
#
# If you would like to submit a bug report, please visit:
#   https://github.com/corretto/corretto-11/issues/
#

---------------  S U M M A R Y ------------

Command Line: --add-opens=java.base/java.util=ALL-UNNAMED --add-opens=java.base/java.lang=ALL-UNNAMED --add-opens=java.base/java.lang.invoke=ALL-UNNAMED --add-opens=java.prefs/java.util.prefs=ALL-UNNAMED --add-opens=java.base/java.nio.charset=ALL-UNNAMED --add-opens=java.base/java.net=ALL-UNNAMED --add-opens=java.base/java.util.concurrent.atomic=ALL-UNNAMED -XX:MaxMetaspaceSize=384m -XX:+HeapDumpOnOutOfMemoryError -Xms256m -Xmx512m -Dfile.encoding=UTF-8 -Duser.country=RU -Duser.language=ru -Duser.variant -javaagent:/Users/flowforme/.gradle/wrapper/dists/gradle-8.8-bin/dl7vupf4psengwqhwktix4v1/gradle-8.8/lib/agents/gradle-instrumentation-agent-8.8.jar org.gradle.launcher.daemon.bootstrap.GradleDaemon 8.8

Host: MacBookPro15,2 x86_64 2400 MHz, 8 cores, 8G, Darwin 20.6.0
Time: Thu Dec 12 02:00:14 2024 MSK elapsed time: 649.087088 seconds (0d 0h 10m 49s)

---------------  T H R E A D  ---------------

Current thread is native thread

Stack: [0x000070000ffc8000,0x0000700010048000],  sp=0x0000700010045218,  free space=500k
Native frames: (J=compiled Java code, A=aot compiled Java code, j=interpreted, Vv=VM code, C=native code)
C  [libnative-platform-file-events.dylib+0x0]  __dso_handle+0x0
C  [libnative-platform-file-events.dylib+0x15c27]  void std::__1::__variant_detail::__ctor<std::__1::__variant_detail::__traits<FileEvent, ErrorEvent, PoisonPill> >::__generic_construct[abi:v160006]<std::__1::__variant_detail::__copy_constructor<std::__1::__variant_detail::__traits<FileEvent, ErrorEvent, PoisonPill>, (std::__1::__variant_detail::_Trait)1> const&>(std::__1::__variant_detail::__ctor<std::__1::__variant_detail::__traits<FileEvent, ErrorEvent, PoisonPill> >&, std::__1::__variant_detail::__copy_constructor<std::__1::__variant_detail::__traits<FileEvent, ErrorEvent, PoisonPill>, (std::__1::__variant_detail::_Trait)1> const&)+0x47
C  [libnative-platform-file-events.dylib+0x15b8a]  std::__1::__variant_detail::__copy_constructor<std::__1::__variant_detail::__traits<FileEvent, ErrorEvent, PoisonPill>, (std::__1::__variant_detail::_Trait)1>::__copy_constructor(std::__1::__variant_detail::__copy_constructor<std::__1::__variant_detail::__traits<FileEvent, ErrorEvent, PoisonPill>, (std::__1::__variant_detail::_Trait)1> const&)+0x2a
C  [libnative-platform-file-events.dylib+0x15b4d]  std::__1::__variant_detail::__assignment<std::__1::__variant_detail::__traits<FileEvent, ErrorEvent, PoisonPill> >::__assignment(std::__1::__variant_detail::__assignment<std::__1::__variant_detail::__traits<FileEvent, ErrorEvent, PoisonPill> > const&)+0x1d
C  [libnative-platform-file-events.dylib+0x15b1d]  std::__1::__variant_detail::__move_assignment<std::__1::__variant_detail::__traits<FileEvent, ErrorEvent, PoisonPill>, (std::__1::__variant_detail::_Trait)1>::__move_assignment(std::__1::__variant_detail::__move_assignment<std::__1::__variant_detail::__traits<FileEvent, ErrorEvent, PoisonPill>, (std::__1::__variant_detail::_Trait)1> const&)+0x1d
C  [libnative-platform-file-events.dylib+0x15aed]  std::__1::__variant_detail::__copy_assignment<std::__1::__variant_detail::__traits<FileEvent, ErrorEvent, PoisonPill>, (std::__1::__variant_detail::_Trait)1>::__copy_assignment(std::__1::__variant_detail::__copy_assignment<std::__1::__variant_detail::__traits<FileEvent, ErrorEvent, PoisonPill>, (std::__1::__variant_detail::_Trait)1> const&)+0x1d
C  [libnative-platform-file-events.dylib+0x15abd]  std::__1::__variant_detail::__impl<FileEvent, ErrorEvent, PoisonPill>::__impl(std::__1::__variant_detail::__impl<FileEvent, ErrorEvent, PoisonPill> const&)+0x1d
C  [libnative-platform-file-events.dylib+0x15a8d]  std::__1::__variant_detail::__impl<FileEvent, ErrorEvent, PoisonPill>::__impl(std::__1::__variant_detail::__impl<FileEvent, ErrorEvent, PoisonPill> const&)+0x1d
C  [libnative-platform-file-events.dylib+0x15a5d]  std::__1::variant<FileEvent, ErrorEvent, PoisonPill>::variant(std::__1::variant<FileEvent, ErrorEvent, PoisonPill> const&)+0x1d
C  [libnative-platform-file-events.dylib+0x15a2d]  std::__1::variant<FileEvent, ErrorEvent, PoisonPill>::variant(std::__1::variant<FileEvent, ErrorEvent, PoisonPill> const&)+0x1d
C  [libnative-platform-file-events.dylib+0x15a01]  void std::__1::allocator<std::__1::variant<FileEvent, ErrorEvent, PoisonPill> >::construct[abi:v160006]<std::__1::variant<FileEvent, ErrorEvent, PoisonPill>, std::__1::variant<FileEvent, ErrorEvent, PoisonPill> const&>(std::__1::variant<FileEvent, ErrorEvent, PoisonPill>*, std::__1::variant<FileEvent, ErrorEvent, PoisonPill> const&)+0x21
C  [libnative-platform-file-events.dylib+0x13805]  void std::__1::allocator_traits<std::__1::allocator<std::__1::variant<FileEvent, ErrorEvent, PoisonPill> > >::construct[abi:v160006]<std::__1::variant<FileEvent, ErrorEvent, PoisonPill>, std::__1::variant<FileEvent, ErrorEvent, PoisonPill> const&, void>(std::__1::allocator<std::__1::variant<FileEvent, ErrorEvent, PoisonPill> >&, std::__1::variant<FileEvent, ErrorEvent, PoisonPill>*, std::__1::variant<FileEvent, ErrorEvent, PoisonPill> const&)+0x25
C  [libnative-platform-file-events.dylib+0x133ef]  std::__1::deque<std::__1::variant<FileEvent, ErrorEvent, PoisonPill>, std::__1::allocator<std::__1::variant<FileEvent, ErrorEvent, PoisonPill> > >::push_back(std::__1::variant<FileEvent, ErrorEvent, PoisonPill> const&)+0x6f
C  [libnative-platform-file-events.dylib+0x1336d]  std::__1::queue<std::__1::variant<FileEvent, ErrorEvent, PoisonPill>, std::__1::deque<std::__1::variant<FileEvent, ErrorEvent, PoisonPill>, std::__1::allocator<std::__1::variant<FileEvent, ErrorEvent, PoisonPill> > > >::push[abi:v160006](std::__1::variant<FileEvent, ErrorEvent, PoisonPill> const&)+0x1d
C  [libnative-platform-file-events.dylib+0xd9d2]  BlockingQueue<std::__1::variant<FileEvent, ErrorEvent, PoisonPill> >::enqueue(std::__1::variant<FileEvent, ErrorEvent, PoisonPill> const&)+0x32
C  [libnative-platform-file-events.dylib+0xd809]  Server::handleEvents(unsigned long, char**, unsigned int const*, unsigned long long const*)+0xb9
C  [libnative-platform-file-events.dylib+0xd441]  handleEventsCallback(__FSEventStream const*, void*, unsigned long, void*, unsigned int const*, unsigned long long const*)+0x41
C  [FSEvents+0x2eff]  implementation_callback_rpc+0xe11
C  [FSEvents+0x206e]  _Xcallback_rpc+0xe9
C  [FSEvents+0x1f67]  FSEventsD2F_server+0x37
C  [FSEvents+0x5a73]  receive_and_dispatch_rcv_msg+0x141
C  [libdispatch.dylib+0x3806]  _dispatch_client_callout+0x8
C  [libdispatch.dylib+0x61b0]  _dispatch_continuation_pop+0x1a7
C  [libdispatch.dylib+0x16564]  _dispatch_source_invoke+0x80d
C  [libdispatch.dylib+0x9493]  _dispatch_lane_serial_drain+0x107
C  [libdispatch.dylib+0xa0ad]  _dispatch_lane_invoke+0x16e
C  [libdispatch.dylib+0x13c0d]  _dispatch_workloop_worker_thread+0x32b
C  [libsystem_pthread.dylib+0x345d]  _pthread_wqthread+0x13a
C  [libsystem_pthread.dylib+0x242f]  start_wqthread+0xf


siginfo: si_signo: 11 (SIGSEGV), si_code: 0 (unknown), si_addr: 0x0000000000000000

Register to memory mapping:

RAX=
[error occurred during error reporting (printing register info), id 0xb, SIGSEGV (0xb) at pc=0x0000000111dab0e4]

Registers:
RAX=0x000000012f23d000, RBX=0x0000000000000003, RCX=0x0000000000000000, RDX=0x00007000100455a0
RSP=0x0000700010045218, RBP=0x0000700010045270, RSI=0x00007ff1a8186a00, RDI=0x0000700010045288
R8 =0x0000000000007f6b, R9 =0x00007ff1a81df800, R10=0x0000000000000a00, R11=0x0000000000003fff
R12=0x00007ff1a97b4f20, R13=0x0000000000000000, R14=0x0000000000000003, R15=0x0000000000000000
RIP=0x000000012f23d000, EFLAGS=0x0000000000010202, ERR=0x0000000000000000
  TRAPNO=0x000000000000000d

Top of Stack: (sp=0x0000700010045218)
0x0000700010045218:   000000012f252d8c 0000700010045288
0x0000700010045228:   00007ff1a8186a00 000000012f23d000
0x0000700010045238:   000000012f23d000 000000012f23d000
0x0000700010045248:   000000012f23d000 00007000100455a0
0x0000700010045258:   00007ff1a8186a00 0000700010045288
0x0000700010045268:   0000000000000000 00007000100452a0
0x0000700010045278:   000000012f252c27 00007000100452a0
0x0000700010045288:   000000012f252bd5 00007000100455a0
0x0000700010045298:   00007ff1a8186a00 00007000100452e0
0x00007000100452a8:   000000012f252b8a 00007ff1a8186a00
0x00007000100452b8:   000000012f252849 0000000000000000
0x00007000100452c8:   00007000100453a0 00007000100455a0
0x00007000100452d8:   00007ff1a8186a00 0000700010045300
0x00007000100452e8:   000000012f252b4d 00007000100455a0
0x00007000100452f8:   00007ff1a8186a00 0000700010045320
0x0000700010045308:   000000012f252b1d 00007000100455a0
0x0000700010045318:   00007ff1a8186a00 0000700010045340
0x0000700010045328:   000000012f252aed 00007000100455a0
0x0000700010045338:   00007ff1a8186a00 0000700010045360
0x0000700010045348:   000000012f252abd 00007000100455a0
0x0000700010045358:   00007ff1a8186a00 0000700010045380
0x0000700010045368:   000000012f252a8d 00007000100455a0
0x0000700010045378:   00007ff1a8186a00 00007000100453a0
0x0000700010045388:   000000012f252a5d 00007000100455a0
0x0000700010045398:   00007ff1a8186a00 00007000100453c0
0x00007000100453a8:   000000012f252a2d 00007000100455a0
0x00007000100453b8:   00007ff1a8186a00 00007000100453f0
0x00007000100453c8:   000000012f252a01 00007ff1a8186a00
0x00007000100453d8:   00007000100455a0 00007ff1a8186a00
0x00007000100453e8:   00007ff1a7075e08 0000700010045420
0x00007000100453f8:   000000012f250805 0000000000000000
0x0000700010045408:   00007000100455a0 00007ff1a8186a00 

Instructions: (pc=0x000000012f23d000)
0x000000012f23cf00:   00 00 00 00 00 00 00 00 00 00 00 00 00 00 00 00
0x000000012f23cf10:   00 00 00 00 00 00 00 00 00 00 00 00 00 00 00 00
0x000000012f23cf20:   00 00 00 00 00 00 00 00 00 00 00 00 00 00 00 00
0x000000012f23cf30:   00 00 00 00 00 00 00 00 00 00 00 00 00 00 00 00
0x000000012f23cf40:   00 00 00 00 00 00 00 00 00 00 00 00 00 00 00 00
0x000000012f23cf50:   00 00 00 00 00 00 00 00 00 00 00 00 00 00 00 00
0x000000012f23cf60:   00 00 00 00 00 00 00 00 00 00 00 00 00 00 00 00
0x000000012f23cf70:   00 00 00 00 00 00 00 00 00 00 00 00 00 00 00 00
0x000000012f23cf80:   00 00 00 00 00 00 00 00 00 00 00 00 00 00 00 00
0x000000012f23cf90:   00 00 00 00 00 00 00 00 00 00 00 00 00 00 00 00
0x000000012f23cfa0:   00 00 00 00 00 00 00 00 00 00 00 00 00 00 00 00
0x000000012f23cfb0:   00 00 00 00 00 00 00 00 00 00 00 00 00 00 00 00
0x000000012f23cfc0:   00 00 00 00 00 00 00 00 00 00 00 00 00 00 00 00
0x000000012f23cfd0:   00 00 00 00 00 00 00 00 00 00 00 00 00 00 00 00
0x000000012f23cfe0:   00 00 00 00 00 00 00 00 00 00 00 00 00 00 00 00
0x000000012f23cff0:   00 00 00 00 00 00 00 00 00 00 00 00 00 00 00 00
0x000000012f23d000:   cf fa ed fe 07 00 00 01 03 00 00 00 06 00 00 00
0x000000012f23d010:   10 00 00 00 00 07 00 00 85 80 11 00 00 00 00 00
0x000000012f23d020:   19 00 00 00 78 02 00 00 5f 5f 54 45 58 54 00 00
0x000000012f23d030:   00 00 00 00 00 00 00 00 00 00 00 00 00 00 00 00
0x000000012f23d040:   00 c0 01 00 00 00 00 00 00 00 00 00 00 00 00 00
0x000000012f23d050:   00 c0 01 00 00 00 00 00 05 00 00 00 05 00 00 00
0x000000012f23d060:   07 00 00 00 00 00 00 00 5f 5f 74 65 78 74 00 00
0x000000012f23d070:   00 00 00 00 00 00 00 00 5f 5f 54 45 58 54 00 00
0x000000012f23d080:   00 00 00 00 00 00 00 00 80 19 00 00 00 00 00 00
0x000000012f23d090:   dc 7d 01 00 00 00 00 00 80 19 00 00 04 00 00 00
0x000000012f23d0a0:   00 00 00 00 00 00 00 00 00 04 00 80 00 00 00 00
0x000000012f23d0b0:   00 00 00 00 00 00 00 00 5f 5f 73 74 75 62 73 00
0x000000012f23d0c0:   00 00 00 00 00 00 00 00 5f 5f 54 45 58 54 00 00
0x000000012f23d0d0:   00 00 00 00 00 00 00 00 5c 97 01 00 00 00 00 00
0x000000012f23d0e0:   ec 04 00 00 00 00 00 00 5c 97 01 00 00 00 00 00
0x000000012f23d0f0:   00 00 00 00 00 00 00 00 08 04 00 80 00 00 00 00 


Stack slot to memory mapping:
stack at sp + 0 slots: 
[error occurred during error reporting (inspecting top of stack), id 0xb, SIGSEGV (0xb) at pc=0x0000000111dab0e4]


---------------  P R O C E S S  ---------------

VM state:at safepoint (normal execution)

VM Mutex/Monitor currently owned by a thread:  ([mutex/lock_event])
[0x00007ff1a0f0c2f0] Threads_lock - owner thread: 0x00007ff1a582f800
[0x00007ff1a0f0cef0] Compile_lock - owner thread: 0x00007ff1a1fb8000

Heap address: 0x00000007e0000000, size: 512 MB, Compressed Oops mode: Zero based, Oop shift amount: 3
Narrow klass base: 0x0000000800000000, Narrow klass shift: 0
Compressed class space size: 394264576 Address: 0x0000000800000000

Heap:
 garbage-first heap   total 265216K, used 198923K [0x00000007e0000000, 0x0000000800000000)
  region size 1024K, 80 young (81920K), 2 survivors (2048K)
 Metaspace       used 94077K, capacity 97640K, committed 98304K, reserved 471040K
  class space    used 12170K, capacity 13438K, committed 13568K, reserved 385024K
Heap Regions: E=young(eden), S=young(survivor), O=old, HS=humongous(starts), HC=humongous(continues), CS=collection set, F=free, A=archive, TAMS=top-at-mark-start (previous, next)
|   0|0x00000007e0000000, 0x00000007e0100000, 0x00000007e0100000|100%|HS|  |TAMS 0x00000007e0100000, 0x00000007e0000000| Complete 
|   1|0x00000007e0100000, 0x00000007e0200000, 0x00000007e0200000|100%|HC|  |TAMS 0x00000007e0200000, 0x00000007e0100000| Complete 
|   2|0x00000007e0200000, 0x00000007e0300000, 0x00000007e0300000|100%|HC|  |TAMS 0x00000007e0300000, 0x00000007e0200000| Complete 
|   3|0x00000007e0300000, 0x00000007e0400000, 0x00000007e0400000|100%|HC|  |TAMS 0x00000007e0400000, 0x00000007e0300000| Complete 
|   4|0x00000007e0400000, 0x00000007e0500000, 0x00000007e0500000|100%| O|  |TAMS 0x00000007e0500000, 0x00000007e0400000| Untracked 
|   5|0x00000007e0500000, 0x00000007e0600000, 0x00000007e0600000|100%| O|  |TAMS 0x00000007e0500000, 0x00000007e0500000| Untracked 
|   6|0x00000007e0600000, 0x00000007e0700000, 0x00000007e0700000|100%| O|  |TAMS 0x00000007e0700000, 0x00000007e0600000| Untracked 
|   7|0x00000007e0700000, 0x00000007e0800000, 0x00000007e0800000|100%| O|  |TAMS 0x00000007e0800000, 0x00000007e0700000| Untracked 
|   8|0x00000007e0800000, 0x00000007e0900000, 0x00000007e0900000|100%|HS|  |TAMS 0x00000007e0900000, 0x00000007e0800000| Complete 
|   9|0x00000007e0900000, 0x00000007e0a00000, 0x00000007e0a00000|100%| O|  |TAMS 0x00000007e0a00000, 0x00000007e0900000| Untracked 
|  10|0x00000007e0a00000, 0x00000007e0b00000, 0x00000007e0b00000|100%| O|  |TAMS 0x00000007e0b00000, 0x00000007e0a00000| Untracked 
|  11|0x00000007e0b00000, 0x00000007e0c00000, 0x00000007e0c00000|100%| O|  |TAMS 0x00000007e0c00000, 0x00000007e0b00000| Untracked 
|  12|0x00000007e0c00000, 0x00000007e0d00000, 0x00000007e0d00000|100%| O|  |TAMS 0x00000007e0d00000, 0x00000007e0c00000| Untracked 
|  13|0x00000007e0d00000, 0x00000007e0e00000, 0x00000007e0e00000|100%| O|  |TAMS 0x00000007e0e00000, 0x00000007e0d00000| Untracked 
|  14|0x00000007e0e00000, 0x00000007e0f00000, 0x00000007e0f00000|100%| O|  |TAMS 0x00000007e0f00000, 0x00000007e0e00000| Untracked 
|  15|0x00000007e0f00000, 0x00000007e1000000, 0x00000007e1000000|100%| O|  |TAMS 0x00000007e1000000, 0x00000007e0f00000| Untracked 
|  16|0x00000007e1000000, 0x00000007e1100000, 0x00000007e1100000|100%| O|  |TAMS 0x00000007e1100000, 0x00000007e1000000| Untracked 
|  17|0x00000007e1100000, 0x00000007e1200000, 0x00000007e1200000|100%| O|  |TAMS 0x00000007e1200000, 0x00000007e1100000| Untracked 
|  18|0x00000007e1200000, 0x00000007e1300000, 0x00000007e1300000|100%| O|  |TAMS 0x00000007e1300000, 0x00000007e1200000| Untracked 
|  19|0x00000007e1300000, 0x00000007e1400000, 0x00000007e1400000|100%| O|  |TAMS 0x00000007e1400000, 0x00000007e1300000| Untracked 
|  20|0x00000007e1400000, 0x00000007e1500000, 0x00000007e1500000|100%|HS|  |TAMS 0x00000007e1500000, 0x00000007e1400000| Complete 
|  21|0x00000007e1500000, 0x00000007e1600000, 0x00000007e1600000|100%|HC|  |TAMS 0x00000007e1600000, 0x00000007e1500000| Complete 
|  22|0x00000007e1600000, 0x00000007e1700000, 0x00000007e1700000|100%|HC|  |TAMS 0x00000007e1700000, 0x00000007e1600000| Complete 
|  23|0x00000007e1700000, 0x00000007e1800000, 0x00000007e1800000|100%|HC|  |TAMS 0x00000007e1800000, 0x00000007e1700000| Complete 
|  24|0x00000007e1800000, 0x00000007e1900000, 0x00000007e1900000|100%|HC|  |TAMS 0x00000007e1900000, 0x00000007e1800000| Complete 
|  25|0x00000007e1900000, 0x00000007e1a00000, 0x00000007e1a00000|100%|HS|  |TAMS 0x00000007e1a00000, 0x00000007e1900000| Complete 
|  26|0x00000007e1a00000, 0x00000007e1b00000, 0x00000007e1b00000|100%|HC|  |TAMS 0x00000007e1b00000, 0x00000007e1a00000| Complete 
|  27|0x00000007e1b00000, 0x00000007e1c00000, 0x00000007e1c00000|100%|HC|  |TAMS 0x00000007e1c00000, 0x00000007e1b00000| Complete 
|  28|0x00000007e1c00000, 0x00000007e1d00000, 0x00000007e1d00000|100%|HS|  |TAMS 0x00000007e1d00000, 0x00000007e1c00000| Complete 
|  29|0x00000007e1d00000, 0x00000007e1e00000, 0x00000007e1e00000|100%|HC|  |TAMS 0x00000007e1e00000, 0x00000007e1d00000| Complete 
|  30|0x00000007e1e00000, 0x00000007e1e00000, 0x00000007e1f00000|  0%| F|  |TAMS 0x00000007e1e00000, 0x00000007e1e00000| Untracked 
|  31|0x00000007e1f00000, 0x00000007e2000000, 0x00000007e2000000|100%| O|  |TAMS 0x00000007e1f00000, 0x00000007e1f00000| Untracked 
|  32|0x00000007e2000000, 0x00000007e2000000, 0x00000007e2100000|  0%| F|  |TAMS 0x00000007e2000000, 0x00000007e2000000| Untracked 
|  33|0x00000007e2100000, 0x00000007e2200000, 0x00000007e2200000|100%| O|  |TAMS 0x00000007e2100000, 0x00000007e2100000| Untracked 
|  34|0x00000007e2200000, 0x00000007e2200000, 0x00000007e2300000|  0%| F|  |TAMS 0x00000007e2200000, 0x00000007e2200000| Untracked 
|  35|0x00000007e2300000, 0x00000007e2400000, 0x00000007e2400000|100%| O|  |TAMS 0x00000007e2400000, 0x00000007e2300000| Untracked 
|  36|0x00000007e2400000, 0x00000007e2500000, 0x00000007e2500000|100%| O|  |TAMS 0x00000007e2500000, 0x00000007e2400000| Untracked 
|  37|0x00000007e2500000, 0x00000007e2600000, 0x00000007e2600000|100%| O|  |TAMS 0x00000007e2600000, 0x00000007e2500000| Untracked 
|  38|0x00000007e2600000, 0x00000007e2700000, 0x00000007e2700000|100%| O|  |TAMS 0x00000007e2700000, 0x00000007e2600000| Untracked 
|  39|0x00000007e2700000, 0x00000007e2800000, 0x00000007e2800000|100%| O|  |TAMS 0x00000007e2800000, 0x00000007e2700000| Untracked 
|  40|0x00000007e2800000, 0x00000007e2900000, 0x00000007e2900000|100%|HS|  |TAMS 0x00000007e2900000, 0x00000007e2800000| Complete 
|  41|0x00000007e2900000, 0x00000007e2a00000, 0x00000007e2a00000|100%|HC|  |TAMS 0x00000007e2a00000, 0x00000007e2900000| Complete 
|  42|0x00000007e2a00000, 0x00000007e2b00000, 0x00000007e2b00000|100%| O|  |TAMS 0x00000007e2b00000, 0x00000007e2a00000| Untracked 
|  43|0x00000007e2b00000, 0x00000007e2c00000, 0x00000007e2c00000|100%| O|  |TAMS 0x00000007e2c00000, 0x00000007e2b00000| Untracked 
|  44|0x00000007e2c00000, 0x00000007e2d00000, 0x00000007e2d00000|100%| O|  |TAMS 0x00000007e2d00000, 0x00000007e2c00000| Untracked 
|  45|0x00000007e2d00000, 0x00000007e2e00000, 0x00000007e2e00000|100%| O|  |TAMS 0x00000007e2e00000, 0x00000007e2d00000| Untracked 
|  46|0x00000007e2e00000, 0x00000007e2f00000, 0x00000007e2f00000|100%| O|  |TAMS 0x00000007e2f00000, 0x00000007e2e00000| Untracked 
|  47|0x00000007e2f00000, 0x00000007e3000000, 0x00000007e3000000|100%| O|  |TAMS 0x00000007e3000000, 0x00000007e2f00000| Untracked 
|  48|0x00000007e3000000, 0x00000007e3100000, 0x00000007e3100000|100%| O|  |TAMS 0x00000007e3100000, 0x00000007e3000000| Untracked 
|  49|0x00000007e3100000, 0x00000007e3200000, 0x00000007e3200000|100%| O|  |TAMS 0x00000007e3200000, 0x00000007e3100000| Untracked 
|  50|0x00000007e3200000, 0x00000007e3300000, 0x00000007e3300000|100%| O|  |TAMS 0x00000007e3300000, 0x00000007e3200000| Untracked 
|  51|0x00000007e3300000, 0x00000007e3400000, 0x00000007e3400000|100%| O|  |TAMS 0x00000007e3400000, 0x00000007e3300000| Untracked 
|  52|0x00000007e3400000, 0x00000007e3500000, 0x00000007e3500000|100%| O|  |TAMS 0x00000007e3500000, 0x00000007e3400000| Untracked 
|  53|0x00000007e3500000, 0x00000007e3500000, 0x00000007e3600000|  0%| F|  |TAMS 0x00000007e3500000, 0x00000007e3500000| Untracked 
|  54|0x00000007e3600000, 0x00000007e3700000, 0x00000007e3700000|100%| O|  |TAMS 0x00000007e3700000, 0x00000007e3600000| Untracked 
|  55|0x00000007e3700000, 0x00000007e3800000, 0x00000007e3800000|100%| O|  |TAMS 0x00000007e3800000, 0x00000007e3700000| Untracked 
|  56|0x00000007e3800000, 0x00000007e3900000, 0x00000007e3900000|100%| O|  |TAMS 0x00000007e3900000, 0x00000007e3800000| Untracked 
|  57|0x00000007e3900000, 0x00000007e3a00000, 0x00000007e3a00000|100%| O|  |TAMS 0x00000007e3a00000, 0x00000007e3900000| Untracked 
|  58|0x00000007e3a00000, 0x00000007e3b00000, 0x00000007e3b00000|100%|HS|  |TAMS 0x00000007e3b00000, 0x00000007e3a00000| Complete 
|  59|0x00000007e3b00000, 0x00000007e3c00000, 0x00000007e3c00000|100%|HC|  |TAMS 0x00000007e3c00000, 0x00000007e3b00000| Complete 
|  60|0x00000007e3c00000, 0x00000007e3d00000, 0x00000007e3d00000|100%|HS|  |TAMS 0x00000007e3d00000, 0x00000007e3c00000| Complete 
|  61|0x00000007e3d00000, 0x00000007e3d00000, 0x00000007e3e00000|  0%| F|  |TAMS 0x00000007e3d00000, 0x00000007e3d00000| Untracked 
|  62|0x00000007e3e00000, 0x00000007e3f00000, 0x00000007e3f00000|100%|HS|  |TAMS 0x00000007e3f00000, 0x00000007e3e00000| Complete 
|  63|0x00000007e3f00000, 0x00000007e4000000, 0x00000007e4000000|100%|HC|  |TAMS 0x00000007e4000000, 0x00000007e3f00000| Complete 
|  64|0x00000007e4000000, 0x00000007e4100000, 0x00000007e4100000|100%|HC|  |TAMS 0x00000007e4100000, 0x00000007e4000000| Complete 
|  65|0x00000007e4100000, 0x00000007e4100000, 0x00000007e4200000|  0%| F|  |TAMS 0x00000007e4100000, 0x00000007e4100000| Untracked 
|  66|0x00000007e4200000, 0x00000007e4300000, 0x00000007e4300000|100%|HS|  |TAMS 0x00000007e4300000, 0x00000007e4200000| Complete 
|  67|0x00000007e4300000, 0x00000007e4300000, 0x00000007e4400000|  0%| F|  |TAMS 0x00000007e4300000, 0x00000007e4300000| Untracked 
|  68|0x00000007e4400000, 0x00000007e4500000, 0x00000007e4500000|100%| O|  |TAMS 0x00000007e4500000, 0x00000007e4400000| Untracked 
|  69|0x00000007e4500000, 0x00000007e4600000, 0x00000007e4600000|100%| O|  |TAMS 0x00000007e4600000, 0x00000007e4500000| Untracked 
|  70|0x00000007e4600000, 0x00000007e4700000, 0x00000007e4700000|100%| O|  |TAMS 0x00000007e4700000, 0x00000007e4600000| Untracked 
|  71|0x00000007e4700000, 0x00000007e4800000, 0x00000007e4800000|100%|HS|  |TAMS 0x00000007e4800000, 0x00000007e4700000| Complete 
|  72|0x00000007e4800000, 0x00000007e4900000, 0x00000007e4900000|100%|HC|  |TAMS 0x00000007e4900000, 0x00000007e4800000| Complete 
|  73|0x00000007e4900000, 0x00000007e4a00000, 0x00000007e4a00000|100%|HC|  |TAMS 0x00000007e4a00000, 0x00000007e4900000| Complete 
|  74|0x00000007e4a00000, 0x00000007e4b00000, 0x00000007e4b00000|100%|HC|  |TAMS 0x00000007e4b00000, 0x00000007e4a00000| Complete 
|  75|0x00000007e4b00000, 0x00000007e4c00000, 0x00000007e4c00000|100%|HC|  |TAMS 0x00000007e4c00000, 0x00000007e4b00000| Complete 
|  76|0x00000007e4c00000, 0x00000007e4d00000, 0x00000007e4d00000|100%|HS|  |TAMS 0x00000007e4d00000, 0x00000007e4c00000| Complete 
|  77|0x00000007e4d00000, 0x00000007e4e00000, 0x00000007e4e00000|100%|HC|  |TAMS 0x00000007e4e00000, 0x00000007e4d00000| Complete 
|  78|0x00000007e4e00000, 0x00000007e4f00000, 0x00000007e4f00000|100%|HC|  |TAMS 0x00000007e4f00000, 0x00000007e4e00000| Complete 
|  79|0x00000007e4f00000, 0x00000007e5000000, 0x00000007e5000000|100%|HC|  |TAMS 0x00000007e5000000, 0x00000007e4f00000| Complete 
|  80|0x00000007e5000000, 0x00000007e5100000, 0x00000007e5100000|100%|HC|  |TAMS 0x00000007e5100000, 0x00000007e5000000| Complete 
|  81|0x00000007e5100000, 0x00000007e5200000, 0x00000007e5200000|100%|HS|  |TAMS 0x00000007e5200000, 0x00000007e5100000| Complete 
|  82|0x00000007e5200000, 0x00000007e5300000, 0x00000007e5300000|100%|HC|  |TAMS 0x00000007e5300000, 0x00000007e5200000| Complete 
|  83|0x00000007e5300000, 0x00000007e5400000, 0x00000007e5400000|100%| O|  |TAMS 0x00000007e5400000, 0x00000007e5300000| Untracked 
|  84|0x00000007e5400000, 0x00000007e5400000, 0x00000007e5500000|  0%| F|  |TAMS 0x00000007e5400000, 0x00000007e5400000| Untracked 
|  85|0x00000007e5500000, 0x00000007e5600000, 0x00000007e5600000|100%|HS|  |TAMS 0x00000007e5600000, 0x00000007e5500000| Complete 
|  86|0x00000007e5600000, 0x00000007e5700000, 0x00000007e5700000|100%|HC|  |TAMS 0x00000007e5700000, 0x00000007e5600000| Complete 
|  87|0x00000007e5700000, 0x00000007e5800000, 0x00000007e5800000|100%|HC|  |TAMS 0x00000007e5800000, 0x00000007e5700000| Complete 
|  88|0x00000007e5800000, 0x00000007e5900000, 0x00000007e5900000|100%|HC|  |TAMS 0x00000007e5900000, 0x00000007e5800000| Complete 
|  89|0x00000007e5900000, 0x00000007e5a00000, 0x00000007e5a00000|100%|HC|  |TAMS 0x00000007e5a00000, 0x00000007e5900000| Complete 
|  90|0x00000007e5a00000, 0x00000007e5a00000, 0x00000007e5b00000|  0%| F|  |TAMS 0x00000007e5a00000, 0x00000007e5a00000| Untracked 
|  91|0x00000007e5b00000, 0x00000007e5c00000, 0x00000007e5c00000|100%| O|  |TAMS 0x00000007e5b00000, 0x00000007e5b00000| Untracked 
|  92|0x00000007e5c00000, 0x00000007e5d00000, 0x00000007e5d00000|100%| O|  |TAMS 0x00000007e5d00000, 0x00000007e5c00000| Untracked 
|  93|0x00000007e5d00000, 0x00000007e5d00000, 0x00000007e5e00000|  0%| F|  |TAMS 0x00000007e5d00000, 0x00000007e5d00000| Untracked 
|  94|0x00000007e5e00000, 0x00000007e5f00000, 0x00000007e5f00000|100%| O|  |TAMS 0x00000007e5f00000, 0x00000007e5e00000| Untracked 
|  95|0x00000007e5f00000, 0x00000007e6000000, 0x00000007e6000000|100%| O|  |TAMS 0x00000007e6000000, 0x00000007e5f00000| Untracked 
|  96|0x00000007e6000000, 0x00000007e6000000, 0x00000007e6100000|  0%| F|  |TAMS 0x00000007e6000000, 0x00000007e6000000| Untracked 
|  97|0x00000007e6100000, 0x00000007e6100000, 0x00000007e6200000|  0%| F|  |TAMS 0x00000007e6100000, 0x00000007e6100000| Untracked 
|  98|0x00000007e6200000, 0x00000007e6200000, 0x00000007e6300000|  0%| F|  |TAMS 0x00000007e6200000, 0x00000007e6200000| Untracked 
|  99|0x00000007e6300000, 0x00000007e6400000, 0x00000007e6400000|100%| O|  |TAMS 0x00000007e6400000, 0x00000007e6300000| Untracked 
| 100|0x00000007e6400000, 0x00000007e6500000, 0x00000007e6500000|100%| O|  |TAMS 0x00000007e6500000, 0x00000007e6400000| Untracked 
| 101|0x00000007e6500000, 0x00000007e6600000, 0x00000007e6600000|100%| O|  |TAMS 0x00000007e6600000, 0x00000007e6500000| Untracked 
| 102|0x00000007e6600000, 0x00000007e6600000, 0x00000007e6700000|  0%| F|  |TAMS 0x00000007e6600000, 0x00000007e6600000| Untracked 
| 103|0x00000007e6700000, 0x00000007e6700000, 0x00000007e6800000|  0%| F|  |TAMS 0x00000007e6700000, 0x00000007e6700000| Untracked 
| 104|0x00000007e6800000, 0x00000007e6900000, 0x00000007e6900000|100%| O|  |TAMS 0x00000007e6900000, 0x00000007e6800000| Untracked 
| 105|0x00000007e6900000, 0x00000007e6a00000, 0x00000007e6a00000|100%| O|  |TAMS 0x00000007e6a00000, 0x00000007e6900000| Untracked 
| 106|0x00000007e6a00000, 0x00000007e6b00000, 0x00000007e6b00000|100%| O|  |TAMS 0x00000007e6b00000, 0x00000007e6a00000| Untracked 
| 107|0x00000007e6b00000, 0x00000007e6c00000, 0x00000007e6c00000|100%| O|  |TAMS 0x00000007e6c00000, 0x00000007e6b00000| Untracked 
| 108|0x00000007e6c00000, 0x00000007e6d00000, 0x00000007e6d00000|100%| O|  |TAMS 0x00000007e6d00000, 0x00000007e6c00000| Untracked 
| 109|0x00000007e6d00000, 0x00000007e6e00000, 0x00000007e6e00000|100%| O|  |TAMS 0x00000007e6e00000, 0x00000007e6d00000| Untracked 
| 110|0x00000007e6e00000, 0x00000007e6f00000, 0x00000007e6f00000|100%| O|  |TAMS 0x00000007e6f00000, 0x00000007e6e00000| Untracked 
| 111|0x00000007e6f00000, 0x00000007e6f00000, 0x00000007e7000000|  0%| F|  |TAMS 0x00000007e6f00000, 0x00000007e6f00000| Untracked 
| 112|0x00000007e7000000, 0x00000007e7100000, 0x00000007e7100000|100%| O|  |TAMS 0x00000007e7100000, 0x00000007e7000000| Untracked 
| 113|0x00000007e7100000, 0x00000007e7200000, 0x00000007e7200000|100%| O|  |TAMS 0x00000007e7200000, 0x00000007e7100000| Untracked 
| 114|0x00000007e7200000, 0x00000007e7300000, 0x00000007e7300000|100%| O|  |TAMS 0x00000007e7300000, 0x00000007e7200000| Untracked 
| 115|0x00000007e7300000, 0x00000007e7400000, 0x00000007e7400000|100%| O|  |TAMS 0x00000007e7400000, 0x00000007e7300000| Untracked 
| 116|0x00000007e7400000, 0x00000007e7500000, 0x00000007e7500000|100%| O|  |TAMS 0x00000007e7500000, 0x00000007e7400000| Untracked 
| 117|0x00000007e7500000, 0x00000007e7600000, 0x00000007e7600000|100%| O|  |TAMS 0x00000007e7600000, 0x00000007e7500000| Untracked 
| 118|0x00000007e7600000, 0x00000007e7700000, 0x00000007e7700000|100%| O|  |TAMS 0x00000007e7700000, 0x00000007e7600000| Untracked 
| 119|0x00000007e7700000, 0x00000007e7700000, 0x00000007e7800000|  0%| F|  |TAMS 0x00000007e7700000, 0x00000007e7700000| Untracked 
| 120|0x00000007e7800000, 0x00000007e7800000, 0x00000007e7900000|  0%| F|  |TAMS 0x00000007e7800000, 0x00000007e7800000| Untracked 
| 121|0x00000007e7900000, 0x00000007e7900000, 0x00000007e7a00000|  0%| F|  |TAMS 0x00000007e7900000, 0x00000007e7900000| Untracked 
| 122|0x00000007e7a00000, 0x00000007e7a00000, 0x00000007e7b00000|  0%| F|  |TAMS 0x00000007e7a00000, 0x00000007e7a00000| Untracked 
| 123|0x00000007e7b00000, 0x00000007e7c00000, 0x00000007e7c00000|100%| O|  |TAMS 0x00000007e7c00000, 0x00000007e7b00000| Untracked 
| 124|0x00000007e7c00000, 0x00000007e7d00000, 0x00000007e7d00000|100%| O|  |TAMS 0x00000007e7d00000, 0x00000007e7c00000| Untracked 
| 125|0x00000007e7d00000, 0x00000007e7e00000, 0x00000007e7e00000|100%| O|  |TAMS 0x00000007e7d3f400, 0x00000007e7d00000| Untracked 
| 126|0x00000007e7e00000, 0x00000007e7f00000, 0x00000007e7f00000|100%|HS|  |TAMS 0x00000007e7e00000, 0x00000007e7e00000| Complete 
| 127|0x00000007e7f00000, 0x00000007e8000000, 0x00000007e8000000|100%| O|  |TAMS 0x00000007e7f00000, 0x00000007e7f00000| Untracked 
| 128|0x00000007e8000000, 0x00000007e8100000, 0x00000007e8100000|100%| O|  |TAMS 0x00000007e8000000, 0x00000007e8000000| Untracked 
| 129|0x00000007e8100000, 0x00000007e8200000, 0x00000007e8200000|100%| O|  |TAMS 0x00000007e8100000, 0x00000007e8100000| Untracked 
| 130|0x00000007e8200000, 0x00000007e8300000, 0x00000007e8300000|100%| O|  |TAMS 0x00000007e8200000, 0x00000007e8200000| Untracked 
| 131|0x00000007e8300000, 0x00000007e8400000, 0x00000007e8400000|100%| O|  |TAMS 0x00000007e8300000, 0x00000007e8300000| Untracked 
| 132|0x00000007e8400000, 0x00000007e8500000, 0x00000007e8500000|100%| O|  |TAMS 0x00000007e8400000, 0x00000007e8400000| Untracked 
| 133|0x00000007e8500000, 0x00000007e8600000, 0x00000007e8600000|100%| O|  |TAMS 0x00000007e8500000, 0x00000007e8500000| Untracked 
| 134|0x00000007e8600000, 0x00000007e8700000, 0x00000007e8700000|100%| O|  |TAMS 0x00000007e8600000, 0x00000007e8600000| Untracked 
| 135|0x00000007e8700000, 0x00000007e8800000, 0x00000007e8800000|100%| O|  |TAMS 0x00000007e8700000, 0x00000007e8700000| Untracked 
| 136|0x00000007e8800000, 0x00000007e8817c00, 0x00000007e8900000|  9%| O|  |TAMS 0x00000007e8800000, 0x00000007e8800000| Untracked 
| 137|0x00000007e8900000, 0x00000007e8900000, 0x00000007e8a00000|  0%| F|  |TAMS 0x00000007e8900000, 0x00000007e8900000| Untracked 
| 138|0x00000007e8a00000, 0x00000007e8a00000, 0x00000007e8b00000|  0%| F|  |TAMS 0x00000007e8a00000, 0x00000007e8a00000| Untracked 
| 139|0x00000007e8b00000, 0x00000007e8b00000, 0x00000007e8c00000|  0%| F|  |TAMS 0x00000007e8b00000, 0x00000007e8b00000| Untracked 
| 140|0x00000007e8c00000, 0x00000007e8c00000, 0x00000007e8d00000|  0%| F|  |TAMS 0x00000007e8c00000, 0x00000007e8c00000| Untracked 
| 141|0x00000007e8d00000, 0x00000007e8d00000, 0x00000007e8e00000|  0%| F|  |TAMS 0x00000007e8d00000, 0x00000007e8d00000| Untracked 
| 142|0x00000007e8e00000, 0x00000007e8e00000, 0x00000007e8f00000|  0%| F|  |TAMS 0x00000007e8e00000, 0x00000007e8e00000| Untracked 
| 143|0x00000007e8f00000, 0x00000007e8f00000, 0x00000007e9000000|  0%| F|  |TAMS 0x00000007e8f00000, 0x00000007e8f00000| Untracked 
| 144|0x00000007e9000000, 0x00000007e9000000, 0x00000007e9100000|  0%| F|  |TAMS 0x00000007e9000000, 0x00000007e9000000| Untracked 
| 145|0x00000007e9100000, 0x00000007e9100000, 0x00000007e9200000|  0%| F|  |TAMS 0x00000007e9100000, 0x00000007e9100000| Untracked 
| 146|0x00000007e9200000, 0x00000007e9200000, 0x00000007e9300000|  0%| F|  |TAMS 0x00000007e9200000, 0x00000007e9200000| Untracked 
| 147|0x00000007e9300000, 0x00000007e9300000, 0x00000007e9400000|  0%| F|  |TAMS 0x00000007e9300000, 0x00000007e9300000| Untracked 
| 148|0x00000007e9400000, 0x00000007e9400000, 0x00000007e9500000|  0%| F|  |TAMS 0x00000007e9400000, 0x00000007e9400000| Untracked 
| 149|0x00000007e9500000, 0x00000007e9500000, 0x00000007e9600000|  0%| F|  |TAMS 0x00000007e9500000, 0x00000007e9500000| Untracked 
| 150|0x00000007e9600000, 0x00000007e9600000, 0x00000007e9700000|  0%| F|  |TAMS 0x00000007e9600000, 0x00000007e9600000| Untracked 
| 151|0x00000007e9700000, 0x00000007e9700000, 0x00000007e9800000|  0%| F|  |TAMS 0x00000007e9700000, 0x00000007e9700000| Untracked 
| 152|0x00000007e9800000, 0x00000007e9800000, 0x00000007e9900000|  0%| F|  |TAMS 0x00000007e9800000, 0x00000007e9800000| Untracked 
| 153|0x00000007e9900000, 0x00000007e9900000, 0x00000007e9a00000|  0%| F|  |TAMS 0x00000007e9900000, 0x00000007e9900000| Untracked 
| 154|0x00000007e9a00000, 0x00000007e9a00000, 0x00000007e9b00000|  0%| F|  |TAMS 0x00000007e9a00000, 0x00000007e9a00000| Untracked 
| 155|0x00000007e9b00000, 0x00000007e9b00000, 0x00000007e9c00000|  0%| F|  |TAMS 0x00000007e9b00000, 0x00000007e9b00000| Untracked 
| 156|0x00000007e9c00000, 0x00000007e9c00000, 0x00000007e9d00000|  0%| F|  |TAMS 0x00000007e9c00000, 0x00000007e9c00000| Untracked 
| 157|0x00000007e9d00000, 0x00000007e9d00000, 0x00000007e9e00000|  0%| F|  |TAMS 0x00000007e9d00000, 0x00000007e9d00000| Untracked 
| 158|0x00000007e9e00000, 0x00000007e9e00000, 0x00000007e9f00000|  0%| F|  |TAMS 0x00000007e9e00000, 0x00000007e9e00000| Untracked 
| 159|0x00000007e9f00000, 0x00000007e9f00000, 0x00000007ea000000|  0%| F|  |TAMS 0x00000007e9f00000, 0x00000007e9f00000| Untracked 
| 160|0x00000007ea000000, 0x00000007ea000000, 0x00000007ea100000|  0%| F|  |TAMS 0x00000007ea000000, 0x00000007ea000000| Untracked 
| 161|0x00000007ea100000, 0x00000007ea100000, 0x00000007ea200000|  0%| F|  |TAMS 0x00000007ea100000, 0x00000007ea100000| Untracked 
| 162|0x00000007ea200000, 0x00000007ea200000, 0x00000007ea300000|  0%| F|  |TAMS 0x00000007ea200000, 0x00000007ea200000| Untracked 
| 163|0x00000007ea300000, 0x00000007ea300000, 0x00000007ea400000|  0%| F|  |TAMS 0x00000007ea300000, 0x00000007ea300000| Untracked 
| 164|0x00000007ea400000, 0x00000007ea400000, 0x00000007ea500000|  0%| F|  |TAMS 0x00000007ea400000, 0x00000007ea400000| Untracked 
| 165|0x00000007ea500000, 0x00000007ea500000, 0x00000007ea600000|  0%| F|  |TAMS 0x00000007ea500000, 0x00000007ea500000| Untracked 
| 166|0x00000007ea600000, 0x00000007ea600000, 0x00000007ea700000|  0%| F|  |TAMS 0x00000007ea600000, 0x00000007ea600000| Untracked 
| 167|0x00000007ea700000, 0x00000007ea700000, 0x00000007ea800000|  0%| F|  |TAMS 0x00000007ea700000, 0x00000007ea700000| Untracked 
| 168|0x00000007ea800000, 0x00000007ea800000, 0x00000007ea900000|  0%| F|  |TAMS 0x00000007ea800000, 0x00000007ea800000| Untracked 
| 169|0x00000007ea900000, 0x00000007ea900000, 0x00000007eaa00000|  0%| F|  |TAMS 0x00000007ea900000, 0x00000007ea900000| Untracked 
| 170|0x00000007eaa00000, 0x00000007eaa00000, 0x00000007eab00000|  0%| F|  |TAMS 0x00000007eaa00000, 0x00000007eaa00000| Untracked 
| 171|0x00000007eab00000, 0x00000007eab00000, 0x00000007eac00000|  0%| F|  |TAMS 0x00000007eab00000, 0x00000007eab00000| Untracked 
| 172|0x00000007eac00000, 0x00000007eac00000, 0x00000007ead00000|  0%| F|  |TAMS 0x00000007eac00000, 0x00000007eac00000| Untracked 
| 173|0x00000007ead00000, 0x00000007ead00000, 0x00000007eae00000|  0%| F|  |TAMS 0x00000007ead00000, 0x00000007ead00000| Untracked 
| 174|0x00000007eae00000, 0x00000007eae00000, 0x00000007eaf00000|  0%| F|  |TAMS 0x00000007eae00000, 0x00000007eae00000| Untracked 
| 175|0x00000007eaf00000, 0x00000007eaf00000, 0x00000007eb000000|  0%| F|  |TAMS 0x00000007eaf00000, 0x00000007eaf00000| Untracked 
| 176|0x00000007eb000000, 0x00000007eb000000, 0x00000007eb100000|  0%| F|  |TAMS 0x00000007eb000000, 0x00000007eb000000| Untracked 
| 177|0x00000007eb100000, 0x00000007eb100000, 0x00000007eb200000|  0%| F|  |TAMS 0x00000007eb100000, 0x00000007eb100000| Untracked 
| 178|0x00000007eb200000, 0x00000007eb200000, 0x00000007eb300000|  0%| F|  |TAMS 0x00000007eb200000, 0x00000007eb200000| Untracked 
| 179|0x00000007eb300000, 0x00000007eb384518, 0x00000007eb400000| 51%| E|  |TAMS 0x00000007eb300000, 0x00000007eb300000| Complete 
| 180|0x00000007eb400000, 0x00000007eb500000, 0x00000007eb500000|100%| E|CS|TAMS 0x00000007eb400000, 0x00000007eb400000| Complete 
| 181|0x00000007eb500000, 0x00000007eb600000, 0x00000007eb600000|100%| E|CS|TAMS 0x00000007eb500000, 0x00000007eb500000| Complete 
| 182|0x00000007eb600000, 0x00000007eb700000, 0x00000007eb700000|100%| E|CS|TAMS 0x00000007eb600000, 0x00000007eb600000| Complete 
| 183|0x00000007eb700000, 0x00000007eb800000, 0x00000007eb800000|100%| E|CS|TAMS 0x00000007eb700000, 0x00000007eb700000| Complete 
| 184|0x00000007eb800000, 0x00000007eb900000, 0x00000007eb900000|100%| E|CS|TAMS 0x00000007eb800000, 0x00000007eb800000| Complete 
| 185|0x00000007eb900000, 0x00000007eba00000, 0x00000007eba00000|100%| E|CS|TAMS 0x00000007eb900000, 0x00000007eb900000| Complete 
| 186|0x00000007eba00000, 0x00000007ebb00000, 0x00000007ebb00000|100%| E|CS|TAMS 0x00000007eba00000, 0x00000007eba00000| Complete 
| 187|0x00000007ebb00000, 0x00000007ebc00000, 0x00000007ebc00000|100%| E|CS|TAMS 0x00000007ebb00000, 0x00000007ebb00000| Complete 
| 188|0x00000007ebc00000, 0x00000007ebd00000, 0x00000007ebd00000|100%| E|CS|TAMS 0x00000007ebc00000, 0x00000007ebc00000| Complete 
| 189|0x00000007ebd00000, 0x00000007ebe00000, 0x00000007ebe00000|100%| E|CS|TAMS 0x00000007ebd00000, 0x00000007ebd00000| Complete 
| 190|0x00000007ebe00000, 0x00000007ebf00000, 0x00000007ebf00000|100%| E|CS|TAMS 0x00000007ebe00000, 0x00000007ebe00000| Complete 
| 191|0x00000007ebf00000, 0x00000007ec000000, 0x00000007ec000000|100%| E|CS|TAMS 0x00000007ebf00000, 0x00000007ebf00000| Complete 
| 192|0x00000007ec000000, 0x00000007ec100000, 0x00000007ec100000|100%| E|CS|TAMS 0x00000007ec000000, 0x00000007ec000000| Complete 
| 193|0x00000007ec100000, 0x00000007ec200000, 0x00000007ec200000|100%| E|CS|TAMS 0x00000007ec100000, 0x00000007ec100000| Complete 
| 194|0x00000007ec200000, 0x00000007ec300000, 0x00000007ec300000|100%| E|CS|TAMS 0x00000007ec200000, 0x00000007ec200000| Complete 
| 195|0x00000007ec300000, 0x00000007ec400000, 0x00000007ec400000|100%| E|CS|TAMS 0x00000007ec300000, 0x00000007ec300000| Complete 
| 196|0x00000007ec400000, 0x00000007ec500000, 0x00000007ec500000|100%| E|CS|TAMS 0x00000007ec400000, 0x00000007ec400000| Complete 
| 197|0x00000007ec500000, 0x00000007ec600000, 0x00000007ec600000|100%| E|CS|TAMS 0x00000007ec500000, 0x00000007ec500000| Complete 
| 198|0x00000007ec600000, 0x00000007ec700000, 0x00000007ec700000|100%| E|CS|TAMS 0x00000007ec600000, 0x00000007ec600000| Complete 
| 199|0x00000007ec700000, 0x00000007ec800000, 0x00000007ec800000|100%| E|CS|TAMS 0x00000007ec700000, 0x00000007ec700000| Complete 
| 200|0x00000007ec800000, 0x00000007ec900000, 0x00000007ec900000|100%| E|CS|TAMS 0x00000007ec800000, 0x00000007ec800000| Complete 
| 201|0x00000007ec900000, 0x00000007eca00000, 0x00000007eca00000|100%| E|CS|TAMS 0x00000007ec900000, 0x00000007ec900000| Complete 
| 202|0x00000007eca00000, 0x00000007ecb00000, 0x00000007ecb00000|100%| E|CS|TAMS 0x00000007eca00000, 0x00000007eca00000| Complete 
| 203|0x00000007ecb00000, 0x00000007ecc00000, 0x00000007ecc00000|100%| E|CS|TAMS 0x00000007ecb00000, 0x00000007ecb00000| Complete 
| 204|0x00000007ecc00000, 0x00000007ecd00000, 0x00000007ecd00000|100%| E|CS|TAMS 0x00000007ecc00000, 0x00000007ecc00000| Complete 
| 205|0x00000007ecd00000, 0x00000007ece00000, 0x00000007ece00000|100%| E|CS|TAMS 0x00000007ecd00000, 0x00000007ecd00000| Complete 
| 206|0x00000007ece00000, 0x00000007ecf00000, 0x00000007ecf00000|100%| E|CS|TAMS 0x00000007ece00000, 0x00000007ece00000| Complete 
| 207|0x00000007ecf00000, 0x00000007ed000000, 0x00000007ed000000|100%| E|CS|TAMS 0x00000007ecf00000, 0x00000007ecf00000| Complete 
| 208|0x00000007ed000000, 0x00000007ed100000, 0x00000007ed100000|100%| E|CS|TAMS 0x00000007ed000000, 0x00000007ed000000| Complete 
| 209|0x00000007ed100000, 0x00000007ed200000, 0x00000007ed200000|100%| E|CS|TAMS 0x00000007ed100000, 0x00000007ed100000| Complete 
| 210|0x00000007ed200000, 0x00000007ed300000, 0x00000007ed300000|100%| E|CS|TAMS 0x00000007ed200000, 0x00000007ed200000| Complete 
| 211|0x00000007ed300000, 0x00000007ed400000, 0x00000007ed400000|100%| E|CS|TAMS 0x00000007ed300000, 0x00000007ed300000| Complete 
| 212|0x00000007ed400000, 0x00000007ed500000, 0x00000007ed500000|100%| E|CS|TAMS 0x00000007ed400000, 0x00000007ed400000| Complete 
| 213|0x00000007ed500000, 0x00000007ed600000, 0x00000007ed600000|100%| E|CS|TAMS 0x00000007ed500000, 0x00000007ed500000| Complete 
| 214|0x00000007ed600000, 0x00000007ed700000, 0x00000007ed700000|100%| E|CS|TAMS 0x00000007ed600000, 0x00000007ed600000| Complete 
| 215|0x00000007ed700000, 0x00000007ed800000, 0x00000007ed800000|100%| E|CS|TAMS 0x00000007ed700000, 0x00000007ed700000| Complete 
| 216|0x00000007ed800000, 0x00000007ed900000, 0x00000007ed900000|100%| E|CS|TAMS 0x00000007ed800000, 0x00000007ed800000| Complete 
| 217|0x00000007ed900000, 0x00000007eda00000, 0x00000007eda00000|100%| E|CS|TAMS 0x00000007ed900000, 0x00000007ed900000| Complete 
| 218|0x00000007eda00000, 0x00000007edb00000, 0x00000007edb00000|100%| E|CS|TAMS 0x00000007eda00000, 0x00000007eda00000| Complete 
| 219|0x00000007edb00000, 0x00000007edc00000, 0x00000007edc00000|100%| E|CS|TAMS 0x00000007edb00000, 0x00000007edb00000| Complete 
| 220|0x00000007edc00000, 0x00000007edd00000, 0x00000007edd00000|100%| E|CS|TAMS 0x00000007edc00000, 0x00000007edc00000| Complete 
| 221|0x00000007edd00000, 0x00000007ede00000, 0x00000007ede00000|100%| E|CS|TAMS 0x00000007edd00000, 0x00000007edd00000| Complete 
| 222|0x00000007ede00000, 0x00000007edf00000, 0x00000007edf00000|100%| E|CS|TAMS 0x00000007ede00000, 0x00000007ede00000| Complete 
| 223|0x00000007edf00000, 0x00000007ee000000, 0x00000007ee000000|100%| E|CS|TAMS 0x00000007edf00000, 0x00000007edf00000| Complete 
| 224|0x00000007ee000000, 0x00000007ee100000, 0x00000007ee100000|100%| E|CS|TAMS 0x00000007ee000000, 0x00000007ee000000| Complete 
| 225|0x00000007ee100000, 0x00000007ee200000, 0x00000007ee200000|100%| E|CS|TAMS 0x00000007ee100000, 0x00000007ee100000| Complete 
| 226|0x00000007ee200000, 0x00000007ee300000, 0x00000007ee300000|100%| E|CS|TAMS 0x00000007ee200000, 0x00000007ee200000| Complete 
| 227|0x00000007ee300000, 0x00000007ee400000, 0x00000007ee400000|100%| E|CS|TAMS 0x00000007ee300000, 0x00000007ee300000| Complete 
| 228|0x00000007ee400000, 0x00000007ee500000, 0x00000007ee500000|100%| E|CS|TAMS 0x00000007ee400000, 0x00000007ee400000| Complete 
| 229|0x00000007ee500000, 0x00000007ee600000, 0x00000007ee600000|100%| E|CS|TAMS 0x00000007ee500000, 0x00000007ee500000| Complete 
| 230|0x00000007ee600000, 0x00000007ee700000, 0x00000007ee700000|100%| E|CS|TAMS 0x00000007ee600000, 0x00000007ee600000| Complete 
| 231|0x00000007ee700000, 0x00000007ee800000, 0x00000007ee800000|100%| E|CS|TAMS 0x00000007ee700000, 0x00000007ee700000| Complete 
| 232|0x00000007ee800000, 0x00000007ee900000, 0x00000007ee900000|100%| E|CS|TAMS 0x00000007ee800000, 0x00000007ee800000| Complete 
| 233|0x00000007ee900000, 0x00000007eea00000, 0x00000007eea00000|100%| E|CS|TAMS 0x00000007ee900000, 0x00000007ee900000| Complete 
| 234|0x00000007eea00000, 0x00000007eeb00000, 0x00000007eeb00000|100%| E|CS|TAMS 0x00000007eea00000, 0x00000007eea00000| Complete 
| 235|0x00000007eeb00000, 0x00000007eec00000, 0x00000007eec00000|100%| E|CS|TAMS 0x00000007eeb00000, 0x00000007eeb00000| Complete 
| 236|0x00000007eec00000, 0x00000007eed00000, 0x00000007eed00000|100%| E|CS|TAMS 0x00000007eec00000, 0x00000007eec00000| Complete 
| 237|0x00000007eed00000, 0x00000007eee00000, 0x00000007eee00000|100%| E|CS|TAMS 0x00000007eed00000, 0x00000007eed00000| Complete 
| 238|0x00000007eee00000, 0x00000007eef00000, 0x00000007eef00000|100%| E|CS|TAMS 0x00000007eee00000, 0x00000007eee00000| Complete 
| 239|0x00000007eef00000, 0x00000007ef000000, 0x00000007ef000000|100%| E|CS|TAMS 0x00000007eef00000, 0x00000007eef00000| Complete 
| 240|0x00000007ef000000, 0x00000007ef100000, 0x00000007ef100000|100%| E|CS|TAMS 0x00000007ef000000, 0x00000007ef000000| Complete 
| 241|0x00000007ef100000, 0x00000007ef200000, 0x00000007ef200000|100%| E|CS|TAMS 0x00000007ef100000, 0x00000007ef100000| Complete 
| 242|0x00000007ef200000, 0x00000007ef300000, 0x00000007ef300000|100%| E|CS|TAMS 0x00000007ef200000, 0x00000007ef200000| Complete 
| 243|0x00000007ef300000, 0x00000007ef400000, 0x00000007ef400000|100%| E|CS|TAMS 0x00000007ef300000, 0x00000007ef300000| Complete 
| 244|0x00000007ef400000, 0x00000007ef500000, 0x00000007ef500000|100%| E|CS|TAMS 0x00000007ef400000, 0x00000007ef400000| Complete 
| 245|0x00000007ef500000, 0x00000007ef600000, 0x00000007ef600000|100%| E|CS|TAMS 0x00000007ef500000, 0x00000007ef500000| Complete 
| 246|0x00000007ef600000, 0x00000007ef700000, 0x00000007ef700000|100%| E|CS|TAMS 0x00000007ef600000, 0x00000007ef600000| Complete 
| 247|0x00000007ef700000, 0x00000007ef800000, 0x00000007ef800000|100%| E|CS|TAMS 0x00000007ef700000, 0x00000007ef700000| Complete 
| 248|0x00000007ef800000, 0x00000007ef900000, 0x00000007ef900000|100%| E|CS|TAMS 0x00000007ef800000, 0x00000007ef800000| Complete 
| 249|0x00000007ef900000, 0x00000007efa00000, 0x00000007efa00000|100%| E|CS|TAMS 0x00000007ef900000, 0x00000007ef900000| Complete 
| 250|0x00000007efa00000, 0x00000007efb00000, 0x00000007efb00000|100%| E|CS|TAMS 0x00000007efa00000, 0x00000007efa00000| Complete 
| 251|0x00000007efb00000, 0x00000007efc00000, 0x00000007efc00000|100%| E|CS|TAMS 0x00000007efb00000, 0x00000007efb00000| Complete 
| 252|0x00000007efc00000, 0x00000007efd00000, 0x00000007efd00000|100%| E|CS|TAMS 0x00000007efc00000, 0x00000007efc00000| Complete 
| 253|0x00000007efd00000, 0x00000007efd2b328, 0x00000007efe00000| 16%| S|CS|TAMS 0x00000007efd00000, 0x00000007efd00000| Complete 
| 254|0x00000007efe00000, 0x00000007eff00000, 0x00000007eff00000|100%| S|CS|TAMS 0x00000007efe00000, 0x00000007efe00000| Complete 
| 255|0x00000007eff00000, 0x00000007f0000000, 0x00000007f0000000|100%| E|CS|TAMS 0x00000007eff00000, 0x00000007eff00000| Complete 
| 256|0x00000007f0000000, 0x00000007f0100000, 0x00000007f0100000|100%| E|CS|TAMS 0x00000007f0000000, 0x00000007f0000000| Complete 
| 257|0x00000007f0100000, 0x00000007f0200000, 0x00000007f0200000|100%| E|CS|TAMS 0x00000007f0100000, 0x00000007f0100000| Complete 
| 258|0x00000007f0200000, 0x00000007f0300000, 0x00000007f0300000|100%| E|CS|TAMS 0x00000007f0200000, 0x00000007f0200000| Complete 

Card table byte_map: [0x0000000111100000,0x0000000111200000] _byte_map_base: 0x000000010d200000

Marking Bits (Prev, Next): (CMBitMap*) 0x00007ff1a1824a50, (CMBitMap*) 0x00007ff1a1824a18
 Prev Bits: [0x000000012a380000, 0x000000012ab80000)
 Next Bits: [0x0000000129b80000, 0x000000012a380000)

Polling page: 0x000000010cd41000

Metaspace:

Usage:
  Non-class:     82.24 MB capacity,    80.03 MB ( 97%) used,     1.85 MB (  2%) free+waste,   363.69 KB ( <1%) overhead. 
      Class:     13.16 MB capacity,    11.89 MB ( 90%) used,     1.10 MB (  8%) free+waste,   171.06 KB (  1%) overhead. 
       Both:     95.39 MB capacity,    91.92 MB ( 96%) used,     2.95 MB (  3%) free+waste,   534.75 KB ( <1%) overhead. 

Virtual space:
  Non-class space:       84.00 MB reserved,      82.75 MB ( 99%) committed 
      Class space:      376.00 MB reserved,      13.25 MB (  4%) committed 
             Both:      460.00 MB reserved,      96.00 MB ( 21%) committed 

Chunk freelists:
   Non-Class:  307.00 KB
       Class:  29.00 KB
        Both:  336.00 KB

MaxMetaspaceSize: 384.00 MB
CompressedClassSpaceSize: 376.00 MB
Initial GC threshold: 20.80 MB
Current GC threshold: 154.79 MB
CDS: off

CodeHeap 'non-profiled nmethods': size=120032Kb used=7152Kb max_used=7152Kb free=112879Kb
 bounds [0x0000000122648000, 0x0000000122d48000, 0x0000000129b80000]
CodeHeap 'profiled nmethods': size=120028Kb used=24894Kb max_used=24894Kb free=95133Kb
 bounds [0x000000011b111000, 0x000000011c961000, 0x0000000122648000]
CodeHeap 'non-nmethods': size=5700Kb used=2375Kb max_used=2421Kb free=3324Kb
 bounds [0x000000011ab80000, 0x000000011adf0000, 0x000000011b111000]
 total_blobs=12785 nmethods=11889 adapters=807
 compilation: enabled
              stopped_count=0, restarted_count=0
 full_count=0

Compilation events (20 events):
Event: 649.032 Thread 0x00007ff1a18ed000 12161       2       java.lang.ClassValue$Entry::isLive (26 bytes)
Event: 649.032 Thread 0x00007ff1a18ed000 nmethod 12161 0x000000011c941490 code [0x000000011c941640, 0x000000011c941850]
Event: 649.033 Thread 0x00007ff1a18ed000 12162       2       java.io.ObjectStreamField::<init> (64 bytes)
Event: 649.033 Thread 0x00007ff1a18ed000 nmethod 12162 0x000000011c941990 code [0x000000011c941ba0, 0x000000011c941fc0]
Event: 649.043 Thread 0x00007ff1a18ed000 12164       2       org.gradle.api.internal.file.collections.UnpackingVisitor::add (363 bytes)
Event: 649.044 Thread 0x00007ff1a18ed000 nmethod 12164 0x000000011c942190 code [0x000000011c942520, 0x000000011c943d30]
Event: 649.045 Thread 0x00007ff1a18ed000 12165   !   2       java.util.concurrent.FutureTask::run (123 bytes)
Event: 649.047 Thread 0x00007ff1a18ed000 nmethod 12165 0x000000011c944310 code [0x000000011c944620, 0x000000011c945420]
Event: 649.047 Thread 0x00007ff1a18ed000 12166       2       java.util.concurrent.FutureTask::finishCompletion (71 bytes)
Event: 649.047 Thread 0x00007ff1a18ed000 nmethod 12166 0x000000011c945c90 code [0x000000011c945ec0, 0x000000011c946540]
Event: 649.047 Thread 0x00007ff1a18ed000 12167       2       org.gradle.cache.internal.DefaultMultiProcessSafeIndexedCache$$Lambda$314/0x000000080041b440::create (12 bytes)
Event: 649.047 Thread 0x00007ff1a18ed000 nmethod 12167 0x000000011c946890 code [0x000000011c946a40, 0x000000011c946b60]
Event: 649.047 Thread 0x00007ff1a18ed000 12168       2       org.gradle.cache.internal.DefaultMultiProcessSafeIndexedCache::lambda$getIfPresent$0 (6 bytes)
Event: 649.048 Thread 0x00007ff1a18ed000 nmethod 12168 0x000000011c946c90 code [0x000000011c946e40, 0x000000011c946f40]
Event: 649.048 Thread 0x00007ff1a18ed000 12169   !   2       org.gradle.cache.internal.btree.BTreePersistentIndexedCache::get (57 bytes)
Event: 649.049 Thread 0x00007ff1a18ed000 nmethod 12169 0x000000011c947010 code [0x000000011c947340, 0x000000011c948220]
Event: 649.049 Thread 0x00007ff1a18ed000 12170       2       org.gradle.cache.internal.btree.BTreePersistentIndexedCache$IndexBlock::get (38 bytes)
Event: 649.049 Thread 0x00007ff1a18ed000 nmethod 12170 0x000000011c948d10 code [0x000000011c948f20, 0x000000011c9491c0]
Event: 649.049 Thread 0x00007ff1a18ed000 12171       2       org.gradle.cache.internal.btree.BTreePersistentIndexedCache$IndexBlock::find (18 bytes)
Event: 649.050 Thread 0x00007ff1a18ed000 nmethod 12171 0x000000011c949510 code [0x000000011c949700, 0x000000011c9498d0]

GC Heap History (20 events):
Event: 19.377 GC heap before
{Heap before GC invocations=57 (full 0):
 garbage-first heap   total 265216K, used 226972K [0x00000007e0000000, 0x0000000800000000)
  region size 1024K, 144 young (147456K), 4 survivors (4096K)
 Metaspace       used 58280K, capacity 60221K, committed 60672K, reserved 438272K
  class space    used 7512K, capacity 8263K, committed 8448K, reserved 385024K
}
Event: 19.379 GC heap after
{Heap after GC invocations=58 (full 0):
 garbage-first heap   total 265216K, used 83703K [0x00000007e0000000, 0x0000000800000000)
  region size 1024K, 8 young (8192K), 8 survivors (8192K)
 Metaspace       used 58280K, capacity 60221K, committed 60672K, reserved 438272K
  class space    used 7512K, capacity 8263K, committed 8448K, reserved 385024K
}
Event: 19.971 GC heap before
{Heap before GC invocations=58 (full 0):
 garbage-first heap   total 265216K, used 229111K [0x00000007e0000000, 0x0000000800000000)
  region size 1024K, 144 young (147456K), 8 survivors (8192K)
 Metaspace       used 62482K, capacity 64763K, committed 65152K, reserved 442368K
  class space    used 7980K, capacity 8771K, committed 8832K, reserved 385024K
}
Event: 19.976 GC heap after
{Heap after GC invocations=59 (full 0):
 garbage-first heap   total 265216K, used 92095K [0x00000007e0000000, 0x0000000800000000)
  region size 1024K, 11 young (11264K), 11 survivors (11264K)
 Metaspace       used 62482K, capacity 64763K, committed 65152K, reserved 442368K
  class space    used 7980K, capacity 8771K, committed 8832K, reserved 385024K
}
Event: 20.843 GC heap before
{Heap before GC invocations=59 (full 0):
 garbage-first heap   total 265216K, used 225215K [0x00000007e0000000, 0x0000000800000000)
  region size 1024K, 141 young (144384K), 11 survivors (11264K)
 Metaspace       used 69297K, capacity 71960K, committed 72320K, reserved 448512K
  class space    used 9079K, capacity 9989K, committed 10112K, reserved 385024K
}
Event: 20.851 GC heap after
{Heap after GC invocations=60 (full 0):
 garbage-first heap   total 265216K, used 96634K [0x00000007e0000000, 0x0000000800000000)
  region size 1024K, 12 young (12288K), 12 survivors (12288K)
 Metaspace       used 69297K, capacity 71960K, committed 72320K, reserved 448512K
  class space    used 9079K, capacity 9989K, committed 10112K, reserved 385024K
}
Event: 21.707 GC heap before
{Heap before GC invocations=60 (full 0):
 garbage-first heap   total 265216K, used 238970K [0x00000007e0000000, 0x0000000800000000)
  region size 1024K, 138 young (141312K), 12 survivors (12288K)
 Metaspace       used 76880K, capacity 79950K, committed 80256K, reserved 454656K
  class space    used 10165K, capacity 11266K, committed 11392K, reserved 385024K
}
Event: 21.719 GC heap after
{Heap after GC invocations=61 (full 0):
 garbage-first heap   total 265216K, used 118559K [0x00000007e0000000, 0x0000000800000000)
  region size 1024K, 16 young (16384K), 16 survivors (16384K)
 Metaspace       used 76880K, capacity 79950K, committed 80256K, reserved 454656K
  class space    used 10165K, capacity 11266K, committed 11392K, reserved 385024K
}
Event: 25.697 GC heap before
{Heap before GC invocations=61 (full 0):
 garbage-first heap   total 265216K, used 220959K [0x00000007e0000000, 0x0000000800000000)
  region size 1024K, 116 young (118784K), 16 survivors (16384K)
 Metaspace       used 87918K, capacity 91171K, committed 91264K, reserved 464896K
  class space    used 11455K, capacity 12623K, committed 12672K, reserved 385024K
}
Event: 25.709 GC heap after
{Heap after GC invocations=62 (full 0):
 garbage-first heap   total 265216K, used 124348K [0x00000007e0000000, 0x0000000800000000)
  region size 1024K, 14 young (14336K), 14 survivors (14336K)
 Metaspace       used 87918K, capacity 91171K, committed 91264K, reserved 464896K
  class space    used 11455K, capacity 12623K, committed 12672K, reserved 385024K
}
Event: 647.452 GC heap before
{Heap before GC invocations=62 (full 0):
 garbage-first heap   total 265216K, used 223676K [0x00000007e0000000, 0x0000000800000000)
  region size 1024K, 111 young (113664K), 14 survivors (14336K)
 Metaspace       used 90642K, capacity 94095K, committed 94208K, reserved 466944K
  class space    used 11795K, capacity 13010K, committed 13056K, reserved 385024K
}
Event: 647.606 GC heap after
{Heap after GC invocations=63 (full 0):
 garbage-first heap   total 265216K, used 128760K [0x00000007e0000000, 0x0000000800000000)
  region size 1024K, 10 young (10240K), 10 survivors (10240K)
 Metaspace       used 90642K, capacity 94095K, committed 94208K, reserved 466944K
  class space    used 11795K, capacity 13010K, committed 13056K, reserved 385024K
}
Event: 648.003 GC heap before
{Heap before GC invocations=63 (full 0):
 garbage-first heap   total 265216K, used 226040K [0x00000007e0000000, 0x0000000800000000)
  region size 1024K, 105 young (107520K), 10 survivors (10240K)
 Metaspace       used 90882K, capacity 94302K, committed 94464K, reserved 466944K
  class space    used 11801K, capacity 13013K, committed 13056K, reserved 385024K
}
Event: 648.018 GC heap after
{Heap after GC invocations=64 (full 0):
 garbage-first heap   total 265216K, used 133448K [0x00000007e0000000, 0x0000000800000000)
  region size 1024K, 9 young (9216K), 9 survivors (9216K)
 Metaspace       used 90882K, capacity 94302K, committed 94464K, reserved 466944K
  class space    used 11801K, capacity 13013K, committed 13056K, reserved 385024K
}
Event: 648.252 GC heap before
{Heap before GC invocations=64 (full 0):
 garbage-first heap   total 265216K, used 188744K [0x00000007e0000000, 0x0000000800000000)
  region size 1024K, 64 young (65536K), 9 survivors (9216K)
 Metaspace       used 91458K, capacity 94884K, committed 95104K, reserved 466944K
  class space    used 11850K, capacity 13075K, committed 13184K, reserved 385024K
}
Event: 648.266 GC heap after
{Heap after GC invocations=65 (full 0):
 garbage-first heap   total 265216K, used 136030K [0x00000007e0000000, 0x0000000800000000)
  region size 1024K, 8 young (8192K), 8 survivors (8192K)
 Metaspace       used 91458K, capacity 94884K, committed 95104K, reserved 466944K
  class space    used 11850K, capacity 13075K, committed 13184K, reserved 385024K
}
Event: 648.730 GC heap before
{Heap before GC invocations=66 (full 0):
 garbage-first heap   total 265216K, used 218974K [0x00000007e0000000, 0x0000000800000000)
  region size 1024K, 93 young (95232K), 8 survivors (8192K)
 Metaspace       used 91262K, capacity 94488K, committed 95616K, reserved 468992K
  class space    used 11743K, capacity 12885K, committed 13184K, reserved 385024K
}
Event: 648.745 GC heap after
{Heap after GC invocations=67 (full 0):
 garbage-first heap   total 265216K, used 137015K [0x00000007e0000000, 0x0000000800000000)
  region size 1024K, 8 young (8192K), 8 survivors (8192K)
 Metaspace       used 91262K, capacity 94488K, committed 95616K, reserved 468992K
  class space    used 11743K, capacity 12885K, committed 13184K, reserved 385024K
}
Event: 648.751 GC heap before
{Heap before GC invocations=67 (full 0):
 garbage-first heap   total 265216K, used 141111K [0x00000007e0000000, 0x0000000800000000)
  region size 1024K, 12 young (12288K), 8 survivors (8192K)
 Metaspace       used 91264K, capacity 94488K, committed 95616K, reserved 468992K
  class space    used 11743K, capacity 12885K, committed 13184K, reserved 385024K
}
Event: 648.773 GC heap after
{Heap after GC invocations=68 (full 0):
 garbage-first heap   total 265216K, used 120075K [0x00000007e0000000, 0x0000000800000000)
  region size 1024K, 2 young (2048K), 2 survivors (2048K)
 Metaspace       used 91264K, capacity 94488K, committed 95616K, reserved 468992K
  class space    used 11743K, capacity 12885K, committed 13184K, reserved 385024K
}

Deoptimization events (20 events):
Event: 648.951 Thread 0x00007ff1a6193000 Uncommon trap: trap_request=0xffffffbe fr.pc=0x0000000122d33720 relative=0x0000000000000e20
Event: 648.951 Thread 0x00007ff1a6193000 Uncommon trap: reason=profile_predicate action=maybe_recompile pc=0x0000000122d33720 method=java.util.TimSort.gallopLeft(Ljava/lang/Object;[Ljava/lang/Object;IIILjava/util/Comparator;)I @ 147 c2
Event: 648.951 Thread 0x00007ff1a6193000 DEOPT PACKING pc=0x0000000122d33720 sp=0x00007000113fb7c0
Event: 648.951 Thread 0x00007ff1a6193000 DEOPT UNPACKING pc=0x000000011abc9ea5 sp=0x00007000113fb768 mode 2
Event: 649.030 Thread 0x00007ff1a1fb8000 Uncommon trap: trap_request=0xffffffde fr.pc=0x0000000122a4f3f8 relative=0x00000000000003b8
Event: 649.030 Thread 0x00007ff1a1fb8000 Uncommon trap: reason=class_check action=maybe_recompile pc=0x0000000122a4f3f8 method=java.util.stream.StreamOpFlag.fromCharacteristics(Ljava/util/Spliterator;)I @ 14 c2
Event: 649.030 Thread 0x00007ff1a1fb8000 DEOPT PACKING pc=0x0000000122a4f3f8 sp=0x0000700013159a70
Event: 649.030 Thread 0x00007ff1a1fb8000 DEOPT UNPACKING pc=0x000000011abc9ea5 sp=0x0000700013159958 mode 2
Event: 649.033 Thread 0x00007ff1a2e83800 Uncommon trap: trap_request=0xffffff7e fr.pc=0x0000000122c89b34 relative=0x0000000000000074
Event: 649.033 Thread 0x00007ff1a2e83800 Uncommon trap: reason=predicate action=maybe_recompile pc=0x0000000122c89b34 method=java.util.ComparableTimSort.binarySort([Ljava/lang/Object;III)V @ 34 c2
Event: 649.033 Thread 0x00007ff1a2e83800 DEOPT PACKING pc=0x0000000122c89b34 sp=0x000070001170a370
Event: 649.033 Thread 0x00007ff1a2e83800 DEOPT UNPACKING pc=0x000000011abc9ea5 sp=0x000070001170a318 mode 2
Event: 649.047 Thread 0x00007ff1a1fb8000 Uncommon trap: trap_request=0xffffff4d fr.pc=0x0000000122a9ad1c relative=0x000000000000007c
Event: 649.047 Thread 0x00007ff1a1fb8000 Uncommon trap: reason=unstable_if action=reinterpret pc=0x0000000122a9ad1c method=java.util.Optional.flatMap(Ljava/util/function/Function;)Ljava/util/Optional; @ 9 c2
Event: 649.047 Thread 0x00007ff1a1fb8000 DEOPT PACKING pc=0x0000000122a9ad1c sp=0x00007000131590d0
Event: 649.047 Thread 0x00007ff1a1fb8000 DEOPT UNPACKING pc=0x000000011abc9ea5 sp=0x0000700013159098 mode 2
Event: 649.065 Thread 0x00007ff1a1fb8000 Uncommon trap: trap_request=0xffffff4d fr.pc=0x0000000122a9a590 relative=0x00000000000001d0
Event: 649.065 Thread 0x00007ff1a1fb8000 Uncommon trap: reason=unstable_if action=reinterpret pc=0x0000000122a9a590 method=com.google.common.collect.RegularImmutableSet.contains(Ljava/lang/Object;)Z @ 11 c2
Event: 649.065 Thread 0x00007ff1a1fb8000 DEOPT PACKING pc=0x0000000122a9a590 sp=0x0000700013155db0
Event: 649.065 Thread 0x00007ff1a1fb8000 DEOPT UNPACKING pc=0x000000011abc9ea5 sp=0x0000700013155d68 mode 2

Classes redefined (0 events):
No events

Internal exceptions (20 events):
Event: 648.983 Thread 0x00007ff1a6193000 Exception <a 'java/lang/ClassNotFoundException'{0x00000007ecd731d0}: java/util/HashMapCustomizer> (0x00000007ecd731d0) thrown at [src/hotspot/share/classfile/systemDictionary.cpp, line 230]
Event: 648.983 Thread 0x00007ff1a6193000 Exception <a 'java/lang/ClassNotFoundException'{0x00000007ecd96bc0}: java/util/LinkedHashMapCustomizer> (0x00000007ecd96bc0) thrown at [src/hotspot/share/classfile/systemDictionary.cpp, line 230]
Event: 648.989 Thread 0x00007ff1a6193000 Exception <a 'java/lang/ClassNotFoundException'{0x00000007eca7cde8}: org/codehaus/groovy/transform/ImmutableASTTransformationBeanInfo> (0x00000007eca7cde8) thrown at [src/hotspot/share/classfile/systemDictionary.cpp, line 230]
Event: 648.991 Thread 0x00007ff1a6193000 Exception <a 'java/lang/ClassNotFoundException'{0x00000007ec8fe6a0}: org/codehaus/groovy/transform/AbstractASTTransformationBeanInfo> (0x00000007ec8fe6a0) thrown at [src/hotspot/share/classfile/systemDictionary.cpp, line 230]
Event: 648.992 Thread 0x00007ff1a6193000 Exception <a 'java/lang/ClassNotFoundException'{0x00000007ec580200}: org/codehaus/groovy/transform/AbstractASTTransformationCustomizer> (0x00000007ec580200) thrown at [src/hotspot/share/classfile/systemDictionary.cpp, line 230]
Event: 648.994 Thread 0x00007ff1a6193000 Exception <a 'java/lang/ClassNotFoundException'{0x00000007ec21f2f0}: org/codehaus/groovy/transform/ImmutableASTTransformationCustomizer> (0x00000007ec21f2f0) thrown at [src/hotspot/share/classfile/systemDictionary.cpp, line 230]
Event: 649.005 Thread 0x00007ff1a6193000 Exception <a 'java/lang/ClassNotFoundException'{0x00000007ec182578}: java/util/regex/PatternBeanInfo> (0x00000007ec182578) thrown at [src/hotspot/share/classfile/systemDictionary.cpp, line 230]
Event: 649.005 Thread 0x00007ff1a6193000 Exception <a 'java/lang/ClassNotFoundException'{0x00000007ec18f088}: java/util/regex/PatternCustomizer> (0x00000007ec18f088) thrown at [src/hotspot/share/classfile/systemDictionary.cpp, line 230]
Event: 649.007 Thread 0x00007ff1a6193000 Exception <a 'java/lang/ClassNotFoundException'{0x00000007ec1d3968}: ijresolvers1_1wjqkcc3bpv33r0f43hd5gec7$1BeanInfo> (0x00000007ec1d3968) thrown at [src/hotspot/share/classfile/systemDictionary.cpp, line 230]
Event: 649.007 Thread 0x00007ff1a6193000 Exception <a 'java/lang/ClassNotFoundException'{0x00000007ec1e3620}: ijresolvers1_1wjqkcc3bpv33r0f43hd5gec7$1Customizer> (0x00000007ec1e3620) thrown at [src/hotspot/share/classfile/systemDictionary.cpp, line 230]
Event: 649.017 Thread 0x00007ff1a1fb8000 Exception <a 'java/lang/NoSuchMethodError'{0x00000007ebf9bf18}: 'void java.lang.invoke.DirectMethodHandle$Holder.invokeSpecial(java.lang.Object, java.lang.Object, java.lang.Object, java.lang.Object, int, java.lang.Object, java.lang.Object)'> (0x00000007ebf9bf18) thrown at [src/hotspot/share/interpreter/linkResolver.cpp, line 773]
Event: 649.032 Thread 0x00007ff1a2e83800 Exception <a 'java/lang/NoSuchMethodError'{0x00000007ebe93310}: <clinit>> (0x00000007ebe93310) thrown at [src/hotspot/share/prims/jni.cpp, line 1372]
Event: 649.033 Thread 0x00007ff1a2e83800 Exception <a 'java/lang/NoSuchMethodError'{0x00000007ebe949e8}: <clinit>> (0x00000007ebe949e8) thrown at [src/hotspot/share/prims/jni.cpp, line 1372]
Event: 649.033 Thread 0x00007ff1a2e83800 Exception <a 'java/lang/NoSuchMethodError'{0x00000007ebee4658}: <clinit>> (0x00000007ebee4658) thrown at [src/hotspot/share/prims/jni.cpp, line 1372]
Event: 649.034 Thread 0x00007ff1a2e83800 Exception <a 'java/lang/NoSuchMethodError'{0x00000007ebd09468}: <clinit>> (0x00000007ebd09468) thrown at [src/hotspot/share/prims/jni.cpp, line 1372]
Event: 649.034 Thread 0x00007ff1a2e83800 Exception <a 'java/lang/NoSuchMethodError'{0x00000007ebd13d10}: <clinit>> (0x00000007ebd13d10) thrown at [src/hotspot/share/prims/jni.cpp, line 1372]
Event: 649.045 Thread 0x00007ff1a1fb8000 Exception <a 'sun/nio/fs/UnixException'{0x00000007ebd5fde8}> (0x00000007ebd5fde8) thrown at [src/hotspot/share/prims/jni.cpp, line 617]
Event: 649.046 Thread 0x00007ff1a1fb8000 Exception <a 'sun/nio/fs/UnixException'{0x00000007ebd62248}> (0x00000007ebd62248) thrown at [src/hotspot/share/prims/jni.cpp, line 617]
Event: 649.046 Thread 0x00007ff1a1fb8000 Exception <a 'sun/nio/fs/UnixException'{0x00000007ebd64480}> (0x00000007ebd64480) thrown at [src/hotspot/share/prims/jni.cpp, line 617]
Event: 649.046 Thread 0x00007ff1a1fb8000 Exception <a 'sun/nio/fs/UnixException'{0x00000007ebd66430}> (0x00000007ebd66430) thrown at [src/hotspot/share/prims/jni.cpp, line 617]

Events (20 events):
Event: 649.071 loading class org/gradle/internal/watch/registry/impl/DefaultFileWatcherProbeRegistry$1
Event: 649.071 loading class org/gradle/internal/watch/registry/impl/DefaultFileWatcherProbeRegistry$1 done
Event: 649.073 loading class org/gradle/internal/snapshot/FileSystemLocationSnapshot
Event: 649.073 loading class org/gradle/internal/snapshot/FileSystemLocationSnapshot done
Event: 649.073 loading class org/gradle/internal/snapshot/FileSystemLocationSnapshot
Event: 649.073 loading class org/gradle/internal/snapshot/FileSystemLocationSnapshot done
Event: 649.073 loading class org/gradle/internal/fingerprint/impl/RelativePathFingerprintingStrategy
Event: 649.073 loading class org/gradle/internal/fingerprint/impl/RelativePathFingerprintingStrategy done
Event: 649.073 loading class org/gradle/internal/fingerprint/hashing/FileSystemLocationSnapshotHasher
Event: 649.073 loading class org/gradle/internal/fingerprint/hashing/FileSystemLocationSnapshotHasher done
Event: 649.073 loading class org/gradle/internal/fingerprint/hashing/FileSystemLocationSnapshotHasher
Event: 649.073 loading class org/gradle/internal/fingerprint/hashing/FileSystemLocationSnapshotHasher done
Event: 649.075 loading class org/gradle/internal/snapshot/FileSystemLocationSnapshot
Event: 649.075 loading class org/gradle/internal/snapshot/FileSystemLocationSnapshot done
Event: 649.075 loading class org/gradle/internal/hash/HashCode
Event: 649.075 loading class org/gradle/internal/hash/HashCode done
Event: 649.075 loading class org/gradle/api/internal/changedetection/state/LineEndingNormalizingFileSystemLocationSnapshotHasher
Event: 649.075 loading class org/gradle/api/internal/changedetection/state/LineEndingNormalizingFileSystemLocationSnapshotHasher done
Event: 649.075 loading class org/gradle/internal/fingerprint/CurrentFileCollectionFingerprint
Event: 649.075 loading class org/gradle/internal/fingerprint/CurrentFileCollectionFingerprint done


Dynamic libraries:
0x00007fff35464000 	/System/Library/Frameworks/Cocoa.framework/Versions/A/Cocoa
0x00007fff2278a000 	/System/Library/Frameworks/Security.framework/Versions/A/Security
0x00007fff33667000 	/System/Library/Frameworks/ApplicationServices.framework/Versions/A/ApplicationServices
0x00007fff2aa0e000 	/usr/lib/libz.1.dylib
0x000000010ccae000 	/Library/Java/JavaVirtualMachines/amazon-corretto-11.jdk/Contents/Home/lib/jli/libjli.dylib
0x00007fff2aad6000 	/usr/lib/libSystem.B.dylib
0x00007fff231bb000 	/System/Library/Frameworks/AppKit.framework/Versions/C/AppKit
0x00007fff2607f000 	/System/Library/Frameworks/CoreData.framework/Versions/A/CoreData
0x00007fff21722000 	/System/Library/Frameworks/Foundation.framework/Versions/C/Foundation
0x00007fff23f07000 	/System/Library/PrivateFrameworks/UIFoundation.framework/Versions/A/UIFoundation
0x00007fff3010d000 	/System/Library/PrivateFrameworks/RemoteViewServices.framework/Versions/A/RemoteViewServices
0x00007fff28f19000 	/System/Library/PrivateFrameworks/XCTTargetBootstrap.framework/Versions/A/XCTTargetBootstrap
0x00007fff2bc02000 	/usr/lib/libspindump.dylib
0x00007fff24156000 	/System/Library/Frameworks/UniformTypeIdentifiers.framework/Versions/A/UniformTypeIdentifiers
0x00007fff2771d000 	/usr/lib/libapp_launch_measurement.dylib
0x00007fff27720000 	/System/Library/PrivateFrameworks/CoreAutoLayout.framework/Versions/A/CoreAutoLayout
0x00007fff28880000 	/System/Library/Frameworks/Metal.framework/Versions/A/Metal
0x00007fff29577000 	/usr/lib/liblangid.dylib
0x00007fff28f1d000 	/System/Library/PrivateFrameworks/CoreSVG.framework/Versions/A/CoreSVG
0x00007fff25195000 	/System/Library/PrivateFrameworks/SkyLight.framework/Versions/A/SkyLight
0x00007fff254fb000 	/System/Library/Frameworks/CoreGraphics.framework/Versions/A/CoreGraphics
0x00007fff30634000 	/System/Library/Frameworks/Accelerate.framework/Versions/A/Accelerate
0x00007fff2b640000 	/System/Library/PrivateFrameworks/IconServices.framework/Versions/A/IconServices
0x00007fff28864000 	/System/Library/Frameworks/IOSurface.framework/Versions/A/IOSurface
0x00007fff26a08000 	/usr/lib/libDiagnosticMessagesClient.dylib
0x00007fff28f05000 	/System/Library/PrivateFrameworks/DFRFoundation.framework/Versions/A/DFRFoundation
0x00007fff22ae2000 	/usr/lib/libicucore.A.dylib
0x00007fff2d147000 	/System/Library/Frameworks/AudioToolbox.framework/Versions/A/AudioToolbox
0x00007fff2c3cf000 	/System/Library/PrivateFrameworks/DataDetectorsCore.framework/Versions/A/DataDetectorsCore
0x00007fff25108000 	/usr/lib/libMobileGestalt.dylib
0x00007fff28c09000 	/System/Library/Frameworks/Carbon.framework/Versions/A/Frameworks/HIToolbox.framework/Versions/A/HIToolbox
0x00007fff27162000 	/System/Library/Frameworks/QuartzCore.framework/Versions/A/QuartzCore
0x00007fff30145000 	/System/Library/Frameworks/Carbon.framework/Versions/A/Frameworks/SpeechRecognition.framework/Versions/A/SpeechRecognition
0x00007fff27482000 	/System/Library/PrivateFrameworks/CoreUI.framework/Versions/A/CoreUI
0x00007fff220f8000 	/System/Library/Frameworks/CoreAudio.framework/Versions/A/CoreAudio
0x00007fff26af3000 	/System/Library/Frameworks/DiskArbitration.framework/Versions/A/DiskArbitration
0x00007fff2bfd0000 	/System/Library/PrivateFrameworks/MultitouchSupport.framework/Versions/A/MultitouchSupport
0x00007fff2c3c6000 	/System/Library/PrivateFrameworks/InternationalSupport.framework/Versions/A/InternationalSupport
0x00007fff25107000 	/usr/lib/libenergytrace.dylib
0x00007fff230b2000 	/System/Library/Frameworks/IOKit.framework/Versions/A/IOKit
0x00007fff30478000 	/System/Library/Frameworks/CoreServices.framework/Versions/A/CoreServices
0x00007fff276af000 	/System/Library/PrivateFrameworks/PerformanceAnalysis.framework/Versions/A/PerformanceAnalysis
0x00007fff6be11000 	/System/Library/Frameworks/OpenGL.framework/Versions/A/OpenGL
0x00007fff2c44a000 	/System/Library/PrivateFrameworks/UserActivity.framework/Versions/A/UserActivity
0x00007fff20791000 	/usr/lib/libobjc.A.dylib
0x00007fff25b85000 	/System/Library/Frameworks/ColorSync.framework/Versions/A/ColorSync
0x00007fff20971000 	/System/Library/Frameworks/CoreFoundation.framework/Versions/A/CoreFoundation
0x00007fff29185000 	/System/Library/Frameworks/CoreImage.framework/Versions/A/CoreImage
0x00007fff21f12000 	/System/Library/Frameworks/CoreText.framework/Versions/A/CoreText
0x00007fff28f47000 	/System/Library/Frameworks/ImageIO.framework/Versions/A/ImageIO
0x00007fff2aadc000 	/System/Library/PrivateFrameworks/SoftLinking.framework/Versions/A/SoftLinking
0x00007fff27768000 	/usr/lib/libxml2.2.dylib
0x00007fff20857000 	/usr/lib/libc++.1.dylib
0x00007fff2ad4e000 	/usr/lib/libcompression.dylib
0x00007fff2c2f8000 	/System/Library/PrivateFrameworks/TextureIO.framework/Versions/A/TextureIO
0x00007fff2b37e000 	/usr/lib/libate.dylib
0x00007fff2aad0000 	/usr/lib/system/libcache.dylib
0x00007fff2aa8c000 	/usr/lib/system/libcommonCrypto.dylib
0x00007fff2aab6000 	/usr/lib/system/libcompiler_rt.dylib
0x00007fff2aaab000 	/usr/lib/system/libcopyfile.dylib
0x00007fff20681000 	/usr/lib/system/libcorecrypto.dylib
0x00007fff2074c000 	/usr/lib/system/libdispatch.dylib
0x00007fff208ff000 	/usr/lib/system/libdyld.dylib
0x00007fff2aac7000 	/usr/lib/system/libkeymgr.dylib
0x00007fff2dede000 	/usr/lib/system/liblaunch.dylib
0x00007fff2aa6a000 	/usr/lib/system/libmacho.dylib
0x00007fff2a262000 	/usr/lib/system/libquarantine.dylib
0x00007fff2aac4000 	/usr/lib/system/libremovefile.dylib
0x00007fff25165000 	/usr/lib/system/libsystem_asl.dylib
0x00007fff20631000 	/usr/lib/system/libsystem_blocks.dylib
0x00007fff207ce000 	/usr/lib/system/libsystem_c.dylib
0x00007fff2aabe000 	/usr/lib/system/libsystem_collections.dylib
0x00007fff29568000 	/usr/lib/system/libsystem_configuration.dylib
0x00007fff28853000 	/usr/lib/system/libsystem_containermanager.dylib
0x00007fff2a80d000 	/usr/lib/system/libsystem_coreservices.dylib
0x00007fff22d42000 	/usr/lib/system/libsystem_darwin.dylib
0x00007fff2aac8000 	/usr/lib/system/libsystem_dnssd.dylib
0x00007fff207cb000 	/usr/lib/system/libsystem_featureflags.dylib
0x00007fff20945000 	/usr/lib/system/libsystem_info.dylib
0x00007fff2aa21000 	/usr/lib/system/libsystem_m.dylib
0x00007fff2071f000 	/usr/lib/system/libsystem_malloc.dylib
0x00007fff250f8000 	/usr/lib/system/libsystem_networkextension.dylib
0x00007fff23161000 	/usr/lib/system/libsystem_notify.dylib
0x00007fff3037a000 	/usr/lib/system/libsystem_product_info_filter.dylib
0x00007fff2956c000 	/usr/lib/system/libsystem_sandbox.dylib
0x00007fff2aac1000 	/usr/lib/system/libsystem_secinit.dylib
0x00007fff208c3000 	/usr/lib/system/libsystem_kernel.dylib
0x00007fff2093b000 	/usr/lib/system/libsystem_platform.dylib
0x00007fff208f3000 	/usr/lib/system/libsystem_pthread.dylib
0x00007fff26844000 	/usr/lib/system/libsystem_symptoms.dylib
0x00007fff20669000 	/usr/lib/system/libsystem_trace.dylib
0x00007fff2aa98000 	/usr/lib/system/libunwind.dylib
0x00007fff20633000 	/usr/lib/system/libxpc.dylib
0x00007fff208ad000 	/usr/lib/libc++abi.dylib
0x00007fff2aaa3000 	/usr/lib/liboah.dylib
0x00007fff2b162000 	/usr/lib/liblzma.5.dylib
0x00007fff21436000 	/System/Library/Frameworks/SystemConfiguration.framework/Versions/A/SystemConfiguration
0x00007fff2aad8000 	/usr/lib/libfakelink.dylib
0x00007fff24c5a000 	/System/Library/Frameworks/CFNetwork.framework/Versions/A/CFNetwork
0x00007fff2ac18000 	/usr/lib/libarchive.2.dylib
0x00007fff214b4000 	/usr/lib/libCRFSuite.dylib
0x00007fff2a289000 	/usr/lib/libbsm.0.dylib
0x00007fff245d3000 	/usr/lib/libnetwork.dylib
0x00007fff2aadd000 	/usr/lib/libpcap.A.dylib
0x00007fff2683d000 	/usr/lib/libdns_services.dylib
0x00007fff2b17b000 	/usr/lib/libcoretls_cfhelpers.dylib
0x00007fff2ad17000 	/usr/lib/libapple_nghttp2.dylib
0x00007fff2aa70000 	/usr/lib/system/libkxld.dylib
0x00007fff264b5000 	/usr/lib/libsqlite3.dylib
0x00007fff2a7f0000 	/System/Library/PrivateFrameworks/AppleFSCompression.framework/Versions/A/AppleFSCompression
0x00007fff2a271000 	/usr/lib/libcoretls.dylib
0x00007fff2ad48000 	/usr/lib/libpam.2.dylib
0x00007fff2b279000 	/usr/lib/libxar.1.dylib
0x00007fff29573000 	/System/Library/PrivateFrameworks/AppleSystemInfo.framework/Versions/A/AppleSystemInfo
0x00007fff29eb3000 	/System/Library/PrivateFrameworks/IOMobileFramebuffer.framework/Versions/A/IOMobileFramebuffer
0x00007fff2a800000 	/usr/lib/libbz2.1.0.dylib
0x00007fff2ab15000 	/usr/lib/libiconv.2.dylib
0x00007fff2aa69000 	/usr/lib/libcharset.1.dylib
0x00007fff276eb000 	/System/Library/Frameworks/CoreServices.framework/Versions/A/Frameworks/FSEvents.framework/Versions/A/FSEvents
0x00007fff22d4c000 	/System/Library/Frameworks/CoreServices.framework/Versions/A/Frameworks/CarbonCore.framework/Versions/A/CarbonCore
0x00007fff26a58000 	/System/Library/Frameworks/CoreServices.framework/Versions/A/Frameworks/Metadata.framework/Versions/A/Metadata
0x00007fff2a812000 	/System/Library/Frameworks/CoreServices.framework/Versions/A/Frameworks/OSServices.framework/Versions/A/OSServices
0x00007fff2ac8a000 	/System/Library/Frameworks/CoreServices.framework/Versions/A/Frameworks/SearchKit.framework/Versions/A/SearchKit
0x00007fff267c8000 	/System/Library/Frameworks/CoreServices.framework/Versions/A/Frameworks/AE.framework/Versions/A/AE
0x00007fff20e0f000 	/System/Library/Frameworks/CoreServices.framework/Versions/A/Frameworks/LaunchServices.framework/Versions/A/LaunchServices
0x00007fff2b112000 	/System/Library/Frameworks/CoreServices.framework/Versions/A/Frameworks/DictionaryServices.framework/Versions/A/DictionaryServices
0x00007fff276f8000 	/System/Library/Frameworks/CoreServices.framework/Versions/A/Frameworks/SharedFileList.framework/Versions/A/SharedFileList
0x00007fff2a265000 	/usr/lib/libCheckFix.dylib
0x00007fff2517c000 	/System/Library/PrivateFrameworks/TCC.framework/Versions/A/TCC
0x00007fff29579000 	/System/Library/PrivateFrameworks/CoreNLP.framework/Versions/A/CoreNLP
0x00007fff26a0b000 	/System/Library/PrivateFrameworks/MetadataUtilities.framework/Versions/A/MetadataUtilities
0x00007fff214e9000 	/usr/lib/libmecabra.dylib
0x00007fff2a56f000 	/System/Library/Frameworks/MLCompute.framework/Versions/A/MLCompute
0x00007fff2a29a000 	/usr/lib/libmecab.dylib
0x00007fff2a2e4000 	/usr/lib/libgermantok.dylib
0x00007fff2acf2000 	/usr/lib/libThaiTokenizer.dylib
0x00007fff2b2b5000 	/usr/lib/libChineseTokenizer.dylib
0x00007fff2ad46000 	/System/Library/Frameworks/MetalPerformanceShaders.framework/Versions/A/MetalPerformanceShaders
0x00007fff26afa000 	/System/Library/Frameworks/Accelerate.framework/Versions/A/Frameworks/vImage.framework/Versions/A/vImage
0x00007fff30452000 	/System/Library/Frameworks/Accelerate.framework/Versions/A/Frameworks/vecLib.framework/Versions/A/vecLib
0x00007fff2b2c0000 	/System/Library/Frameworks/Accelerate.framework/Versions/A/Frameworks/vecLib.framework/Versions/A/libvMisc.dylib
0x00007fff29cce000 	/System/Library/Frameworks/Accelerate.framework/Versions/A/Frameworks/vecLib.framework/Versions/A/libvDSP.dylib
0x00007fff2111c000 	/System/Library/Frameworks/Accelerate.framework/Versions/A/Frameworks/vecLib.framework/Versions/A/libBLAS.dylib
0x00007fff2ad74000 	/System/Library/Frameworks/Accelerate.framework/Versions/A/Frameworks/vecLib.framework/Versions/A/libLAPACK.dylib
0x00007fff2a2ea000 	/System/Library/Frameworks/Accelerate.framework/Versions/A/Frameworks/vecLib.framework/Versions/A/libLinearAlgebra.dylib
0x00007fff2ad2f000 	/System/Library/Frameworks/Accelerate.framework/Versions/A/Frameworks/vecLib.framework/Versions/A/libSparseBLAS.dylib
0x00007fff2ad6e000 	/System/Library/Frameworks/Accelerate.framework/Versions/A/Frameworks/vecLib.framework/Versions/A/libQuadrature.dylib
0x00007fff29625000 	/System/Library/Frameworks/Accelerate.framework/Versions/A/Frameworks/vecLib.framework/Versions/A/libBNNS.dylib
0x00007fff213c7000 	/System/Library/Frameworks/Accelerate.framework/Versions/A/Frameworks/vecLib.framework/Versions/A/libSparse.dylib
0x00007fff29501000 	/System/Library/Frameworks/MetalPerformanceShaders.framework/Versions/A/Frameworks/MPSCore.framework/Versions/A/MPSCore
0x00007fff2a75f000 	/System/Library/Frameworks/MetalPerformanceShaders.framework/Versions/A/Frameworks/MPSImage.framework/Versions/A/MPSImage
0x00007fff2a300000 	/System/Library/Frameworks/MetalPerformanceShaders.framework/Versions/A/Frameworks/MPSNeuralNetwork.framework/Versions/A/MPSNeuralNetwork
0x00007fff2a6d1000 	/System/Library/Frameworks/MetalPerformanceShaders.framework/Versions/A/Frameworks/MPSMatrix.framework/Versions/A/MPSMatrix
0x00007fff2a51f000 	/System/Library/Frameworks/MetalPerformanceShaders.framework/Versions/A/Frameworks/MPSRayIntersector.framework/Versions/A/MPSRayIntersector
0x00007fff2a708000 	/System/Library/Frameworks/MetalPerformanceShaders.framework/Versions/A/Frameworks/MPSNDArray.framework/Versions/A/MPSNDArray
0x00007fff21047000 	/System/Library/PrivateFrameworks/MetalTools.framework/Versions/A/MetalTools
0x00007fff29571000 	/System/Library/PrivateFrameworks/AggregateDictionary.framework/Versions/A/AggregateDictionary
0x00007fff269d8000 	/System/Library/PrivateFrameworks/CoreAnalytics.framework/Versions/A/CoreAnalytics
0x00007fff2acf4000 	/System/Library/PrivateFrameworks/AppleSauce.framework/Versions/A/AppleSauce
0x00007fff28876000 	/System/Library/PrivateFrameworks/IOAccelerator.framework/Versions/A/IOAccelerator
0x00007fff6be05000 	/System/Library/Frameworks/OpenGL.framework/Versions/A/Libraries/libCoreFSCache.dylib
0x00007fff21a81000 	/System/Library/PrivateFrameworks/LanguageModeling.framework/Versions/A/LanguageModeling
0x00007fff29ea1000 	/System/Library/PrivateFrameworks/CoreEmoji.framework/Versions/A/CoreEmoji
0x00007fff2961e000 	/System/Library/PrivateFrameworks/LinguisticData.framework/Versions/A/LinguisticData
0x00007fff21379000 	/System/Library/PrivateFrameworks/Lexicon.framework/Versions/A/Lexicon
0x00007fff2ac06000 	/usr/lib/libcmph.dylib
0x00007fff276cb000 	/System/Library/Frameworks/OpenDirectory.framework/Versions/A/Frameworks/CFOpenDirectory.framework/Versions/A/CFOpenDirectory
0x00007fff276bb000 	/System/Library/Frameworks/OpenDirectory.framework/Versions/A/OpenDirectory
0x00007fff2b17d000 	/System/Library/PrivateFrameworks/APFS.framework/Versions/A/APFS
0x00007fff2a1c7000 	/System/Library/Frameworks/SecurityFoundation.framework/Versions/A/SecurityFoundation
0x00007fff2b288000 	/usr/lib/libutil.dylib
0x00007fff23077000 	/System/Library/PrivateFrameworks/CoreServicesStore.framework/Versions/A/CoreServicesStore
0x00007fff2a25d000 	/System/Library/Frameworks/ServiceManagement.framework/Versions/A/ServiceManagement
0x00007fff2b28c000 	/usr/lib/libxslt.1.dylib
0x00007fff2a253000 	/System/Library/PrivateFrameworks/BackgroundTaskManagement.framework/Versions/A/BackgroundTaskManagement
0x00007fff2c242000 	/System/Library/Frameworks/ImageIO.framework/Versions/A/Resources/libRadiance.dylib
0x00007fff2c24c000 	/System/Library/Frameworks/ImageIO.framework/Versions/A/Resources/libJPEG.dylib
0x00007fff2c19a000 	/System/Library/Frameworks/ImageIO.framework/Versions/A/Resources/libPng.dylib
0x00007fff2c1bb000 	/System/Library/Frameworks/ImageIO.framework/Versions/A/Resources/libTIFF.dylib
0x00007fff2c2a1000 	/System/Library/Frameworks/ImageIO.framework/Versions/A/Resources/libGIF.dylib
0x00007fff2beec000 	/System/Library/Frameworks/ImageIO.framework/Versions/A/Resources/libJP2.dylib
0x00007fff2b607000 	/usr/lib/libexpat.1.dylib
0x00007fff2bea2000 	/System/Library/PrivateFrameworks/AppleJPEG.framework/Versions/A/AppleJPEG
0x00007fff28aac000 	/System/Library/PrivateFrameworks/FontServices.framework/libFontParser.dylib
0x00007fff2677f000 	/System/Library/PrivateFrameworks/RunningBoardServices.framework/Versions/A/RunningBoardServices
0x00007fff2bfcc000 	/System/Library/PrivateFrameworks/WatchdogClient.framework/Versions/A/WatchdogClient
0x00007fff21b6a000 	/System/Library/Frameworks/CoreDisplay.framework/Versions/A/CoreDisplay
0x00007fff289c1000 	/System/Library/Frameworks/CoreMedia.framework/Versions/A/CoreMedia
0x00007fff2784b000 	/System/Library/Frameworks/CoreVideo.framework/Versions/A/CoreVideo
0x00007fff2c007000 	/System/Library/Frameworks/VideoToolbox.framework/Versions/A/VideoToolbox
0x00007fff266ff000 	/System/Library/PrivateFrameworks/BaseBoard.framework/Versions/A/BaseBoard
0x00007fff2b74c000 	/System/Library/PrivateFrameworks/PersistentConnection.framework/Versions/A/PersistentConnection
0x00007fff2649f000 	/System/Library/PrivateFrameworks/ProtocolBuffer.framework/Versions/A/ProtocolBuffer
0x00007fff266e7000 	/System/Library/PrivateFrameworks/CommonUtilities.framework/Versions/A/CommonUtilities
0x00007fff2be65000 	/System/Library/PrivateFrameworks/Bom.framework/Versions/A/Bom
0x00007fff2c23a000 	/System/Library/PrivateFrameworks/GPUWrangler.framework/Versions/A/GPUWrangler
0x00007fff2c21d000 	/System/Library/PrivateFrameworks/IOPresentment.framework/Versions/A/IOPresentment
0x00007fff2c246000 	/System/Library/PrivateFrameworks/DSExternalDisplay.framework/Versions/A/DSExternalDisplay
0x00007fff2c2a6000 	/System/Library/PrivateFrameworks/CMCaptureCore.framework/Versions/A/CMCaptureCore
0x00007fff2bbe8000 	/System/Library/PrivateFrameworks/AppServerSupport.framework/Versions/A/AppServerSupport
0x00007fff2dc81000 	/System/Library/PrivateFrameworks/perfdata.framework/Versions/A/perfdata
0x00007fff2a1b6000 	/System/Library/PrivateFrameworks/AssertionServices.framework/Versions/A/AssertionServices
0x00007fff21ca1000 	/System/Library/PrivateFrameworks/AudioToolboxCore.framework/Versions/A/AudioToolboxCore
0x00007fff289a4000 	/System/Library/PrivateFrameworks/caulk.framework/Versions/A/caulk
0x00007fff3d146000 	/System/Library/PrivateFrameworks/SystemPolicy.framework/Versions/A/SystemPolicy
0x00007fff2b416000 	/usr/lib/libIOReport.dylib
0x00007fff2d4bd000 	/usr/lib/libSMC.dylib
0x00007fff2c166000 	/usr/lib/libAudioToolboxUtility.dylib
0x00007fff3daa3000 	/usr/lib/libmis.dylib
0x00007fff6be61000 	/System/Library/Frameworks/OpenGL.framework/Versions/A/Libraries/libGLU.dylib
0x00007fff6be24000 	/System/Library/Frameworks/OpenGL.framework/Versions/A/Libraries/libGFXShared.dylib
0x00007fff6c032000 	/System/Library/Frameworks/OpenGL.framework/Versions/A/Libraries/libGL.dylib
0x00007fff6be2d000 	/System/Library/Frameworks/OpenGL.framework/Versions/A/Libraries/libGLImage.dylib
0x00007fff6be21000 	/System/Library/Frameworks/OpenGL.framework/Versions/A/Libraries/libCVMSPluginSupport.dylib
0x00007fff6be0c000 	/System/Library/Frameworks/OpenGL.framework/Versions/A/Libraries/libCoreVMClient.dylib
0x00007fff6d47c000 	/System/Library/Frameworks/OpenCL.framework/Versions/A/OpenCL
0x00007fff2b775000 	/System/Library/PrivateFrameworks/GraphVisualizer.framework/Versions/A/GraphVisualizer
0x00007fff2b784000 	/System/Library/PrivateFrameworks/FaceCore.framework/Versions/A/FaceCore
0x00007fff2bba0000 	/System/Library/PrivateFrameworks/OTSVG.framework/Versions/A/OTSVG
0x00007fff27440000 	/System/Library/Frameworks/ApplicationServices.framework/Versions/A/Frameworks/ATS.framework/Versions/A/Resources/libFontRegistry.dylib
0x00007fff2bbef000 	/System/Library/PrivateFrameworks/FontServices.framework/libhvf.dylib
0x00007fff2b5b3000 	/System/Library/PrivateFrameworks/AppleVA.framework/Versions/A/AppleVA
0x00007fff2d305000 	/System/Library/Frameworks/ApplicationServices.framework/Versions/A/Frameworks/ATS.framework/Versions/A/ATS
0x00007fff2d618000 	/System/Library/Frameworks/ApplicationServices.framework/Versions/A/Frameworks/ColorSyncLegacy.framework/Versions/A/ColorSyncLegacy
0x00007fff25c7d000 	/System/Library/Frameworks/ApplicationServices.framework/Versions/A/Frameworks/HIServices.framework/Versions/A/HIServices
0x00007fff2d5fd000 	/System/Library/Frameworks/ApplicationServices.framework/Versions/A/Frameworks/LangAnalysis.framework/Versions/A/LangAnalysis
0x00007fff2c2b0000 	/System/Library/Frameworks/ApplicationServices.framework/Versions/A/Frameworks/PrintCore.framework/Versions/A/PrintCore
0x00007fff2d620000 	/System/Library/Frameworks/ApplicationServices.framework/Versions/A/Frameworks/QD.framework/Versions/A/QD
0x00007fff2d2f5000 	/System/Library/Frameworks/ApplicationServices.framework/Versions/A/Frameworks/SpeechSynthesis.framework/Versions/A/SpeechSynthesis
0x00007fff2c271000 	/System/Library/Frameworks/ApplicationServices.framework/Versions/A/Frameworks/ATSUI.framework/Versions/A/ATSUI
0x00007fff2d59d000 	/usr/lib/libcups.2.dylib
0x00007fff2d60d000 	/System/Library/PrivateFrameworks/NetAuth.framework/Versions/A/NetAuth
0x00007fff2dc9c000 	/System/Library/Frameworks/Kerberos.framework/Versions/A/Kerberos
0x00007fff2dcac000 	/System/Library/Frameworks/GSS.framework/Versions/A/GSS
0x00007fff2d372000 	/usr/lib/libresolv.9.dylib
0x00007fff2bc05000 	/System/Library/PrivateFrameworks/Heimdal.framework/Versions/A/Heimdal
0x00007fff3397c000 	/System/Library/Frameworks/Kerberos.framework/Versions/A/Libraries/libHeimdalProxy.dylib
0x00007fff2684c000 	/System/Library/Frameworks/Network.framework/Versions/A/Network
0x00007fff2b621000 	/usr/lib/libheimdal-asn1.dylib
0x00007fff2dcfd000 	/System/Library/PrivateFrameworks/CommonAuth.framework/Versions/A/CommonAuth
0x00007fff27899000 	/System/Library/PrivateFrameworks/login.framework/Versions/A/Frameworks/loginsupport.framework/Versions/A/loginsupport
0x00007fff2d27c000 	/System/Library/PrivateFrameworks/AudioSession.framework/Versions/A/AudioSession
0x00007fff2d2e2000 	/usr/lib/libAudioStatistics.dylib
0x00007fff2b6ad000 	/System/Library/PrivateFrameworks/MediaExperience.framework/Versions/A/MediaExperience
0x00007fff2d115000 	/System/Library/PrivateFrameworks/AudioSession.framework/libSessionUtility.dylib
0x00007fff2dc8d000 	/usr/lib/libperfcheck.dylib
0x00007fff2d62c000 	/System/Library/PrivateFrameworks/AudioResourceArbitration.framework/Versions/A/AudioResourceArbitration
0x00007fff2b62b000 	/System/Library/PrivateFrameworks/IconFoundation.framework/Versions/A/IconFoundation
0x00007fff30135000 	/System/Library/PrivateFrameworks/SpeechRecognitionCore.framework/Versions/A/SpeechRecognitionCore
0x000000010cce0000 	/System/Library/CoreServices/Encodings/libCyrillicConverter.dylib
0x000000011161a000 	/Library/Java/JavaVirtualMachines/amazon-corretto-11.jdk/Contents/Home/lib/server/libjvm.dylib
0x000000010ccec000 	/Library/Java/JavaVirtualMachines/amazon-corretto-11.jdk/Contents/Home/lib/libverify.dylib
0x000000010cd00000 	/Library/Java/JavaVirtualMachines/amazon-corretto-11.jdk/Contents/Home/lib/libjava.dylib
0x000000010cd31000 	/Library/Java/JavaVirtualMachines/amazon-corretto-11.jdk/Contents/Home/lib/libjimage.dylib
0x000000010cd43000 	/Library/Java/JavaVirtualMachines/amazon-corretto-11.jdk/Contents/Home/lib/libinstrument.dylib
0x000000010cd9f000 	/Library/Java/JavaVirtualMachines/amazon-corretto-11.jdk/Contents/Home/lib/libzip.dylib
0x000000010cfc8000 	/Library/Java/JavaVirtualMachines/amazon-corretto-11.jdk/Contents/Home/lib/libnio.dylib
0x000000010cfe0000 	/Library/Java/JavaVirtualMachines/amazon-corretto-11.jdk/Contents/Home/lib/libnet.dylib
0x000000012f231000 	/Users/flowforme/.gradle/native/c067742578af261105cb4f569cf0c3c89f3d7b1fecec35dd04571415982c5e48/osx-amd64/libnative-platform.dylib
0x000000012f23d000 	/Users/flowforme/.gradle/native/100fb08df4bc3b14c8652ba06237920a3bd2aa13389f12d3474272988ae205f9/osx-amd64/libnative-platform-file-events.dylib
0x000000012f6a9000 	/Library/Java/JavaVirtualMachines/amazon-corretto-11.jdk/Contents/Home/lib/libmanagement.dylib
0x000000012f6b9000 	/Library/Java/JavaVirtualMachines/amazon-corretto-11.jdk/Contents/Home/lib/libmanagement_ext.dylib
0x000000012f8c9000 	/Library/Java/JavaVirtualMachines/amazon-corretto-11.jdk/Contents/Home/lib/libextnet.dylib
0x0000000132cd9000 	/Library/Java/JavaVirtualMachines/amazon-corretto-11.jdk/Contents/Home/lib/libsunec.dylib


VM Arguments:
jvm_args: --add-opens=java.base/java.util=ALL-UNNAMED --add-opens=java.base/java.lang=ALL-UNNAMED --add-opens=java.base/java.lang.invoke=ALL-UNNAMED --add-opens=java.prefs/java.util.prefs=ALL-UNNAMED --add-opens=java.base/java.nio.charset=ALL-UNNAMED --add-opens=java.base/java.net=ALL-UNNAMED --add-opens=java.base/java.util.concurrent.atomic=ALL-UNNAMED -XX:MaxMetaspaceSize=384m -XX:+HeapDumpOnOutOfMemoryError -Xms256m -Xmx512m -Dfile.encoding=UTF-8 -Duser.country=RU -Duser.language=ru -Duser.variant -javaagent:/Users/flowforme/.gradle/wrapper/dists/gradle-8.8-bin/dl7vupf4psengwqhwktix4v1/gradle-8.8/lib/agents/gradle-instrumentation-agent-8.8.jar 
java_command: org.gradle.launcher.daemon.bootstrap.GradleDaemon 8.8
java_class_path (initial): /Users/flowforme/.gradle/wrapper/dists/gradle-8.8-bin/dl7vupf4psengwqhwktix4v1/gradle-8.8/lib/gradle-launcher-8.8.jar
Launcher Type: SUN_STANDARD

[Global flags]
     intx CICompilerCount                          = 4                                         {product} {ergonomic}
   size_t CompressedClassSpaceSize                 = 394264576                                 {product} {ergonomic}
     uint ConcGCThreads                            = 2                                         {product} {ergonomic}
     uint G1ConcRefinementThreads                  = 8                                         {product} {ergonomic}
   size_t G1HeapRegionSize                         = 1048576                                   {product} {ergonomic}
    uintx GCDrainStackTargetSize                   = 64                                        {product} {ergonomic}
     bool HeapDumpOnOutOfMemoryError               = true                                   {manageable} {command line}
   size_t InitialHeapSize                          = 268435456                                 {product} {command line}
   size_t MarkStackSize                            = 4194304                                   {product} {ergonomic}
   size_t MaxHeapSize                              = 536870912                                 {product} {command line}
   size_t MaxMetaspaceSize                         = 402653184                                 {product} {command line}
   size_t MaxNewSize                               = 321912832                                 {product} {ergonomic}
   size_t MinHeapDeltaBytes                        = 1048576                                   {product} {ergonomic}
    uintx NonNMethodCodeHeapSize                   = 5836300                                {pd product} {ergonomic}
    uintx NonProfiledCodeHeapSize                  = 122910970                              {pd product} {ergonomic}
    uintx ProfiledCodeHeapSize                     = 122910970                              {pd product} {ergonomic}
    uintx ReservedCodeCacheSize                    = 251658240                              {pd product} {ergonomic}
     bool SegmentedCodeCache                       = true                                      {product} {ergonomic}
     bool UseCompressedClassPointers               = true                                 {lp64_product} {ergonomic}
     bool UseCompressedOops                        = true                                 {lp64_product} {ergonomic}
     bool UseG1GC                                  = true                                      {product} {ergonomic}

Logging:
Log output configuration:
 #0: stdout all=warning uptime,level,tags
 #1: stderr all=off uptime,level,tags

Environment Variables:
PATH=/Library/Frameworks/Python.framework/Versions/3.12/bin:/usr/local/bin:/usr/bin:/bin:/usr/sbin:/sbin:/Library/Apple/usr/bin
SHELL=/bin/zsh
LC_CTYPE=ru_RU.UTF-8
TMPDIR=/var/folders/xv/tfw7c3wn54vbtwbm8zy6yy000000gn/T/

Signal Handlers:
SIGSEGV: [libjvm.dylib+0x7cf85b], sa_mask[0]=11111111011111110111111111111111, sa_flags=SA_ONSTACK|SA_RESTART|SA_SIGINFO
SIGBUS: [libjvm.dylib+0x7cf85b], sa_mask[0]=11111111011111110111111111111111, sa_flags=SA_RESTART|SA_SIGINFO
SIGFPE: [libjvm.dylib+0x7cf85b], sa_mask[0]=11111111011111110111111111111111, sa_flags=SA_RESTART|SA_SIGINFO
SIGPIPE: [libjvm.dylib+0x632564], sa_mask[0]=11111111011111110111111111111111, sa_flags=SA_RESTART|SA_SIGINFO
SIGXFSZ: [libjvm.dylib+0x632564], sa_mask[0]=11111111011111110111111111111111, sa_flags=SA_RESTART|SA_SIGINFO
SIGILL: [libjvm.dylib+0x7cf85b], sa_mask[0]=11111111011111110111111111111111, sa_flags=SA_RESTART|SA_SIGINFO
SIGUSR2: [libjvm.dylib+0x632b40], sa_mask[0]=00000000000000000000000000000000, sa_flags=SA_RESTART|SA_SIGINFO
SIGHUP: [libjvm.dylib+0x63168f], sa_mask[0]=11111111011111110111111111111111, sa_flags=SA_RESTART|SA_SIGINFO
SIGINT: [libjvm.dylib+0x63168f], sa_mask[0]=11111111011111110111111111111111, sa_flags=SA_RESTART|SA_SIGINFO
SIGTERM: [libjvm.dylib+0x63168f], sa_mask[0]=11111111011111110111111111111111, sa_flags=SA_RESTART|SA_SIGINFO
SIGQUIT: [libjvm.dylib+0x63168f], sa_mask[0]=11111111011111110111111111111111, sa_flags=SA_RESTART|SA_SIGINFO


---------------  S Y S T E M  ---------------

OS:uname:Darwin 20.6.0 Darwin Kernel Version 20.6.0: Thu Jul  6 22:12:47 PDT 2023; root:xnu-7195.141.49.702.12~1/RELEASE_X86_64 x86_64
OS uptime: 2 days 15:42 hours
rlimit (soft/hard): STACK 8192k/65532k , CORE 0k/infinity , NPROC 1392/2088 , NOFILE 10240/infinity , AS infinity/infinity , CPU infinity/infinity , DATA infinity/infinity , FSIZE infinity/infinity , MEMLOCK infinity/infinity , RSS infinity/infinity
load average:3.62 3.18 3.08

CPU:total 8 (initial active 8) (4 cores per cpu, 2 threads per core) family 6 model 142 stepping 10 microcode 0xf4, cmov, cx8, fxsr, mmx, sse, sse2, sse3, ssse3, sse4.1, sse4.2, popcnt, avx, avx2, aes, clmul, erms, 3dnowpref, lzcnt, ht, tsc, tscinvbit, bmi1, bmi2, adx, fma

Memory: 4k page, physical 8388608k(163364k free), swap 5242880k(885504k free)

vm_info: OpenJDK 64-Bit Server VM (11.0.23+9-LTS) for bsd-amd64 JRE (11.0.23+9-LTS), built on Apr 10 2024 18:39:02 by "ec2user" with clang Apple LLVM 14.0.0 (clang-1400.0.29.202)

END.
