#
# A fatal error has been detected by the Java Runtime Environment:
#
#  SIGSEGV (0xb) at pc=0x000000011066b000, pid=48381, tid=18435
#
# JRE version: OpenJDK Runtime Environment Corretto-11.0.23.9.1 (11.0.23+9) (build 11.0.23+9-LTS)
# Java VM: OpenJDK 64-Bit Server VM Corretto-11.0.23.9.1 (11.0.23+9-LTS, mixed mode, tiered, compressed oops, g1 gc, bsd-amd64)
# Problematic frame:
# C  [libnative-platform-file-events.dylib+0x0]  __dso_handle+0x0
#
# No core dump will be written. Core dumps have been disabled. To enable core dumping, try "ulimit -c unlimited" before starting Java again
#
# If you would like to submit a bug report, please visit:
#   https://github.com/corretto/corretto-11/issues/
#

---------------  S U M M A R Y ------------

Command Line: --add-opens=java.base/java.util=ALL-UNNAMED --add-opens=java.base/java.lang=ALL-UNNAMED --add-opens=java.base/java.lang.invoke=ALL-UNNAMED --add-opens=java.prefs/java.util.prefs=ALL-UNNAMED --add-opens=java.base/java.nio.charset=ALL-UNNAMED --add-opens=java.base/java.net=ALL-UNNAMED --add-opens=java.base/java.util.concurrent.atomic=ALL-UNNAMED -XX:MaxMetaspaceSize=384m -XX:+HeapDumpOnOutOfMemoryError -Xms256m -Xmx512m -Dfile.encoding=UTF-8 -Duser.country=RU -Duser.language=ru -Duser.variant -javaagent:/Users/flowforme/.gradle/wrapper/dists/gradle-8.8-bin/dl7vupf4psengwqhwktix4v1/gradle-8.8/lib/agents/gradle-instrumentation-agent-8.8.jar org.gradle.launcher.daemon.bootstrap.GradleDaemon 8.8

Host: MacBookPro15,2 x86_64 2400 MHz, 8 cores, 8G, Darwin 20.6.0
Time: Thu Dec 12 02:01:20 2024 MSK elapsed time: 5.832797 seconds (0d 0h 0m 5s)

---------------  T H R E A D  ---------------

Current thread is native thread

Stack: [0x000070000de8a000,0x000070000df0a000],  sp=0x000070000df07228,  free space=500k
Native frames: (J=compiled Java code, A=aot compiled Java code, j=interpreted, Vv=VM code, C=native code)
C  [libnative-platform-file-events.dylib+0x0]  __dso_handle+0x0
C  [libnative-platform-file-events.dylib+0x15c27]  void std::__1::__variant_detail::__ctor<std::__1::__variant_detail::__traits<FileEvent, ErrorEvent, PoisonPill> >::__generic_construct[abi:v160006]<std::__1::__variant_detail::__copy_constructor<std::__1::__variant_detail::__traits<FileEvent, ErrorEvent, PoisonPill>, (std::__1::__variant_detail::_Trait)1> const&>(std::__1::__variant_detail::__ctor<std::__1::__variant_detail::__traits<FileEvent, ErrorEvent, PoisonPill> >&, std::__1::__variant_detail::__copy_constructor<std::__1::__variant_detail::__traits<FileEvent, ErrorEvent, PoisonPill>, (std::__1::__variant_detail::_Trait)1> const&)+0x47
C  [libnative-platform-file-events.dylib+0x15b8a]  std::__1::__variant_detail::__copy_constructor<std::__1::__variant_detail::__traits<FileEvent, ErrorEvent, PoisonPill>, (std::__1::__variant_detail::_Trait)1>::__copy_constructor(std::__1::__variant_detail::__copy_constructor<std::__1::__variant_detail::__traits<FileEvent, ErrorEvent, PoisonPill>, (std::__1::__variant_detail::_Trait)1> const&)+0x2a
C  [libnative-platform-file-events.dylib+0x15b4d]  std::__1::__variant_detail::__assignment<std::__1::__variant_detail::__traits<FileEvent, ErrorEvent, PoisonPill> >::__assignment(std::__1::__variant_detail::__assignment<std::__1::__variant_detail::__traits<FileEvent, ErrorEvent, PoisonPill> > const&)+0x1d
C  [libnative-platform-file-events.dylib+0x15b1d]  std::__1::__variant_detail::__move_assignment<std::__1::__variant_detail::__traits<FileEvent, ErrorEvent, PoisonPill>, (std::__1::__variant_detail::_Trait)1>::__move_assignment(std::__1::__variant_detail::__move_assignment<std::__1::__variant_detail::__traits<FileEvent, ErrorEvent, PoisonPill>, (std::__1::__variant_detail::_Trait)1> const&)+0x1d
C  [libnative-platform-file-events.dylib+0x15aed]  std::__1::__variant_detail::__copy_assignment<std::__1::__variant_detail::__traits<FileEvent, ErrorEvent, PoisonPill>, (std::__1::__variant_detail::_Trait)1>::__copy_assignment(std::__1::__variant_detail::__copy_assignment<std::__1::__variant_detail::__traits<FileEvent, ErrorEvent, PoisonPill>, (std::__1::__variant_detail::_Trait)1> const&)+0x1d
C  [libnative-platform-file-events.dylib+0x15abd]  std::__1::__variant_detail::__impl<FileEvent, ErrorEvent, PoisonPill>::__impl(std::__1::__variant_detail::__impl<FileEvent, ErrorEvent, PoisonPill> const&)+0x1d
C  [libnative-platform-file-events.dylib+0x15a8d]  std::__1::__variant_detail::__impl<FileEvent, ErrorEvent, PoisonPill>::__impl(std::__1::__variant_detail::__impl<FileEvent, ErrorEvent, PoisonPill> const&)+0x1d
C  [libnative-platform-file-events.dylib+0x15a5d]  std::__1::variant<FileEvent, ErrorEvent, PoisonPill>::variant(std::__1::variant<FileEvent, ErrorEvent, PoisonPill> const&)+0x1d
C  [libnative-platform-file-events.dylib+0x15a2d]  std::__1::variant<FileEvent, ErrorEvent, PoisonPill>::variant(std::__1::variant<FileEvent, ErrorEvent, PoisonPill> const&)+0x1d
C  [libnative-platform-file-events.dylib+0x15a01]  void std::__1::allocator<std::__1::variant<FileEvent, ErrorEvent, PoisonPill> >::construct[abi:v160006]<std::__1::variant<FileEvent, ErrorEvent, PoisonPill>, std::__1::variant<FileEvent, ErrorEvent, PoisonPill> const&>(std::__1::variant<FileEvent, ErrorEvent, PoisonPill>*, std::__1::variant<FileEvent, ErrorEvent, PoisonPill> const&)+0x21
C  [libnative-platform-file-events.dylib+0x13805]  void std::__1::allocator_traits<std::__1::allocator<std::__1::variant<FileEvent, ErrorEvent, PoisonPill> > >::construct[abi:v160006]<std::__1::variant<FileEvent, ErrorEvent, PoisonPill>, std::__1::variant<FileEvent, ErrorEvent, PoisonPill> const&, void>(std::__1::allocator<std::__1::variant<FileEvent, ErrorEvent, PoisonPill> >&, std::__1::variant<FileEvent, ErrorEvent, PoisonPill>*, std::__1::variant<FileEvent, ErrorEvent, PoisonPill> const&)+0x25
C  [libnative-platform-file-events.dylib+0x133ef]  std::__1::deque<std::__1::variant<FileEvent, ErrorEvent, PoisonPill>, std::__1::allocator<std::__1::variant<FileEvent, ErrorEvent, PoisonPill> > >::push_back(std::__1::variant<FileEvent, ErrorEvent, PoisonPill> const&)+0x6f
C  [libnative-platform-file-events.dylib+0x1336d]  std::__1::queue<std::__1::variant<FileEvent, ErrorEvent, PoisonPill>, std::__1::deque<std::__1::variant<FileEvent, ErrorEvent, PoisonPill>, std::__1::allocator<std::__1::variant<FileEvent, ErrorEvent, PoisonPill> > > >::push[abi:v160006](std::__1::variant<FileEvent, ErrorEvent, PoisonPill> const&)+0x1d
C  [libnative-platform-file-events.dylib+0xd9d2]  BlockingQueue<std::__1::variant<FileEvent, ErrorEvent, PoisonPill> >::enqueue(std::__1::variant<FileEvent, ErrorEvent, PoisonPill> const&)+0x32
C  [libnative-platform-file-events.dylib+0xd809]  Server::handleEvents(unsigned long, char**, unsigned int const*, unsigned long long const*)+0xb9
C  [libnative-platform-file-events.dylib+0xd441]  handleEventsCallback(__FSEventStream const*, void*, unsigned long, void*, unsigned int const*, unsigned long long const*)+0x41
C  [FSEvents+0x2eff]  implementation_callback_rpc+0xe11
C  [FSEvents+0x206e]  _Xcallback_rpc+0xe9
C  [FSEvents+0x1f67]  FSEventsD2F_server+0x37
C  [FSEvents+0x5a73]  receive_and_dispatch_rcv_msg+0x141
C  [libdispatch.dylib+0x3806]  _dispatch_client_callout+0x8
C  [libdispatch.dylib+0x61b0]  _dispatch_continuation_pop+0x1a7
C  [libdispatch.dylib+0x16564]  _dispatch_source_invoke+0x80d
C  [libdispatch.dylib+0x9493]  _dispatch_lane_serial_drain+0x107
C  [libdispatch.dylib+0xa0ad]  _dispatch_lane_invoke+0x16e
C  [libdispatch.dylib+0x13c0d]  _dispatch_workloop_worker_thread+0x32b
C  [libsystem_pthread.dylib+0x345d]  _pthread_wqthread+0x13a
C  [libsystem_pthread.dylib+0x242f]  start_wqthread+0xf


siginfo: si_signo: 11 (SIGSEGV), si_code: 0 (unknown), si_addr: 0x0000000000000000

Register to memory mapping:

RAX=
[error occurred during error reporting (printing register info), id 0xb, SIGSEGV (0xb) at pc=0x0000000114f910e4]

Registers:
RAX=0x000000011066b000, RBX=0x0000000000000001, RCX=0x0000000000000000, RDX=0x000070000df075b0
RSP=0x000070000df07228, RBP=0x000070000df07280, RSI=0x00007fe26fd3ac00, RDI=0x000070000df07298
R8 =0x0000000000004cee, R9 =0x00007fe26fd3fa00, R10=0x0000000000000400, R11=0x0000000000003fff
R12=0x00007fe27657eb10, R13=0x0000000000000000, R14=0x0000000000000001, R15=0x0000000000000000
RIP=0x000000011066b000, EFLAGS=0x0000000000010206, ERR=0x0000000000000000
  TRAPNO=0x000000000000000d

Top of Stack: (sp=0x000070000df07228)
0x000070000df07228:   0000000110680d8c 000070000df07298
0x000070000df07238:   00007fe26fd3ac00 000000011066b000
0x000070000df07248:   000000011066b000 000000011066b000
0x000070000df07258:   000000011066b000 000070000df075b0
0x000070000df07268:   00007fe26fd3ac00 000070000df07298
0x000070000df07278:   0000000000000000 000070000df072b0
0x000070000df07288:   0000000110680c27 000070000df072b0
0x000070000df07298:   0000000110680bd5 000070000df075b0
0x000070000df072a8:   00007fe26fd3ac00 000070000df072f0
0x000070000df072b8:   0000000110680b8a 00007fe26fd3ac00
0x000070000df072c8:   0000000110680849 0000000000000000
0x000070000df072d8:   000070000df073b0 000070000df075b0
0x000070000df072e8:   00007fe26fd3ac00 000070000df07310
0x000070000df072f8:   0000000110680b4d 000070000df075b0
0x000070000df07308:   00007fe26fd3ac00 000070000df07330
0x000070000df07318:   0000000110680b1d 000070000df075b0
0x000070000df07328:   00007fe26fd3ac00 000070000df07350
0x000070000df07338:   0000000110680aed 000070000df075b0
0x000070000df07348:   00007fe26fd3ac00 000070000df07370
0x000070000df07358:   0000000110680abd 000070000df075b0
0x000070000df07368:   00007fe26fd3ac00 000070000df07390
0x000070000df07378:   0000000110680a8d 000070000df075b0
0x000070000df07388:   00007fe26fd3ac00 000070000df073b0
0x000070000df07398:   0000000110680a5d 000070000df075b0
0x000070000df073a8:   00007fe26fd3ac00 000070000df073d0
0x000070000df073b8:   0000000110680a2d 000070000df075b0
0x000070000df073c8:   00007fe26fd3ac00 000070000df07400
0x000070000df073d8:   0000000110680a01 00007fe26fd3ac00
0x000070000df073e8:   000070000df075b0 00007fe26fd3ac00
0x000070000df073f8:   00007fe26efb5608 000070000df07430
0x000070000df07408:   000000011067e805 0000000000000000
0x000070000df07418:   000070000df075b0 00007fe26fd3ac00 

Instructions: (pc=0x000000011066b000)
0x000000011066af00:   00 00 00 00 00 00 00 00 00 00 00 00 00 00 00 00
0x000000011066af10:   00 00 00 00 00 00 00 00 00 00 00 00 00 00 00 00
0x000000011066af20:   00 00 00 00 00 00 00 00 00 00 00 00 00 00 00 00
0x000000011066af30:   00 00 00 00 00 00 00 00 00 00 00 00 00 00 00 00
0x000000011066af40:   00 00 00 00 00 00 00 00 00 00 00 00 00 00 00 00
0x000000011066af50:   00 00 00 00 00 00 00 00 00 00 00 00 00 00 00 00
0x000000011066af60:   00 00 00 00 00 00 00 00 00 00 00 00 00 00 00 00
0x000000011066af70:   00 00 00 00 00 00 00 00 00 00 00 00 00 00 00 00
0x000000011066af80:   00 00 00 00 00 00 00 00 00 00 00 00 00 00 00 00
0x000000011066af90:   00 00 00 00 00 00 00 00 00 00 00 00 00 00 00 00
0x000000011066afa0:   00 00 00 00 00 00 00 00 00 00 00 00 00 00 00 00
0x000000011066afb0:   00 00 00 00 00 00 00 00 00 00 00 00 00 00 00 00
0x000000011066afc0:   00 00 00 00 00 00 00 00 00 00 00 00 00 00 00 00
0x000000011066afd0:   00 00 00 00 00 00 00 00 00 00 00 00 00 00 00 00
0x000000011066afe0:   00 00 00 00 00 00 00 00 00 00 00 00 00 00 00 00
0x000000011066aff0:   00 00 00 00 00 00 00 00 00 00 00 00 00 00 00 00
0x000000011066b000:   cf fa ed fe 07 00 00 01 03 00 00 00 06 00 00 00
0x000000011066b010:   10 00 00 00 00 07 00 00 85 80 11 00 00 00 00 00
0x000000011066b020:   19 00 00 00 78 02 00 00 5f 5f 54 45 58 54 00 00
0x000000011066b030:   00 00 00 00 00 00 00 00 00 00 00 00 00 00 00 00
0x000000011066b040:   00 c0 01 00 00 00 00 00 00 00 00 00 00 00 00 00
0x000000011066b050:   00 c0 01 00 00 00 00 00 05 00 00 00 05 00 00 00
0x000000011066b060:   07 00 00 00 00 00 00 00 5f 5f 74 65 78 74 00 00
0x000000011066b070:   00 00 00 00 00 00 00 00 5f 5f 54 45 58 54 00 00
0x000000011066b080:   00 00 00 00 00 00 00 00 80 19 00 00 00 00 00 00
0x000000011066b090:   dc 7d 01 00 00 00 00 00 80 19 00 00 04 00 00 00
0x000000011066b0a0:   00 00 00 00 00 00 00 00 00 04 00 80 00 00 00 00
0x000000011066b0b0:   00 00 00 00 00 00 00 00 5f 5f 73 74 75 62 73 00
0x000000011066b0c0:   00 00 00 00 00 00 00 00 5f 5f 54 45 58 54 00 00
0x000000011066b0d0:   00 00 00 00 00 00 00 00 5c 97 01 00 00 00 00 00
0x000000011066b0e0:   ec 04 00 00 00 00 00 00 5c 97 01 00 00 00 00 00
0x000000011066b0f0:   00 00 00 00 00 00 00 00 08 04 00 80 00 00 00 00 


Stack slot to memory mapping:
stack at sp + 0 slots: 
[error occurred during error reporting (inspecting top of stack), id 0xb, SIGSEGV (0xb) at pc=0x0000000114f910e4]


---------------  P R O C E S S  ---------------

VM state:not at safepoint (normal execution)

VM Mutex/Monitor currently owned by a thread: None

Heap address: 0x00000007e0000000, size: 512 MB, Compressed Oops mode: Zero based, Oop shift amount: 3
Narrow klass base: 0x0000000800000000, Narrow klass shift: 0
Compressed class space size: 394264576 Address: 0x0000000800000000

Heap:
 garbage-first heap   total 262144K, used 93100K [0x00000007e0000000, 0x0000000800000000)
  region size 1024K, 62 young (63488K), 10 survivors (10240K)
 Metaspace       used 60235K, capacity 62582K, committed 62796K, reserved 440320K
  class space    used 8059K, capacity 8938K, committed 9036K, reserved 385024K
Heap Regions: E=young(eden), S=young(survivor), O=old, HS=humongous(starts), HC=humongous(continues), CS=collection set, F=free, A=archive, TAMS=top-at-mark-start (previous, next)
|   0|0x00000007e0000000, 0x00000007e0100000, 0x00000007e0100000|100%|HS|  |TAMS 0x00000007e0100000, 0x00000007e0000000| Complete 
|   1|0x00000007e0100000, 0x00000007e0200000, 0x00000007e0200000|100%|HC|  |TAMS 0x00000007e0200000, 0x00000007e0100000| Complete 
|   2|0x00000007e0200000, 0x00000007e0300000, 0x00000007e0300000|100%|HC|  |TAMS 0x00000007e0300000, 0x00000007e0200000| Complete 
|   3|0x00000007e0300000, 0x00000007e0400000, 0x00000007e0400000|100%|HC|  |TAMS 0x00000007e0400000, 0x00000007e0300000| Complete 
|   4|0x00000007e0400000, 0x00000007e0500000, 0x00000007e0500000|100%| O|  |TAMS 0x00000007e0500000, 0x00000007e0400000| Untracked 
|   5|0x00000007e0500000, 0x00000007e0600000, 0x00000007e0600000|100%| O|  |TAMS 0x00000007e0600000, 0x00000007e0500000| Untracked 
|   6|0x00000007e0600000, 0x00000007e0700000, 0x00000007e0700000|100%| O|  |TAMS 0x00000007e0700000, 0x00000007e0600000| Untracked 
|   7|0x00000007e0700000, 0x00000007e0800000, 0x00000007e0800000|100%| O|  |TAMS 0x00000007e0800000, 0x00000007e0700000| Untracked 
|   8|0x00000007e0800000, 0x00000007e0900000, 0x00000007e0900000|100%|HS|  |TAMS 0x00000007e0900000, 0x00000007e0800000| Complete 
|   9|0x00000007e0900000, 0x00000007e0a00000, 0x00000007e0a00000|100%| O|  |TAMS 0x00000007e0a00000, 0x00000007e0900000| Untracked 
|  10|0x00000007e0a00000, 0x00000007e0b00000, 0x00000007e0b00000|100%| O|  |TAMS 0x00000007e0b00000, 0x00000007e0a00000| Untracked 
|  11|0x00000007e0b00000, 0x00000007e0c00000, 0x00000007e0c00000|100%| O|  |TAMS 0x00000007e0c00000, 0x00000007e0b00000| Untracked 
|  12|0x00000007e0c00000, 0x00000007e0d00000, 0x00000007e0d00000|100%| O|  |TAMS 0x00000007e0d00000, 0x00000007e0c00000| Untracked 
|  13|0x00000007e0d00000, 0x00000007e0e00000, 0x00000007e0e00000|100%| O|  |TAMS 0x00000007e0e00000, 0x00000007e0d00000| Untracked 
|  14|0x00000007e0e00000, 0x00000007e0f00000, 0x00000007e0f00000|100%| O|  |TAMS 0x00000007e0f00000, 0x00000007e0e00000| Untracked 
|  15|0x00000007e0f00000, 0x00000007e1000000, 0x00000007e1000000|100%| O|  |TAMS 0x00000007e1000000, 0x00000007e0f00000| Untracked 
|  16|0x00000007e1000000, 0x00000007e1100000, 0x00000007e1100000|100%| O|  |TAMS 0x00000007e1100000, 0x00000007e1000000| Untracked 
|  17|0x00000007e1100000, 0x00000007e1200000, 0x00000007e1200000|100%| O|  |TAMS 0x00000007e1200000, 0x00000007e1100000| Untracked 
|  18|0x00000007e1200000, 0x00000007e1300000, 0x00000007e1300000|100%| O|  |TAMS 0x00000007e1300000, 0x00000007e1200000| Untracked 
|  19|0x00000007e1300000, 0x00000007e1400000, 0x00000007e1400000|100%| O|  |TAMS 0x00000007e1400000, 0x00000007e1300000| Untracked 
|  20|0x00000007e1400000, 0x00000007e1500000, 0x00000007e1500000|100%| O|  |TAMS 0x00000007e1500000, 0x00000007e1400000| Untracked 
|  21|0x00000007e1500000, 0x00000007e1600000, 0x00000007e1600000|100%| O|  |TAMS 0x00000007e1600000, 0x00000007e1500000| Untracked 
|  22|0x00000007e1600000, 0x00000007e1700000, 0x00000007e1700000|100%| O|  |TAMS 0x00000007e1700000, 0x00000007e1600000| Untracked 
|  23|0x00000007e1700000, 0x00000007e1800000, 0x00000007e1800000|100%| O|  |TAMS 0x00000007e1800000, 0x00000007e1700000| Untracked 
|  24|0x00000007e1800000, 0x00000007e1900000, 0x00000007e1900000|100%| O|  |TAMS 0x00000007e1900000, 0x00000007e1800000| Untracked 
|  25|0x00000007e1900000, 0x00000007e1a00000, 0x00000007e1a00000|100%| O|  |TAMS 0x00000007e1a00000, 0x00000007e1900000| Untracked 
|  26|0x00000007e1a00000, 0x00000007e1b00000, 0x00000007e1b00000|100%| O|  |TAMS 0x00000007e1b00000, 0x00000007e1a00000| Untracked 
|  27|0x00000007e1b00000, 0x00000007e1c00000, 0x00000007e1c00000|100%| O|  |TAMS 0x00000007e1c00000, 0x00000007e1b00000| Untracked 
|  28|0x00000007e1c00000, 0x00000007e1d00000, 0x00000007e1d00000|100%| O|  |TAMS 0x00000007e1d00000, 0x00000007e1c00000| Untracked 
|  29|0x00000007e1d00000, 0x00000007e1e00000, 0x00000007e1e00000|100%| O|  |TAMS 0x00000007e1e00000, 0x00000007e1d00000| Untracked 
|  30|0x00000007e1e00000, 0x00000007e1e63a00, 0x00000007e1f00000| 38%| O|  |TAMS 0x00000007e1e63a00, 0x00000007e1e00000| Untracked 
|  31|0x00000007e1f00000, 0x00000007e1f00000, 0x00000007e2000000|  0%| F|  |TAMS 0x00000007e1f00000, 0x00000007e1f00000| Untracked 
|  32|0x00000007e2000000, 0x00000007e2000000, 0x00000007e2100000|  0%| F|  |TAMS 0x00000007e2000000, 0x00000007e2000000| Untracked 
|  33|0x00000007e2100000, 0x00000007e2100000, 0x00000007e2200000|  0%| F|  |TAMS 0x00000007e2100000, 0x00000007e2100000| Untracked 
|  34|0x00000007e2200000, 0x00000007e2200000, 0x00000007e2300000|  0%| F|  |TAMS 0x00000007e2200000, 0x00000007e2200000| Untracked 
|  35|0x00000007e2300000, 0x00000007e2300000, 0x00000007e2400000|  0%| F|  |TAMS 0x00000007e2300000, 0x00000007e2300000| Untracked 
|  36|0x00000007e2400000, 0x00000007e2400000, 0x00000007e2500000|  0%| F|  |TAMS 0x00000007e2400000, 0x00000007e2400000| Untracked 
|  37|0x00000007e2500000, 0x00000007e2500000, 0x00000007e2600000|  0%| F|  |TAMS 0x00000007e2500000, 0x00000007e2500000| Untracked 
|  38|0x00000007e2600000, 0x00000007e2600000, 0x00000007e2700000|  0%| F|  |TAMS 0x00000007e2600000, 0x00000007e2600000| Untracked 
|  39|0x00000007e2700000, 0x00000007e2700000, 0x00000007e2800000|  0%| F|  |TAMS 0x00000007e2700000, 0x00000007e2700000| Untracked 
|  40|0x00000007e2800000, 0x00000007e2800000, 0x00000007e2900000|  0%| F|  |TAMS 0x00000007e2800000, 0x00000007e2800000| Untracked 
|  41|0x00000007e2900000, 0x00000007e2900000, 0x00000007e2a00000|  0%| F|  |TAMS 0x00000007e2900000, 0x00000007e2900000| Untracked 
|  42|0x00000007e2a00000, 0x00000007e2a00000, 0x00000007e2b00000|  0%| F|  |TAMS 0x00000007e2a00000, 0x00000007e2a00000| Untracked 
|  43|0x00000007e2b00000, 0x00000007e2b00000, 0x00000007e2c00000|  0%| F|  |TAMS 0x00000007e2b00000, 0x00000007e2b00000| Untracked 
|  44|0x00000007e2c00000, 0x00000007e2c00000, 0x00000007e2d00000|  0%| F|  |TAMS 0x00000007e2c00000, 0x00000007e2c00000| Untracked 
|  45|0x00000007e2d00000, 0x00000007e2d00000, 0x00000007e2e00000|  0%| F|  |TAMS 0x00000007e2d00000, 0x00000007e2d00000| Untracked 
|  46|0x00000007e2e00000, 0x00000007e2e00000, 0x00000007e2f00000|  0%| F|  |TAMS 0x00000007e2e00000, 0x00000007e2e00000| Untracked 
|  47|0x00000007e2f00000, 0x00000007e2f00000, 0x00000007e3000000|  0%| F|  |TAMS 0x00000007e2f00000, 0x00000007e2f00000| Untracked 
|  48|0x00000007e3000000, 0x00000007e3000000, 0x00000007e3100000|  0%| F|  |TAMS 0x00000007e3000000, 0x00000007e3000000| Untracked 
|  49|0x00000007e3100000, 0x00000007e3100000, 0x00000007e3200000|  0%| F|  |TAMS 0x00000007e3100000, 0x00000007e3100000| Untracked 
|  50|0x00000007e3200000, 0x00000007e3200000, 0x00000007e3300000|  0%| F|  |TAMS 0x00000007e3200000, 0x00000007e3200000| Untracked 
|  51|0x00000007e3300000, 0x00000007e3300000, 0x00000007e3400000|  0%| F|  |TAMS 0x00000007e3300000, 0x00000007e3300000| Untracked 
|  52|0x00000007e3400000, 0x00000007e3400000, 0x00000007e3500000|  0%| F|  |TAMS 0x00000007e3400000, 0x00000007e3400000| Untracked 
|  53|0x00000007e3500000, 0x00000007e3500000, 0x00000007e3600000|  0%| F|  |TAMS 0x00000007e3500000, 0x00000007e3500000| Untracked 
|  54|0x00000007e3600000, 0x00000007e3600000, 0x00000007e3700000|  0%| F|  |TAMS 0x00000007e3600000, 0x00000007e3600000| Untracked 
|  55|0x00000007e3700000, 0x00000007e3700000, 0x00000007e3800000|  0%| F|  |TAMS 0x00000007e3700000, 0x00000007e3700000| Untracked 
|  56|0x00000007e3800000, 0x00000007e3800000, 0x00000007e3900000|  0%| F|  |TAMS 0x00000007e3800000, 0x00000007e3800000| Untracked 
|  57|0x00000007e3900000, 0x00000007e3900000, 0x00000007e3a00000|  0%| F|  |TAMS 0x00000007e3900000, 0x00000007e3900000| Untracked 
|  58|0x00000007e3a00000, 0x00000007e3a00000, 0x00000007e3b00000|  0%| F|  |TAMS 0x00000007e3a00000, 0x00000007e3a00000| Untracked 
|  59|0x00000007e3b00000, 0x00000007e3b00000, 0x00000007e3c00000|  0%| F|  |TAMS 0x00000007e3b00000, 0x00000007e3b00000| Untracked 
|  60|0x00000007e3c00000, 0x00000007e3c00000, 0x00000007e3d00000|  0%| F|  |TAMS 0x00000007e3c00000, 0x00000007e3c00000| Untracked 
|  61|0x00000007e3d00000, 0x00000007e3d00000, 0x00000007e3e00000|  0%| F|  |TAMS 0x00000007e3d00000, 0x00000007e3d00000| Untracked 
|  62|0x00000007e3e00000, 0x00000007e3e00000, 0x00000007e3f00000|  0%| F|  |TAMS 0x00000007e3e00000, 0x00000007e3e00000| Untracked 
|  63|0x00000007e3f00000, 0x00000007e3f00000, 0x00000007e4000000|  0%| F|  |TAMS 0x00000007e3f00000, 0x00000007e3f00000| Untracked 
|  64|0x00000007e4000000, 0x00000007e4000000, 0x00000007e4100000|  0%| F|  |TAMS 0x00000007e4000000, 0x00000007e4000000| Untracked 
|  65|0x00000007e4100000, 0x00000007e4100000, 0x00000007e4200000|  0%| F|  |TAMS 0x00000007e4100000, 0x00000007e4100000| Untracked 
|  66|0x00000007e4200000, 0x00000007e4200000, 0x00000007e4300000|  0%| F|  |TAMS 0x00000007e4200000, 0x00000007e4200000| Untracked 
|  67|0x00000007e4300000, 0x00000007e4300000, 0x00000007e4400000|  0%| F|  |TAMS 0x00000007e4300000, 0x00000007e4300000| Untracked 
|  68|0x00000007e4400000, 0x00000007e4400000, 0x00000007e4500000|  0%| F|  |TAMS 0x00000007e4400000, 0x00000007e4400000| Untracked 
|  69|0x00000007e4500000, 0x00000007e4500000, 0x00000007e4600000|  0%| F|  |TAMS 0x00000007e4500000, 0x00000007e4500000| Untracked 
|  70|0x00000007e4600000, 0x00000007e4600000, 0x00000007e4700000|  0%| F|  |TAMS 0x00000007e4600000, 0x00000007e4600000| Untracked 
|  71|0x00000007e4700000, 0x00000007e4700000, 0x00000007e4800000|  0%| F|  |TAMS 0x00000007e4700000, 0x00000007e4700000| Untracked 
|  72|0x00000007e4800000, 0x00000007e4800000, 0x00000007e4900000|  0%| F|  |TAMS 0x00000007e4800000, 0x00000007e4800000| Untracked 
|  73|0x00000007e4900000, 0x00000007e4900000, 0x00000007e4a00000|  0%| F|  |TAMS 0x00000007e4900000, 0x00000007e4900000| Untracked 
|  74|0x00000007e4a00000, 0x00000007e4a00000, 0x00000007e4b00000|  0%| F|  |TAMS 0x00000007e4a00000, 0x00000007e4a00000| Untracked 
|  75|0x00000007e4b00000, 0x00000007e4b00000, 0x00000007e4c00000|  0%| F|  |TAMS 0x00000007e4b00000, 0x00000007e4b00000| Untracked 
|  76|0x00000007e4c00000, 0x00000007e4c00000, 0x00000007e4d00000|  0%| F|  |TAMS 0x00000007e4c00000, 0x00000007e4c00000| Untracked 
|  77|0x00000007e4d00000, 0x00000007e4d00000, 0x00000007e4e00000|  0%| F|  |TAMS 0x00000007e4d00000, 0x00000007e4d00000| Untracked 
|  78|0x00000007e4e00000, 0x00000007e4e00000, 0x00000007e4f00000|  0%| F|  |TAMS 0x00000007e4e00000, 0x00000007e4e00000| Untracked 
|  79|0x00000007e4f00000, 0x00000007e4f00000, 0x00000007e5000000|  0%| F|  |TAMS 0x00000007e4f00000, 0x00000007e4f00000| Untracked 
|  80|0x00000007e5000000, 0x00000007e5000000, 0x00000007e5100000|  0%| F|  |TAMS 0x00000007e5000000, 0x00000007e5000000| Untracked 
|  81|0x00000007e5100000, 0x00000007e5100000, 0x00000007e5200000|  0%| F|  |TAMS 0x00000007e5100000, 0x00000007e5100000| Untracked 
|  82|0x00000007e5200000, 0x00000007e5200000, 0x00000007e5300000|  0%| F|  |TAMS 0x00000007e5200000, 0x00000007e5200000| Untracked 
|  83|0x00000007e5300000, 0x00000007e5300000, 0x00000007e5400000|  0%| F|  |TAMS 0x00000007e5300000, 0x00000007e5300000| Untracked 
|  84|0x00000007e5400000, 0x00000007e5400000, 0x00000007e5500000|  0%| F|  |TAMS 0x00000007e5400000, 0x00000007e5400000| Untracked 
|  85|0x00000007e5500000, 0x00000007e5500000, 0x00000007e5600000|  0%| F|  |TAMS 0x00000007e5500000, 0x00000007e5500000| Untracked 
|  86|0x00000007e5600000, 0x00000007e5600000, 0x00000007e5700000|  0%| F|  |TAMS 0x00000007e5600000, 0x00000007e5600000| Untracked 
|  87|0x00000007e5700000, 0x00000007e5700000, 0x00000007e5800000|  0%| F|  |TAMS 0x00000007e5700000, 0x00000007e5700000| Untracked 
|  88|0x00000007e5800000, 0x00000007e5800000, 0x00000007e5900000|  0%| F|  |TAMS 0x00000007e5800000, 0x00000007e5800000| Untracked 
|  89|0x00000007e5900000, 0x00000007e5900000, 0x00000007e5a00000|  0%| F|  |TAMS 0x00000007e5900000, 0x00000007e5900000| Untracked 
|  90|0x00000007e5a00000, 0x00000007e5a00000, 0x00000007e5b00000|  0%| F|  |TAMS 0x00000007e5a00000, 0x00000007e5a00000| Untracked 
|  91|0x00000007e5b00000, 0x00000007e5b00000, 0x00000007e5c00000|  0%| F|  |TAMS 0x00000007e5b00000, 0x00000007e5b00000| Untracked 
|  92|0x00000007e5c00000, 0x00000007e5c00000, 0x00000007e5d00000|  0%| F|  |TAMS 0x00000007e5c00000, 0x00000007e5c00000| Untracked 
|  93|0x00000007e5d00000, 0x00000007e5d00000, 0x00000007e5e00000|  0%| F|  |TAMS 0x00000007e5d00000, 0x00000007e5d00000| Untracked 
|  94|0x00000007e5e00000, 0x00000007e5e00000, 0x00000007e5f00000|  0%| F|  |TAMS 0x00000007e5e00000, 0x00000007e5e00000| Untracked 
|  95|0x00000007e5f00000, 0x00000007e5f00000, 0x00000007e6000000|  0%| F|  |TAMS 0x00000007e5f00000, 0x00000007e5f00000| Untracked 
|  96|0x00000007e6000000, 0x00000007e6000000, 0x00000007e6100000|  0%| F|  |TAMS 0x00000007e6000000, 0x00000007e6000000| Untracked 
|  97|0x00000007e6100000, 0x00000007e6100000, 0x00000007e6200000|  0%| F|  |TAMS 0x00000007e6100000, 0x00000007e6100000| Untracked 
|  98|0x00000007e6200000, 0x00000007e6200000, 0x00000007e6300000|  0%| F|  |TAMS 0x00000007e6200000, 0x00000007e6200000| Untracked 
|  99|0x00000007e6300000, 0x00000007e6300000, 0x00000007e6400000|  0%| F|  |TAMS 0x00000007e6300000, 0x00000007e6300000| Untracked 
| 100|0x00000007e6400000, 0x00000007e6400000, 0x00000007e6500000|  0%| F|  |TAMS 0x00000007e6400000, 0x00000007e6400000| Untracked 
| 101|0x00000007e6500000, 0x00000007e6500000, 0x00000007e6600000|  0%| F|  |TAMS 0x00000007e6500000, 0x00000007e6500000| Untracked 
| 102|0x00000007e6600000, 0x00000007e6600000, 0x00000007e6700000|  0%| F|  |TAMS 0x00000007e6600000, 0x00000007e6600000| Untracked 
| 103|0x00000007e6700000, 0x00000007e6700000, 0x00000007e6800000|  0%| F|  |TAMS 0x00000007e6700000, 0x00000007e6700000| Untracked 
| 104|0x00000007e6800000, 0x00000007e6800000, 0x00000007e6900000|  0%| F|  |TAMS 0x00000007e6800000, 0x00000007e6800000| Untracked 
| 105|0x00000007e6900000, 0x00000007e6900000, 0x00000007e6a00000|  0%| F|  |TAMS 0x00000007e6900000, 0x00000007e6900000| Untracked 
| 106|0x00000007e6a00000, 0x00000007e6a00000, 0x00000007e6b00000|  0%| F|  |TAMS 0x00000007e6a00000, 0x00000007e6a00000| Untracked 
| 107|0x00000007e6b00000, 0x00000007e6b00000, 0x00000007e6c00000|  0%| F|  |TAMS 0x00000007e6b00000, 0x00000007e6b00000| Untracked 
| 108|0x00000007e6c00000, 0x00000007e6c00000, 0x00000007e6d00000|  0%| F|  |TAMS 0x00000007e6c00000, 0x00000007e6c00000| Untracked 
| 109|0x00000007e6d00000, 0x00000007e6d00000, 0x00000007e6e00000|  0%| F|  |TAMS 0x00000007e6d00000, 0x00000007e6d00000| Untracked 
| 110|0x00000007e6e00000, 0x00000007e6e00000, 0x00000007e6f00000|  0%| F|  |TAMS 0x00000007e6e00000, 0x00000007e6e00000| Untracked 
| 111|0x00000007e6f00000, 0x00000007e6f00000, 0x00000007e7000000|  0%| F|  |TAMS 0x00000007e6f00000, 0x00000007e6f00000| Untracked 
| 112|0x00000007e7000000, 0x00000007e7000000, 0x00000007e7100000|  0%| F|  |TAMS 0x00000007e7000000, 0x00000007e7000000| Untracked 
| 113|0x00000007e7100000, 0x00000007e7100000, 0x00000007e7200000|  0%| F|  |TAMS 0x00000007e7100000, 0x00000007e7100000| Untracked 
| 114|0x00000007e7200000, 0x00000007e7200000, 0x00000007e7300000|  0%| F|  |TAMS 0x00000007e7200000, 0x00000007e7200000| Untracked 
| 115|0x00000007e7300000, 0x00000007e7300000, 0x00000007e7400000|  0%| F|  |TAMS 0x00000007e7300000, 0x00000007e7300000| Untracked 
| 116|0x00000007e7400000, 0x00000007e7400000, 0x00000007e7500000|  0%| F|  |TAMS 0x00000007e7400000, 0x00000007e7400000| Untracked 
| 117|0x00000007e7500000, 0x00000007e7500000, 0x00000007e7600000|  0%| F|  |TAMS 0x00000007e7500000, 0x00000007e7500000| Untracked 
| 118|0x00000007e7600000, 0x00000007e7600000, 0x00000007e7700000|  0%| F|  |TAMS 0x00000007e7600000, 0x00000007e7600000| Untracked 
| 119|0x00000007e7700000, 0x00000007e7700000, 0x00000007e7800000|  0%| F|  |TAMS 0x00000007e7700000, 0x00000007e7700000| Untracked 
| 120|0x00000007e7800000, 0x00000007e7800000, 0x00000007e7900000|  0%| F|  |TAMS 0x00000007e7800000, 0x00000007e7800000| Untracked 
| 121|0x00000007e7900000, 0x00000007e7900000, 0x00000007e7a00000|  0%| F|  |TAMS 0x00000007e7900000, 0x00000007e7900000| Untracked 
| 122|0x00000007e7a00000, 0x00000007e7a00000, 0x00000007e7b00000|  0%| F|  |TAMS 0x00000007e7a00000, 0x00000007e7a00000| Untracked 
| 123|0x00000007e7b00000, 0x00000007e7b00000, 0x00000007e7c00000|  0%| F|  |TAMS 0x00000007e7b00000, 0x00000007e7b00000| Untracked 
| 124|0x00000007e7c00000, 0x00000007e7c00000, 0x00000007e7d00000|  0%| F|  |TAMS 0x00000007e7c00000, 0x00000007e7c00000| Untracked 
| 125|0x00000007e7d00000, 0x00000007e7d00000, 0x00000007e7e00000|  0%| F|  |TAMS 0x00000007e7d00000, 0x00000007e7d00000| Untracked 
| 126|0x00000007e7e00000, 0x00000007e7e00000, 0x00000007e7f00000|  0%| F|  |TAMS 0x00000007e7e00000, 0x00000007e7e00000| Untracked 
| 127|0x00000007e7f00000, 0x00000007e7f00000, 0x00000007e8000000|  0%| F|  |TAMS 0x00000007e7f00000, 0x00000007e7f00000| Untracked 
| 128|0x00000007e8000000, 0x00000007e8000000, 0x00000007e8100000|  0%| F|  |TAMS 0x00000007e8000000, 0x00000007e8000000| Untracked 
| 129|0x00000007e8100000, 0x00000007e8100000, 0x00000007e8200000|  0%| F|  |TAMS 0x00000007e8100000, 0x00000007e8100000| Untracked 
| 130|0x00000007e8200000, 0x00000007e8200000, 0x00000007e8300000|  0%| F|  |TAMS 0x00000007e8200000, 0x00000007e8200000| Untracked 
| 131|0x00000007e8300000, 0x00000007e8300000, 0x00000007e8400000|  0%| F|  |TAMS 0x00000007e8300000, 0x00000007e8300000| Untracked 
| 132|0x00000007e8400000, 0x00000007e8400000, 0x00000007e8500000|  0%| F|  |TAMS 0x00000007e8400000, 0x00000007e8400000| Untracked 
| 133|0x00000007e8500000, 0x00000007e8500000, 0x00000007e8600000|  0%| F|  |TAMS 0x00000007e8500000, 0x00000007e8500000| Untracked 
| 134|0x00000007e8600000, 0x00000007e8600000, 0x00000007e8700000|  0%| F|  |TAMS 0x00000007e8600000, 0x00000007e8600000| Untracked 
| 135|0x00000007e8700000, 0x00000007e8700000, 0x00000007e8800000|  0%| F|  |TAMS 0x00000007e8700000, 0x00000007e8700000| Untracked 
| 136|0x00000007e8800000, 0x00000007e8800000, 0x00000007e8900000|  0%| F|  |TAMS 0x00000007e8800000, 0x00000007e8800000| Untracked 
| 137|0x00000007e8900000, 0x00000007e8900000, 0x00000007e8a00000|  0%| F|  |TAMS 0x00000007e8900000, 0x00000007e8900000| Untracked 
| 138|0x00000007e8a00000, 0x00000007e8a00000, 0x00000007e8b00000|  0%| F|  |TAMS 0x00000007e8a00000, 0x00000007e8a00000| Untracked 
| 139|0x00000007e8b00000, 0x00000007e8b00000, 0x00000007e8c00000|  0%| F|  |TAMS 0x00000007e8b00000, 0x00000007e8b00000| Untracked 
| 140|0x00000007e8c00000, 0x00000007e8c00000, 0x00000007e8d00000|  0%| F|  |TAMS 0x00000007e8c00000, 0x00000007e8c00000| Untracked 
| 141|0x00000007e8d00000, 0x00000007e8d00000, 0x00000007e8e00000|  0%| F|  |TAMS 0x00000007e8d00000, 0x00000007e8d00000| Untracked 
| 142|0x00000007e8e00000, 0x00000007e8e00000, 0x00000007e8f00000|  0%| F|  |TAMS 0x00000007e8e00000, 0x00000007e8e00000| Untracked 
| 143|0x00000007e8f00000, 0x00000007e8f00000, 0x00000007e9000000|  0%| F|  |TAMS 0x00000007e8f00000, 0x00000007e8f00000| Untracked 
| 144|0x00000007e9000000, 0x00000007e9000000, 0x00000007e9100000|  0%| F|  |TAMS 0x00000007e9000000, 0x00000007e9000000| Untracked 
| 145|0x00000007e9100000, 0x00000007e9100000, 0x00000007e9200000|  0%| F|  |TAMS 0x00000007e9100000, 0x00000007e9100000| Untracked 
| 146|0x00000007e9200000, 0x00000007e9200000, 0x00000007e9300000|  0%| F|  |TAMS 0x00000007e9200000, 0x00000007e9200000| Untracked 
| 147|0x00000007e9300000, 0x00000007e9300000, 0x00000007e9400000|  0%| F|  |TAMS 0x00000007e9300000, 0x00000007e9300000| Untracked 
| 148|0x00000007e9400000, 0x00000007e9400000, 0x00000007e9500000|  0%| F|  |TAMS 0x00000007e9400000, 0x00000007e9400000| Untracked 
| 149|0x00000007e9500000, 0x00000007e9500000, 0x00000007e9600000|  0%| F|  |TAMS 0x00000007e9500000, 0x00000007e9500000| Untracked 
| 150|0x00000007e9600000, 0x00000007e9600000, 0x00000007e9700000|  0%| F|  |TAMS 0x00000007e9600000, 0x00000007e9600000| Untracked 
| 151|0x00000007e9700000, 0x00000007e9700000, 0x00000007e9800000|  0%| F|  |TAMS 0x00000007e9700000, 0x00000007e9700000| Untracked 
| 152|0x00000007e9800000, 0x00000007e9800000, 0x00000007e9900000|  0%| F|  |TAMS 0x00000007e9800000, 0x00000007e9800000| Untracked 
| 153|0x00000007e9900000, 0x00000007e9900000, 0x00000007e9a00000|  0%| F|  |TAMS 0x00000007e9900000, 0x00000007e9900000| Untracked 
| 154|0x00000007e9a00000, 0x00000007e9a00000, 0x00000007e9b00000|  0%| F|  |TAMS 0x00000007e9a00000, 0x00000007e9a00000| Untracked 
| 155|0x00000007e9b00000, 0x00000007e9b00000, 0x00000007e9c00000|  0%| F|  |TAMS 0x00000007e9b00000, 0x00000007e9b00000| Untracked 
| 156|0x00000007e9c00000, 0x00000007e9c00000, 0x00000007e9d00000|  0%| F|  |TAMS 0x00000007e9c00000, 0x00000007e9c00000| Untracked 
| 157|0x00000007e9d00000, 0x00000007e9d00000, 0x00000007e9e00000|  0%| F|  |TAMS 0x00000007e9d00000, 0x00000007e9d00000| Untracked 
| 158|0x00000007e9e00000, 0x00000007e9e00000, 0x00000007e9f00000|  0%| F|  |TAMS 0x00000007e9e00000, 0x00000007e9e00000| Untracked 
| 159|0x00000007e9f00000, 0x00000007e9f00000, 0x00000007ea000000|  0%| F|  |TAMS 0x00000007e9f00000, 0x00000007e9f00000| Untracked 
| 160|0x00000007ea000000, 0x00000007ea000000, 0x00000007ea100000|  0%| F|  |TAMS 0x00000007ea000000, 0x00000007ea000000| Untracked 
| 161|0x00000007ea100000, 0x00000007ea100000, 0x00000007ea200000|  0%| F|  |TAMS 0x00000007ea100000, 0x00000007ea100000| Untracked 
| 162|0x00000007ea200000, 0x00000007ea200000, 0x00000007ea300000|  0%| F|  |TAMS 0x00000007ea200000, 0x00000007ea200000| Untracked 
| 163|0x00000007ea300000, 0x00000007ea300000, 0x00000007ea400000|  0%| F|  |TAMS 0x00000007ea300000, 0x00000007ea300000| Untracked 
| 164|0x00000007ea400000, 0x00000007ea400000, 0x00000007ea500000|  0%| F|  |TAMS 0x00000007ea400000, 0x00000007ea400000| Untracked 
| 165|0x00000007ea500000, 0x00000007ea500000, 0x00000007ea600000|  0%| F|  |TAMS 0x00000007ea500000, 0x00000007ea500000| Untracked 
| 166|0x00000007ea600000, 0x00000007ea600000, 0x00000007ea700000|  0%| F|  |TAMS 0x00000007ea600000, 0x00000007ea600000| Untracked 
| 167|0x00000007ea700000, 0x00000007ea787700, 0x00000007ea800000| 52%| S|CS|TAMS 0x00000007ea700000, 0x00000007ea700000| Complete 
| 168|0x00000007ea800000, 0x00000007ea900000, 0x00000007ea900000|100%| S|CS|TAMS 0x00000007ea800000, 0x00000007ea800000| Complete 
| 169|0x00000007ea900000, 0x00000007eaa00000, 0x00000007eaa00000|100%| S|CS|TAMS 0x00000007ea900000, 0x00000007ea900000| Complete 
| 170|0x00000007eaa00000, 0x00000007eab00000, 0x00000007eab00000|100%| S|CS|TAMS 0x00000007eaa00000, 0x00000007eaa00000| Complete 
| 171|0x00000007eab00000, 0x00000007eac00000, 0x00000007eac00000|100%| S|CS|TAMS 0x00000007eab00000, 0x00000007eab00000| Complete 
| 172|0x00000007eac00000, 0x00000007ead00000, 0x00000007ead00000|100%| S|CS|TAMS 0x00000007eac00000, 0x00000007eac00000| Complete 
| 173|0x00000007ead00000, 0x00000007eae00000, 0x00000007eae00000|100%| S|CS|TAMS 0x00000007ead00000, 0x00000007ead00000| Complete 
| 174|0x00000007eae00000, 0x00000007eaf00000, 0x00000007eaf00000|100%| S|CS|TAMS 0x00000007eae00000, 0x00000007eae00000| Complete 
| 175|0x00000007eaf00000, 0x00000007eb000000, 0x00000007eb000000|100%| S|CS|TAMS 0x00000007eaf00000, 0x00000007eaf00000| Complete 
| 176|0x00000007eb000000, 0x00000007eb100000, 0x00000007eb100000|100%| S|CS|TAMS 0x00000007eb000000, 0x00000007eb000000| Complete 
| 177|0x00000007eb100000, 0x00000007eb100000, 0x00000007eb200000|  0%| F|  |TAMS 0x00000007eb100000, 0x00000007eb100000| Untracked 
| 178|0x00000007eb200000, 0x00000007eb200000, 0x00000007eb300000|  0%| F|  |TAMS 0x00000007eb200000, 0x00000007eb200000| Untracked 
| 179|0x00000007eb300000, 0x00000007eb300000, 0x00000007eb400000|  0%| F|  |TAMS 0x00000007eb300000, 0x00000007eb300000| Untracked 
| 180|0x00000007eb400000, 0x00000007eb400000, 0x00000007eb500000|  0%| F|  |TAMS 0x00000007eb400000, 0x00000007eb400000| Untracked 
| 181|0x00000007eb500000, 0x00000007eb500000, 0x00000007eb600000|  0%| F|  |TAMS 0x00000007eb500000, 0x00000007eb500000| Untracked 
| 182|0x00000007eb600000, 0x00000007eb600000, 0x00000007eb700000|  0%| F|  |TAMS 0x00000007eb600000, 0x00000007eb600000| Untracked 
| 183|0x00000007eb700000, 0x00000007eb700000, 0x00000007eb800000|  0%| F|  |TAMS 0x00000007eb700000, 0x00000007eb700000| Untracked 
| 184|0x00000007eb800000, 0x00000007eb800000, 0x00000007eb900000|  0%| F|  |TAMS 0x00000007eb800000, 0x00000007eb800000| Untracked 
| 185|0x00000007eb900000, 0x00000007eb900000, 0x00000007eba00000|  0%| F|  |TAMS 0x00000007eb900000, 0x00000007eb900000| Untracked 
| 186|0x00000007eba00000, 0x00000007eba00000, 0x00000007ebb00000|  0%| F|  |TAMS 0x00000007eba00000, 0x00000007eba00000| Untracked 
| 187|0x00000007ebb00000, 0x00000007ebb00000, 0x00000007ebc00000|  0%| F|  |TAMS 0x00000007ebb00000, 0x00000007ebb00000| Untracked 
| 188|0x00000007ebc00000, 0x00000007ebc00000, 0x00000007ebd00000|  0%| F|  |TAMS 0x00000007ebc00000, 0x00000007ebc00000| Untracked 
| 189|0x00000007ebd00000, 0x00000007ebd00000, 0x00000007ebe00000|  0%| F|  |TAMS 0x00000007ebd00000, 0x00000007ebd00000| Untracked 
| 190|0x00000007ebe00000, 0x00000007ebe00000, 0x00000007ebf00000|  0%| F|  |TAMS 0x00000007ebe00000, 0x00000007ebe00000| Untracked 
| 191|0x00000007ebf00000, 0x00000007ebf00000, 0x00000007ec000000|  0%| F|  |TAMS 0x00000007ebf00000, 0x00000007ebf00000| Untracked 
| 192|0x00000007ec000000, 0x00000007ec000000, 0x00000007ec100000|  0%| F|  |TAMS 0x00000007ec000000, 0x00000007ec000000| Untracked 
| 193|0x00000007ec100000, 0x00000007ec100000, 0x00000007ec200000|  0%| F|  |TAMS 0x00000007ec100000, 0x00000007ec100000| Untracked 
| 194|0x00000007ec200000, 0x00000007ec200000, 0x00000007ec300000|  0%| F|  |TAMS 0x00000007ec200000, 0x00000007ec200000| Untracked 
| 195|0x00000007ec300000, 0x00000007ec300000, 0x00000007ec400000|  0%| F|  |TAMS 0x00000007ec300000, 0x00000007ec300000| Untracked 
| 196|0x00000007ec400000, 0x00000007ec400000, 0x00000007ec500000|  0%| F|  |TAMS 0x00000007ec400000, 0x00000007ec400000| Untracked 
| 197|0x00000007ec500000, 0x00000007ec500000, 0x00000007ec600000|  0%| F|  |TAMS 0x00000007ec500000, 0x00000007ec500000| Untracked 
| 198|0x00000007ec600000, 0x00000007ec600000, 0x00000007ec700000|  0%| F|  |TAMS 0x00000007ec600000, 0x00000007ec600000| Untracked 
| 199|0x00000007ec700000, 0x00000007ec700000, 0x00000007ec800000|  0%| F|  |TAMS 0x00000007ec700000, 0x00000007ec700000| Untracked 
| 200|0x00000007ec800000, 0x00000007ec800000, 0x00000007ec900000|  0%| F|  |TAMS 0x00000007ec800000, 0x00000007ec800000| Untracked 
| 201|0x00000007ec900000, 0x00000007ec900000, 0x00000007eca00000|  0%| F|  |TAMS 0x00000007ec900000, 0x00000007ec900000| Untracked 
| 202|0x00000007eca00000, 0x00000007eca00000, 0x00000007ecb00000|  0%| F|  |TAMS 0x00000007eca00000, 0x00000007eca00000| Untracked 
| 203|0x00000007ecb00000, 0x00000007ecb00000, 0x00000007ecc00000|  0%| F|  |TAMS 0x00000007ecb00000, 0x00000007ecb00000| Untracked 
| 204|0x00000007ecc00000, 0x00000007ecccce50, 0x00000007ecd00000| 80%| E|  |TAMS 0x00000007ecc00000, 0x00000007ecc00000| Complete 
| 205|0x00000007ecd00000, 0x00000007ece00000, 0x00000007ece00000|100%| E|CS|TAMS 0x00000007ecd00000, 0x00000007ecd00000| Complete 
| 206|0x00000007ece00000, 0x00000007ecf00000, 0x00000007ecf00000|100%| E|CS|TAMS 0x00000007ece00000, 0x00000007ece00000| Complete 
| 207|0x00000007ecf00000, 0x00000007ed000000, 0x00000007ed000000|100%| E|CS|TAMS 0x00000007ecf00000, 0x00000007ecf00000| Complete 
| 208|0x00000007ed000000, 0x00000007ed100000, 0x00000007ed100000|100%| E|CS|TAMS 0x00000007ed000000, 0x00000007ed000000| Complete 
| 209|0x00000007ed100000, 0x00000007ed200000, 0x00000007ed200000|100%| E|CS|TAMS 0x00000007ed100000, 0x00000007ed100000| Complete 
| 210|0x00000007ed200000, 0x00000007ed300000, 0x00000007ed300000|100%| E|CS|TAMS 0x00000007ed200000, 0x00000007ed200000| Complete 
| 211|0x00000007ed300000, 0x00000007ed400000, 0x00000007ed400000|100%| E|CS|TAMS 0x00000007ed300000, 0x00000007ed300000| Complete 
| 212|0x00000007ed400000, 0x00000007ed500000, 0x00000007ed500000|100%| E|CS|TAMS 0x00000007ed400000, 0x00000007ed400000| Complete 
| 213|0x00000007ed500000, 0x00000007ed600000, 0x00000007ed600000|100%| E|CS|TAMS 0x00000007ed500000, 0x00000007ed500000| Complete 
| 214|0x00000007ed600000, 0x00000007ed700000, 0x00000007ed700000|100%| E|CS|TAMS 0x00000007ed600000, 0x00000007ed600000| Complete 
| 215|0x00000007ed700000, 0x00000007ed800000, 0x00000007ed800000|100%| E|CS|TAMS 0x00000007ed700000, 0x00000007ed700000| Complete 
| 216|0x00000007ed800000, 0x00000007ed900000, 0x00000007ed900000|100%| E|CS|TAMS 0x00000007ed800000, 0x00000007ed800000| Complete 
| 217|0x00000007ed900000, 0x00000007eda00000, 0x00000007eda00000|100%| E|CS|TAMS 0x00000007ed900000, 0x00000007ed900000| Complete 
| 218|0x00000007eda00000, 0x00000007edb00000, 0x00000007edb00000|100%| E|CS|TAMS 0x00000007eda00000, 0x00000007eda00000| Complete 
| 219|0x00000007edb00000, 0x00000007edc00000, 0x00000007edc00000|100%| E|CS|TAMS 0x00000007edb00000, 0x00000007edb00000| Complete 
| 220|0x00000007edc00000, 0x00000007edd00000, 0x00000007edd00000|100%| E|CS|TAMS 0x00000007edc00000, 0x00000007edc00000| Complete 
| 221|0x00000007edd00000, 0x00000007ede00000, 0x00000007ede00000|100%| E|CS|TAMS 0x00000007edd00000, 0x00000007edd00000| Complete 
| 222|0x00000007ede00000, 0x00000007edf00000, 0x00000007edf00000|100%| E|CS|TAMS 0x00000007ede00000, 0x00000007ede00000| Complete 
| 223|0x00000007edf00000, 0x00000007ee000000, 0x00000007ee000000|100%| E|CS|TAMS 0x00000007edf00000, 0x00000007edf00000| Complete 
| 224|0x00000007ee000000, 0x00000007ee100000, 0x00000007ee100000|100%| E|CS|TAMS 0x00000007ee000000, 0x00000007ee000000| Complete 
| 225|0x00000007ee100000, 0x00000007ee200000, 0x00000007ee200000|100%| E|CS|TAMS 0x00000007ee100000, 0x00000007ee100000| Complete 
| 226|0x00000007ee200000, 0x00000007ee300000, 0x00000007ee300000|100%| E|CS|TAMS 0x00000007ee200000, 0x00000007ee200000| Complete 
| 227|0x00000007ee300000, 0x00000007ee400000, 0x00000007ee400000|100%| E|CS|TAMS 0x00000007ee300000, 0x00000007ee300000| Complete 
| 228|0x00000007ee400000, 0x00000007ee500000, 0x00000007ee500000|100%| E|CS|TAMS 0x00000007ee400000, 0x00000007ee400000| Complete 
| 229|0x00000007ee500000, 0x00000007ee600000, 0x00000007ee600000|100%| E|CS|TAMS 0x00000007ee500000, 0x00000007ee500000| Complete 
| 230|0x00000007ee600000, 0x00000007ee700000, 0x00000007ee700000|100%| E|CS|TAMS 0x00000007ee600000, 0x00000007ee600000| Complete 
| 231|0x00000007ee700000, 0x00000007ee800000, 0x00000007ee800000|100%| E|CS|TAMS 0x00000007ee700000, 0x00000007ee700000| Complete 
| 232|0x00000007ee800000, 0x00000007ee900000, 0x00000007ee900000|100%| E|CS|TAMS 0x00000007ee800000, 0x00000007ee800000| Complete 
| 233|0x00000007ee900000, 0x00000007eea00000, 0x00000007eea00000|100%| E|CS|TAMS 0x00000007ee900000, 0x00000007ee900000| Complete 
| 234|0x00000007eea00000, 0x00000007eeb00000, 0x00000007eeb00000|100%| E|CS|TAMS 0x00000007eea00000, 0x00000007eea00000| Complete 
| 235|0x00000007eeb00000, 0x00000007eec00000, 0x00000007eec00000|100%| E|CS|TAMS 0x00000007eeb00000, 0x00000007eeb00000| Complete 
| 236|0x00000007eec00000, 0x00000007eed00000, 0x00000007eed00000|100%| E|CS|TAMS 0x00000007eec00000, 0x00000007eec00000| Complete 
| 237|0x00000007eed00000, 0x00000007eee00000, 0x00000007eee00000|100%| E|CS|TAMS 0x00000007eed00000, 0x00000007eed00000| Complete 
| 238|0x00000007eee00000, 0x00000007eef00000, 0x00000007eef00000|100%| E|CS|TAMS 0x00000007eee00000, 0x00000007eee00000| Complete 
| 239|0x00000007eef00000, 0x00000007ef000000, 0x00000007ef000000|100%| E|CS|TAMS 0x00000007eef00000, 0x00000007eef00000| Complete 
| 240|0x00000007ef000000, 0x00000007ef100000, 0x00000007ef100000|100%| E|CS|TAMS 0x00000007ef000000, 0x00000007ef000000| Complete 
| 241|0x00000007ef100000, 0x00000007ef200000, 0x00000007ef200000|100%| E|CS|TAMS 0x00000007ef100000, 0x00000007ef100000| Complete 
| 242|0x00000007ef200000, 0x00000007ef300000, 0x00000007ef300000|100%| E|CS|TAMS 0x00000007ef200000, 0x00000007ef200000| Complete 
| 243|0x00000007ef300000, 0x00000007ef400000, 0x00000007ef400000|100%| E|CS|TAMS 0x00000007ef300000, 0x00000007ef300000| Complete 
| 244|0x00000007ef400000, 0x00000007ef500000, 0x00000007ef500000|100%| E|CS|TAMS 0x00000007ef400000, 0x00000007ef400000| Complete 
| 245|0x00000007ef500000, 0x00000007ef600000, 0x00000007ef600000|100%| E|CS|TAMS 0x00000007ef500000, 0x00000007ef500000| Complete 
| 246|0x00000007ef600000, 0x00000007ef700000, 0x00000007ef700000|100%| E|CS|TAMS 0x00000007ef600000, 0x00000007ef600000| Complete 
| 247|0x00000007ef700000, 0x00000007ef800000, 0x00000007ef800000|100%| E|CS|TAMS 0x00000007ef700000, 0x00000007ef700000| Complete 
| 248|0x00000007ef800000, 0x00000007ef900000, 0x00000007ef900000|100%| E|CS|TAMS 0x00000007ef800000, 0x00000007ef800000| Complete 
| 249|0x00000007ef900000, 0x00000007efa00000, 0x00000007efa00000|100%| E|CS|TAMS 0x00000007ef900000, 0x00000007ef900000| Complete 
| 250|0x00000007efa00000, 0x00000007efb00000, 0x00000007efb00000|100%| E|CS|TAMS 0x00000007efa00000, 0x00000007efa00000| Complete 
| 251|0x00000007efb00000, 0x00000007efc00000, 0x00000007efc00000|100%| E|CS|TAMS 0x00000007efb00000, 0x00000007efb00000| Complete 
| 252|0x00000007efc00000, 0x00000007efd00000, 0x00000007efd00000|100%| E|CS|TAMS 0x00000007efc00000, 0x00000007efc00000| Complete 
| 253|0x00000007efd00000, 0x00000007efe00000, 0x00000007efe00000|100%| E|CS|TAMS 0x00000007efd00000, 0x00000007efd00000| Complete 
| 254|0x00000007efe00000, 0x00000007eff00000, 0x00000007eff00000|100%| E|CS|TAMS 0x00000007efe00000, 0x00000007efe00000| Complete 
| 255|0x00000007eff00000, 0x00000007f0000000, 0x00000007f0000000|100%| E|CS|TAMS 0x00000007eff00000, 0x00000007eff00000| Complete 

Card table byte_map: [0x00000001103f4000,0x00000001104f4000] _byte_map_base: 0x000000010c4f4000

Marking Bits (Prev, Next): (CMBitMap*) 0x00007fe26f826a50, (CMBitMap*) 0x00007fe26f826a18
 Prev Bits: [0x000000011e566000, 0x000000011ed66000)
 Next Bits: [0x000000011dd66000, 0x000000011e566000)

Polling page: 0x00000001100a0000

Metaspace:

Usage:
  Non-class:     52.48 MB capacity,    51.01 MB ( 97%) used,     1.24 MB (  2%) free+waste,   244.25 KB ( <1%) overhead. 
      Class:      8.75 MB capacity,     7.89 MB ( 90%) used,   759.71 KB (  8%) free+waste,   120.75 KB (  1%) overhead. 
       Both:     61.23 MB capacity,    58.89 MB ( 96%) used,     1.98 MB (  3%) free+waste,   365.00 KB ( <1%) overhead. 

Virtual space:
  Non-class space:       54.00 MB reserved,      52.50 MB ( 97%) committed 
      Class space:      376.00 MB reserved,       8.82 MB (  2%) committed 
             Both:      430.00 MB reserved,      61.32 MB ( 14%) committed 

Chunk freelists:
   Non-Class:  7.00 KB
       Class:  0 bytes
        Both:  7.00 KB

MaxMetaspaceSize: 384.00 MB
CompressedClassSpaceSize: 376.00 MB
Initial GC threshold: 20.80 MB
Current GC threshold: 98.46 MB
CDS: off

CodeHeap 'non-profiled nmethods': size=120032Kb used=2150Kb max_used=2150Kb free=117881Kb
 bounds [0x0000000126faa000, 0x000000012721a000, 0x000000012e4e2000]
CodeHeap 'profiled nmethods': size=120028Kb used=10348Kb max_used=10348Kb free=109679Kb
 bounds [0x000000011fa73000, 0x0000000120493000, 0x0000000126faa000]
CodeHeap 'non-nmethods': size=5700Kb used=2300Kb max_used=2336Kb free=3400Kb
 bounds [0x000000011f4e2000, 0x000000011f752000, 0x000000011fa73000]
 total_blobs=6004 nmethods=5204 adapters=712
 compilation: enabled
              stopped_count=0, restarted_count=0
 full_count=0

Compilation events (20 events):
Event: 5.801 Thread 0x00007fe26f90e000 nmethod 5266 0x0000000120484b10 code [0x0000000120484cc0, 0x0000000120484db0]
Event: 5.801 Thread 0x00007fe26f90e000 5267       2       java.lang.StringLatin1::lastIndexOf (40 bytes)
Event: 5.801 Thread 0x00007fe26f90e000 nmethod 5267 0x0000000120484e90 code [0x0000000120485040, 0x0000000120485210]
Event: 5.812 Thread 0x00007fe26f90e000 5269       2       org.gradle.api.internal.file.AbstractFileCollection::<init> (15 bytes)
Event: 5.812 Thread 0x00007fe26f90e000 nmethod 5269 0x0000000120485310 code [0x00000001204854c0, 0x0000000120485670]
Event: 5.814 Thread 0x00007fe26f90e000 5270       2       com.google.common.cache.LocalCache::customWeigher (16 bytes)
Event: 5.814 Thread 0x00007fe26f90e000 nmethod 5270 0x0000000120485710 code [0x00000001204858c0, 0x00000001204859d0]
Event: 5.821 Thread 0x00007fe26f90e000 5272       2       com.google.common.base.Ticker::systemTicker (4 bytes)
Event: 5.821 Thread 0x00007fe26f90e000 nmethod 5272 0x0000000120485a90 code [0x0000000120485c40, 0x0000000120485d10]
Event: 5.822 Thread 0x00007fe26f90e000 5273       2       com.google.common.cache.LocalCache$NullEntry::setNextInAccessQueue (1 bytes)
Event: 5.822 Thread 0x00007fe26f90e000 nmethod 5273 0x0000000120485d90 code [0x0000000120485f40, 0x0000000120486030]
Event: 5.822 Thread 0x00007fe26f90e000 5274       2       com.google.common.cache.LocalCache$NullEntry::setPreviousInAccessQueue (1 bytes)
Event: 5.822 Thread 0x00007fe26f90e000 nmethod 5274 0x0000000120486110 code [0x00000001204862c0, 0x00000001204863b0]
Event: 5.829 Thread 0x00007fe26f90e000 5276       2       java.util.concurrent.ConcurrentHashMap$Traverser::<init> (36 bytes)
Event: 5.829 Thread 0x00007fe26f90e000 nmethod 5276 0x0000000120486490 code [0x0000000120486640, 0x00000001204867d0]
Event: 5.830 Thread 0x00007fe26f90e000 5277       2       java.util.Collections::indexedBinarySearch (85 bytes)
Event: 5.830 Thread 0x00007fe26f90e000 nmethod 5277 0x0000000120486890 code [0x0000000120486a60, 0x0000000120486c80]
Event: 5.830 Thread 0x00007fe26f90e000 5279       2       org.gradle.internal.snapshot.impl.AbstractValueProcessor::processValue (402 bytes)
Event: 5.831 Thread 0x00007fe26f90e000 nmethod 5279 0x0000000120486e10 code [0x0000000120487220, 0x00000001204884d0]
Event: 5.831 Thread 0x00007fe26f90e000 5278       2       java.util.Collections::binarySearch (43 bytes)

GC Heap History (16 events):
Event: 0.610 GC heap before
{Heap before GC invocations=0 (full 0):
 garbage-first heap   total 262144K, used 27648K [0x00000007e0000000, 0x0000000800000000)
  region size 1024K, 24 young (24576K), 0 survivors (0K)
 Metaspace       used 8150K, capacity 8318K, committed 8576K, reserved 393216K
  class space    used 737K, capacity 792K, committed 896K, reserved 385024K
}
Event: 0.614 GC heap after
{Heap after GC invocations=1 (full 0):
 garbage-first heap   total 262144K, used 10634K [0x00000007e0000000, 0x0000000800000000)
  region size 1024K, 3 young (3072K), 3 survivors (3072K)
 Metaspace       used 8150K, capacity 8318K, committed 8576K, reserved 393216K
  class space    used 737K, capacity 792K, committed 896K, reserved 385024K
}
Event: 1.882 GC heap before
{Heap before GC invocations=1 (full 0):
 garbage-first heap   total 262144K, used 118154K [0x00000007e0000000, 0x0000000800000000)
  region size 1024K, 107 young (109568K), 3 survivors (3072K)
 Metaspace       used 20706K, capacity 21129K, committed 21248K, reserved 405504K
  class space    used 2383K, capacity 2537K, committed 2560K, reserved 385024K
}
Event: 1.895 GC heap after
{Heap after GC invocations=2 (full 0):
 garbage-first heap   total 262144K, used 19424K [0x00000007e0000000, 0x0000000800000000)
  region size 1024K, 11 young (11264K), 11 survivors (11264K)
 Metaspace       used 20706K, capacity 21129K, committed 21248K, reserved 405504K
  class space    used 2383K, capacity 2537K, committed 2560K, reserved 385024K
}
Event: 2.385 GC heap before
{Heap before GC invocations=3 (full 0):
 garbage-first heap   total 262144K, used 87008K [0x00000007e0000000, 0x0000000800000000)
  region size 1024K, 77 young (78848K), 11 survivors (11264K)
 Metaspace       used 25733K, capacity 26378K, committed 26496K, reserved 409600K
  class space    used 3204K, capacity 3442K, committed 3456K, reserved 385024K
}
Event: 2.392 GC heap after
{Heap after GC invocations=4 (full 0):
 garbage-first heap   total 262144K, used 21258K [0x00000007e0000000, 0x0000000800000000)
  region size 1024K, 3 young (3072K), 3 survivors (3072K)
 Metaspace       used 25733K, capacity 26378K, committed 26496K, reserved 409600K
  class space    used 3204K, capacity 3442K, committed 3456K, reserved 385024K
}
Event: 3.159 GC heap before
{Heap before GC invocations=4 (full 0):
 garbage-first heap   total 262144K, used 135946K [0x00000007e0000000, 0x0000000800000000)
  region size 1024K, 115 young (117760K), 3 survivors (3072K)
 Metaspace       used 33511K, capacity 34387K, committed 34432K, reserved 415744K
  class space    used 4411K, capacity 4733K, committed 4736K, reserved 385024K
}
Event: 3.164 GC heap after
{Heap after GC invocations=5 (full 0):
 garbage-first heap   total 262144K, used 23847K [0x00000007e0000000, 0x0000000800000000)
  region size 1024K, 5 young (5120K), 5 survivors (5120K)
 Metaspace       used 33511K, capacity 34387K, committed 34432K, reserved 415744K
  class space    used 4411K, capacity 4733K, committed 4736K, reserved 385024K
}
Event: 3.247 GC heap before
{Heap before GC invocations=5 (full 0):
 garbage-first heap   total 262144K, used 35111K [0x00000007e0000000, 0x0000000800000000)
  region size 1024K, 17 young (17408K), 5 survivors (5120K)
 Metaspace       used 34817K, capacity 35720K, committed 35840K, reserved 417792K
  class space    used 4603K, capacity 4967K, committed 4992K, reserved 385024K
}
Event: 3.253 GC heap after
{Heap after GC invocations=6 (full 0):
 garbage-first heap   total 262144K, used 24012K [0x00000007e0000000, 0x0000000800000000)
  region size 1024K, 5 young (5120K), 5 survivors (5120K)
 Metaspace       used 34817K, capacity 35720K, committed 35840K, reserved 417792K
  class space    used 4603K, capacity 4967K, committed 4992K, reserved 385024K
}
Event: 4.263 GC heap before
{Heap before GC invocations=7 (full 0):
 garbage-first heap   total 262144K, used 148940K [0x00000007e0000000, 0x0000000800000000)
  region size 1024K, 123 young (125952K), 5 survivors (5120K)
 Metaspace       used 46374K, capacity 47745K, committed 47948K, reserved 428032K
  class space    used 5954K, capacity 6460K, committed 6476K, reserved 385024K
}
Event: 4.273 GC heap after
{Heap after GC invocations=8 (full 0):
 garbage-first heap   total 262144K, used 31844K [0x00000007e0000000, 0x0000000800000000)
  region size 1024K, 13 young (13312K), 13 survivors (13312K)
 Metaspace       used 46374K, capacity 47745K, committed 47948K, reserved 428032K
  class space    used 5954K, capacity 6460K, committed 6476K, reserved 385024K
}
Event: 5.126 GC heap before
{Heap before GC invocations=8 (full 0):
 garbage-first heap   total 262144K, used 156772K [0x00000007e0000000, 0x0000000800000000)
  region size 1024K, 134 young (137216K), 13 survivors (13312K)
 Metaspace       used 54667K, capacity 56397K, committed 56524K, reserved 434176K
  class space    used 7162K, capacity 7850K, committed 7884K, reserved 385024K
}
Event: 5.138 GC heap after
{Heap after GC invocations=9 (full 0):
 garbage-first heap   total 262144K, used 35818K [0x00000007e0000000, 0x0000000800000000)
  region size 1024K, 12 young (12288K), 12 survivors (12288K)
 Metaspace       used 54667K, capacity 56397K, committed 56524K, reserved 434176K
  class space    used 7162K, capacity 7850K, committed 7884K, reserved 385024K
}
Event: 5.559 GC heap before
{Heap before GC invocations=9 (full 0):
 garbage-first heap   total 262144K, used 115690K [0x00000007e0000000, 0x0000000800000000)
  region size 1024K, 91 young (93184K), 12 survivors (12288K)
 Metaspace       used 58168K, capacity 60198K, committed 60236K, reserved 438272K
  class space    used 7708K, capacity 8490K, committed 8524K, reserved 385024K
}
Event: 5.576 GC heap after
{Heap after GC invocations=10 (full 0):
 garbage-first heap   total 262144K, used 40876K [0x00000007e0000000, 0x0000000800000000)
  region size 1024K, 10 young (10240K), 10 survivors (10240K)
 Metaspace       used 58168K, capacity 60198K, committed 60236K, reserved 438272K
  class space    used 7708K, capacity 8490K, committed 8524K, reserved 385024K
}

Deoptimization events (20 events):
Event: 5.470 Thread 0x00007fe271a77800 DEOPT PACKING pc=0x00000001202b2557 sp=0x000070000f2bb030
Event: 5.470 Thread 0x00007fe271a77800 DEOPT UNPACKING pc=0x000000011f52c64a sp=0x000070000f2ba548 mode 0
Event: 5.470 Thread 0x00007fe271a77800 DEOPT PACKING pc=0x00000001202b2557 sp=0x000070000f2bb190
Event: 5.470 Thread 0x00007fe271a77800 DEOPT UNPACKING pc=0x000000011f52c64a sp=0x000070000f2ba6a8 mode 0
Event: 5.482 Thread 0x00007fe271a77800 DEOPT PACKING pc=0x00000001202b2557 sp=0x000070000f2bc390
Event: 5.482 Thread 0x00007fe271a77800 DEOPT UNPACKING pc=0x000000011f52c64a sp=0x000070000f2bb8a8 mode 0
Event: 5.712 Thread 0x00007fe271a77800 DEOPT PACKING pc=0x0000000120460466 sp=0x000070000f2b8790
Event: 5.712 Thread 0x00007fe271a77800 DEOPT UNPACKING pc=0x000000011f52c64a sp=0x000070000f2b7cc8 mode 0
Event: 5.799 Thread 0x00007fe275f10800 Uncommon trap: trap_request=0xffffff76 fr.pc=0x00000001270e31a0 relative=0x0000000000000180
Event: 5.799 Thread 0x00007fe275f10800 Uncommon trap: reason=loop_limit_check action=maybe_recompile pc=0x00000001270e31a0 method=java.lang.StringLatin1.lastIndexOf([BII)I @ 19 c2
Event: 5.799 Thread 0x00007fe275f10800 DEOPT PACKING pc=0x00000001270e31a0 sp=0x0000700011323880
Event: 5.799 Thread 0x00007fe275f10800 DEOPT UNPACKING pc=0x000000011f52bea5 sp=0x0000700011323758 mode 2
Event: 5.800 Thread 0x00007fe275f10800 Uncommon trap: trap_request=0xffffff76 fr.pc=0x000000012707ada0 relative=0x0000000000000180
Event: 5.800 Thread 0x00007fe275f10800 Uncommon trap: reason=loop_limit_check action=maybe_recompile pc=0x000000012707ada0 method=java.lang.StringLatin1.lastIndexOf([BII)I @ 19 c2
Event: 5.800 Thread 0x00007fe275f10800 DEOPT PACKING pc=0x000000012707ada0 sp=0x0000700011323810
Event: 5.800 Thread 0x00007fe275f10800 DEOPT UNPACKING pc=0x000000011f52bea5 sp=0x0000700011323758 mode 2
Event: 5.800 Thread 0x00007fe275f10800 Uncommon trap: trap_request=0xffffff76 fr.pc=0x0000000126fbdc60 relative=0x0000000000000140
Event: 5.801 Thread 0x00007fe275f10800 Uncommon trap: reason=loop_limit_check action=maybe_recompile pc=0x0000000126fbdc60 method=java.lang.StringLatin1.lastIndexOf([BII)I @ 19 c2
Event: 5.801 Thread 0x00007fe275f10800 DEOPT PACKING pc=0x0000000126fbdc60 sp=0x00007000113237a0
Event: 5.801 Thread 0x00007fe275f10800 DEOPT UNPACKING pc=0x000000011f52bea5 sp=0x0000700011323758 mode 2

Classes redefined (0 events):
No events

Internal exceptions (20 events):
Event: 5.697 Thread 0x00007fe271a77800 Exception <a 'java/lang/ClassNotFoundException'{0x00000007ee6aff58}: java/util/AbstractMapCustomizer> (0x00000007ee6aff58) thrown at [src/hotspot/share/classfile/systemDictionary.cpp, line 230]
Event: 5.698 Thread 0x00007fe271a77800 Exception <a 'java/lang/ClassNotFoundException'{0x00000007ee6c7858}: java/util/HashMapCustomizer> (0x00000007ee6c7858) thrown at [src/hotspot/share/classfile/systemDictionary.cpp, line 230]
Event: 5.698 Thread 0x00007fe271a77800 Exception <a 'java/lang/ClassNotFoundException'{0x00000007ee6ec1b0}: java/util/LinkedHashMapCustomizer> (0x00000007ee6ec1b0) thrown at [src/hotspot/share/classfile/systemDictionary.cpp, line 230]
Event: 5.711 Thread 0x00007fe271a77800 Exception <a 'java/lang/ClassNotFoundException'{0x00000007ee2a2f38}: org/codehaus/groovy/transform/ImmutableASTTransformationBeanInfo> (0x00000007ee2a2f38) thrown at [src/hotspot/share/classfile/systemDictionary.cpp, line 230]
Event: 5.713 Thread 0x00007fe271a77800 Exception <a 'java/lang/ClassNotFoundException'{0x00000007edf24ac0}: org/codehaus/groovy/transform/AbstractASTTransformationBeanInfo> (0x00000007edf24ac0) thrown at [src/hotspot/share/classfile/systemDictionary.cpp, line 230]
Event: 5.714 Thread 0x00007fe271a77800 Exception <a 'java/lang/ClassNotFoundException'{0x00000007edda63f8}: org/codehaus/groovy/transform/AbstractASTTransformationCustomizer> (0x00000007edda63f8) thrown at [src/hotspot/share/classfile/systemDictionary.cpp, line 230]
Event: 5.716 Thread 0x00007fe271a77800 Exception <a 'java/lang/ClassNotFoundException'{0x00000007eda45210}: org/codehaus/groovy/transform/ImmutableASTTransformationCustomizer> (0x00000007eda45210) thrown at [src/hotspot/share/classfile/systemDictionary.cpp, line 230]
Event: 5.729 Thread 0x00007fe271a77800 Exception <a 'java/lang/ClassNotFoundException'{0x00000007ed9fdc88}: java/util/regex/PatternBeanInfo> (0x00000007ed9fdc88) thrown at [src/hotspot/share/classfile/systemDictionary.cpp, line 230]
Event: 5.729 Thread 0x00007fe271a77800 Exception <a 'java/lang/ClassNotFoundException'{0x00000007ed80aca0}: java/util/regex/PatternCustomizer> (0x00000007ed80aca0) thrown at [src/hotspot/share/classfile/systemDictionary.cpp, line 230]
Event: 5.731 Thread 0x00007fe271a77800 Exception <a 'java/lang/ClassNotFoundException'{0x00000007ed851cb8}: ijresolvers1_1wjqkcc3bpv33r0f43hd5gec7$1BeanInfo> (0x00000007ed851cb8) thrown at [src/hotspot/share/classfile/systemDictionary.cpp, line 230]
Event: 5.731 Thread 0x00007fe271a77800 Exception <a 'java/lang/ClassNotFoundException'{0x00000007ed861970}: ijresolvers1_1wjqkcc3bpv33r0f43hd5gec7$1Customizer> (0x00000007ed861970) thrown at [src/hotspot/share/classfile/systemDictionary.cpp, line 230]
Event: 5.754 Thread 0x00007fe275f10800 Exception <a 'java/lang/NoSuchMethodError'{0x00000007ed466fc8}: 'void java.lang.invoke.DirectMethodHandle$Holder.invokeSpecial(java.lang.Object, java.lang.Object, java.lang.Object, java.lang.Object, int, java.lang.Object, java.lang.Object)'> (0x00000007ed466fc8) thrown at [src/hotspot/share/interpreter/linkResolver.cpp, line 773]
Event: 5.764 Thread 0x00007fe275f10800 Exception <a 'java/lang/NoSuchMethodError'{0x00000007ed338388}: 'void java.lang.invoke.DirectMethodHandle$Holder.invokeInterface(java.lang.Object, java.lang.Object, java.lang.Object, java.lang.Object)'> (0x00000007ed338388) thrown at [src/hotspot/share/interpreter/linkResolver.cpp, line 773]
Event: 5.794 Thread 0x00007fe271bd0000 Exception <a 'java/lang/NoSuchMethodError'{0x00000007ed0580c8}: <clinit>> (0x00000007ed0580c8) thrown at [src/hotspot/share/prims/jni.cpp, line 1372]
Event: 5.794 Thread 0x00007fe271bd0000 Exception <a 'java/lang/NoSuchMethodError'{0x00000007ed05a490}: <clinit>> (0x00000007ed05a490) thrown at [src/hotspot/share/prims/jni.cpp, line 1372]
Event: 5.795 Thread 0x00007fe271bd0000 Exception <a 'java/lang/NoSuchMethodError'{0x00000007ed065538}: <clinit>> (0x00000007ed065538) thrown at [src/hotspot/share/prims/jni.cpp, line 1372]
Event: 5.797 Thread 0x00007fe271bd0000 Exception <a 'java/lang/NoSuchMethodError'{0x00000007ed0e4bb8}: <clinit>> (0x00000007ed0e4bb8) thrown at [src/hotspot/share/prims/jni.cpp, line 1372]
Event: 5.798 Thread 0x00007fe271bd0000 Exception <a 'java/lang/NoSuchMethodError'{0x00000007ecf07198}: <clinit>> (0x00000007ecf07198) thrown at [src/hotspot/share/prims/jni.cpp, line 1372]
Event: 5.801 Thread 0x00007fe275f10800 Exception <a 'sun/nio/fs/UnixException'{0x00000007ed093e90}> (0x00000007ed093e90) thrown at [src/hotspot/share/prims/jni.cpp, line 617]
Event: 5.828 Thread 0x00007fe275f10800 Exception <a 'java/lang/IncompatibleClassChangeError'{0x00000007ecd5bbe0}: Found class java.lang.Object, but interface was expected> (0x00000007ecd5bbe0) thrown at [src/hotspot/share/interpreter/linkResolver.cpp, line 839]

Events (20 events):
Event: 5.828 loading class org/gradle/internal/execution/history/PreviousExecutionState
Event: 5.828 loading class org/gradle/internal/execution/history/PreviousExecutionState done
Event: 5.828 loading class com/google/common/collect/ImmutableSortedMap
Event: 5.828 loading class com/google/common/collect/ImmutableSortedMap done
Event: 5.828 loading class org/gradle/internal/execution/UnitOfWork$InputVisitor
Event: 5.828 loading class org/gradle/internal/execution/UnitOfWork$InputVisitor done
Event: 5.828 loading class org/gradle/internal/execution/UnitOfWork$InputVisitor
Event: 5.828 loading class org/gradle/internal/execution/UnitOfWork$InputVisitor done
Event: 5.828 loading class org/gradle/internal/execution/UnitOfWork
Event: 5.828 loading class org/gradle/internal/execution/UnitOfWork done
Event: 5.828 loading class java/util/concurrent/ConcurrentSkipListMap$KeySet
Event: 5.828 loading class java/util/concurrent/ConcurrentSkipListMap$KeySet done
Event: 5.828 loading class java/util/concurrent/ConcurrentSkipListMap$KeyIterator
Event: 5.828 loading class java/util/concurrent/ConcurrentSkipListMap$KeyIterator done
Event: 5.829 loading class org/gradle/internal/snapshot/impl/ListValueSnapshot
Event: 5.829 loading class org/gradle/internal/snapshot/impl/ListValueSnapshot done
Event: 5.830 loading class org/gradle/api/internal/artifacts/repositories/descriptor/MavenRepositoryDescriptor$Builder
Event: 5.830 loading class org/gradle/api/internal/artifacts/repositories/descriptor/MavenRepositoryDescriptor$Builder done
Event: 5.831 loading class org/gradle/api/internal/artifacts/repositories/descriptor/UrlRepositoryDescriptor$Builder
Event: 5.831 loading class org/gradle/api/internal/artifacts/repositories/descriptor/UrlRepositoryDescriptor$Builder done


Dynamic libraries:
0x00007fff35464000 	/System/Library/Frameworks/Cocoa.framework/Versions/A/Cocoa
0x00007fff2278a000 	/System/Library/Frameworks/Security.framework/Versions/A/Security
0x00007fff33667000 	/System/Library/Frameworks/ApplicationServices.framework/Versions/A/ApplicationServices
0x00007fff2aa0e000 	/usr/lib/libz.1.dylib
0x000000011000e000 	/Library/Java/JavaVirtualMachines/amazon-corretto-11.jdk/Contents/Home/lib/jli/libjli.dylib
0x00007fff2aad6000 	/usr/lib/libSystem.B.dylib
0x00007fff231bb000 	/System/Library/Frameworks/AppKit.framework/Versions/C/AppKit
0x00007fff2607f000 	/System/Library/Frameworks/CoreData.framework/Versions/A/CoreData
0x00007fff21722000 	/System/Library/Frameworks/Foundation.framework/Versions/C/Foundation
0x00007fff23f07000 	/System/Library/PrivateFrameworks/UIFoundation.framework/Versions/A/UIFoundation
0x00007fff3010d000 	/System/Library/PrivateFrameworks/RemoteViewServices.framework/Versions/A/RemoteViewServices
0x00007fff28f19000 	/System/Library/PrivateFrameworks/XCTTargetBootstrap.framework/Versions/A/XCTTargetBootstrap
0x00007fff2bc02000 	/usr/lib/libspindump.dylib
0x00007fff24156000 	/System/Library/Frameworks/UniformTypeIdentifiers.framework/Versions/A/UniformTypeIdentifiers
0x00007fff2771d000 	/usr/lib/libapp_launch_measurement.dylib
0x00007fff27720000 	/System/Library/PrivateFrameworks/CoreAutoLayout.framework/Versions/A/CoreAutoLayout
0x00007fff28880000 	/System/Library/Frameworks/Metal.framework/Versions/A/Metal
0x00007fff29577000 	/usr/lib/liblangid.dylib
0x00007fff28f1d000 	/System/Library/PrivateFrameworks/CoreSVG.framework/Versions/A/CoreSVG
0x00007fff25195000 	/System/Library/PrivateFrameworks/SkyLight.framework/Versions/A/SkyLight
0x00007fff254fb000 	/System/Library/Frameworks/CoreGraphics.framework/Versions/A/CoreGraphics
0x00007fff30634000 	/System/Library/Frameworks/Accelerate.framework/Versions/A/Accelerate
0x00007fff2b640000 	/System/Library/PrivateFrameworks/IconServices.framework/Versions/A/IconServices
0x00007fff28864000 	/System/Library/Frameworks/IOSurface.framework/Versions/A/IOSurface
0x00007fff26a08000 	/usr/lib/libDiagnosticMessagesClient.dylib
0x00007fff28f05000 	/System/Library/PrivateFrameworks/DFRFoundation.framework/Versions/A/DFRFoundation
0x00007fff22ae2000 	/usr/lib/libicucore.A.dylib
0x00007fff2d147000 	/System/Library/Frameworks/AudioToolbox.framework/Versions/A/AudioToolbox
0x00007fff2c3cf000 	/System/Library/PrivateFrameworks/DataDetectorsCore.framework/Versions/A/DataDetectorsCore
0x00007fff25108000 	/usr/lib/libMobileGestalt.dylib
0x00007fff28c09000 	/System/Library/Frameworks/Carbon.framework/Versions/A/Frameworks/HIToolbox.framework/Versions/A/HIToolbox
0x00007fff27162000 	/System/Library/Frameworks/QuartzCore.framework/Versions/A/QuartzCore
0x00007fff30145000 	/System/Library/Frameworks/Carbon.framework/Versions/A/Frameworks/SpeechRecognition.framework/Versions/A/SpeechRecognition
0x00007fff27482000 	/System/Library/PrivateFrameworks/CoreUI.framework/Versions/A/CoreUI
0x00007fff220f8000 	/System/Library/Frameworks/CoreAudio.framework/Versions/A/CoreAudio
0x00007fff26af3000 	/System/Library/Frameworks/DiskArbitration.framework/Versions/A/DiskArbitration
0x00007fff2bfd0000 	/System/Library/PrivateFrameworks/MultitouchSupport.framework/Versions/A/MultitouchSupport
0x00007fff2c3c6000 	/System/Library/PrivateFrameworks/InternationalSupport.framework/Versions/A/InternationalSupport
0x00007fff25107000 	/usr/lib/libenergytrace.dylib
0x00007fff230b2000 	/System/Library/Frameworks/IOKit.framework/Versions/A/IOKit
0x00007fff30478000 	/System/Library/Frameworks/CoreServices.framework/Versions/A/CoreServices
0x00007fff276af000 	/System/Library/PrivateFrameworks/PerformanceAnalysis.framework/Versions/A/PerformanceAnalysis
0x00007fff6be11000 	/System/Library/Frameworks/OpenGL.framework/Versions/A/OpenGL
0x00007fff2c44a000 	/System/Library/PrivateFrameworks/UserActivity.framework/Versions/A/UserActivity
0x00007fff20791000 	/usr/lib/libobjc.A.dylib
0x00007fff25b85000 	/System/Library/Frameworks/ColorSync.framework/Versions/A/ColorSync
0x00007fff20971000 	/System/Library/Frameworks/CoreFoundation.framework/Versions/A/CoreFoundation
0x00007fff29185000 	/System/Library/Frameworks/CoreImage.framework/Versions/A/CoreImage
0x00007fff21f12000 	/System/Library/Frameworks/CoreText.framework/Versions/A/CoreText
0x00007fff28f47000 	/System/Library/Frameworks/ImageIO.framework/Versions/A/ImageIO
0x00007fff2aadc000 	/System/Library/PrivateFrameworks/SoftLinking.framework/Versions/A/SoftLinking
0x00007fff27768000 	/usr/lib/libxml2.2.dylib
0x00007fff20857000 	/usr/lib/libc++.1.dylib
0x00007fff2ad4e000 	/usr/lib/libcompression.dylib
0x00007fff2c2f8000 	/System/Library/PrivateFrameworks/TextureIO.framework/Versions/A/TextureIO
0x00007fff2b37e000 	/usr/lib/libate.dylib
0x00007fff2aad0000 	/usr/lib/system/libcache.dylib
0x00007fff2aa8c000 	/usr/lib/system/libcommonCrypto.dylib
0x00007fff2aab6000 	/usr/lib/system/libcompiler_rt.dylib
0x00007fff2aaab000 	/usr/lib/system/libcopyfile.dylib
0x00007fff20681000 	/usr/lib/system/libcorecrypto.dylib
0x00007fff2074c000 	/usr/lib/system/libdispatch.dylib
0x00007fff208ff000 	/usr/lib/system/libdyld.dylib
0x00007fff2aac7000 	/usr/lib/system/libkeymgr.dylib
0x00007fff2dede000 	/usr/lib/system/liblaunch.dylib
0x00007fff2aa6a000 	/usr/lib/system/libmacho.dylib
0x00007fff2a262000 	/usr/lib/system/libquarantine.dylib
0x00007fff2aac4000 	/usr/lib/system/libremovefile.dylib
0x00007fff25165000 	/usr/lib/system/libsystem_asl.dylib
0x00007fff20631000 	/usr/lib/system/libsystem_blocks.dylib
0x00007fff207ce000 	/usr/lib/system/libsystem_c.dylib
0x00007fff2aabe000 	/usr/lib/system/libsystem_collections.dylib
0x00007fff29568000 	/usr/lib/system/libsystem_configuration.dylib
0x00007fff28853000 	/usr/lib/system/libsystem_containermanager.dylib
0x00007fff2a80d000 	/usr/lib/system/libsystem_coreservices.dylib
0x00007fff22d42000 	/usr/lib/system/libsystem_darwin.dylib
0x00007fff2aac8000 	/usr/lib/system/libsystem_dnssd.dylib
0x00007fff207cb000 	/usr/lib/system/libsystem_featureflags.dylib
0x00007fff20945000 	/usr/lib/system/libsystem_info.dylib
0x00007fff2aa21000 	/usr/lib/system/libsystem_m.dylib
0x00007fff2071f000 	/usr/lib/system/libsystem_malloc.dylib
0x00007fff250f8000 	/usr/lib/system/libsystem_networkextension.dylib
0x00007fff23161000 	/usr/lib/system/libsystem_notify.dylib
0x00007fff3037a000 	/usr/lib/system/libsystem_product_info_filter.dylib
0x00007fff2956c000 	/usr/lib/system/libsystem_sandbox.dylib
0x00007fff2aac1000 	/usr/lib/system/libsystem_secinit.dylib
0x00007fff208c3000 	/usr/lib/system/libsystem_kernel.dylib
0x00007fff2093b000 	/usr/lib/system/libsystem_platform.dylib
0x00007fff208f3000 	/usr/lib/system/libsystem_pthread.dylib
0x00007fff26844000 	/usr/lib/system/libsystem_symptoms.dylib
0x00007fff20669000 	/usr/lib/system/libsystem_trace.dylib
0x00007fff2aa98000 	/usr/lib/system/libunwind.dylib
0x00007fff20633000 	/usr/lib/system/libxpc.dylib
0x00007fff208ad000 	/usr/lib/libc++abi.dylib
0x00007fff2aaa3000 	/usr/lib/liboah.dylib
0x00007fff2b162000 	/usr/lib/liblzma.5.dylib
0x00007fff21436000 	/System/Library/Frameworks/SystemConfiguration.framework/Versions/A/SystemConfiguration
0x00007fff2aad8000 	/usr/lib/libfakelink.dylib
0x00007fff24c5a000 	/System/Library/Frameworks/CFNetwork.framework/Versions/A/CFNetwork
0x00007fff2ac18000 	/usr/lib/libarchive.2.dylib
0x00007fff214b4000 	/usr/lib/libCRFSuite.dylib
0x00007fff2a289000 	/usr/lib/libbsm.0.dylib
0x00007fff245d3000 	/usr/lib/libnetwork.dylib
0x00007fff2aadd000 	/usr/lib/libpcap.A.dylib
0x00007fff2683d000 	/usr/lib/libdns_services.dylib
0x00007fff2b17b000 	/usr/lib/libcoretls_cfhelpers.dylib
0x00007fff2ad17000 	/usr/lib/libapple_nghttp2.dylib
0x00007fff2aa70000 	/usr/lib/system/libkxld.dylib
0x00007fff264b5000 	/usr/lib/libsqlite3.dylib
0x00007fff2a7f0000 	/System/Library/PrivateFrameworks/AppleFSCompression.framework/Versions/A/AppleFSCompression
0x00007fff2a271000 	/usr/lib/libcoretls.dylib
0x00007fff2ad48000 	/usr/lib/libpam.2.dylib
0x00007fff2b279000 	/usr/lib/libxar.1.dylib
0x00007fff29573000 	/System/Library/PrivateFrameworks/AppleSystemInfo.framework/Versions/A/AppleSystemInfo
0x00007fff29eb3000 	/System/Library/PrivateFrameworks/IOMobileFramebuffer.framework/Versions/A/IOMobileFramebuffer
0x00007fff2a800000 	/usr/lib/libbz2.1.0.dylib
0x00007fff2ab15000 	/usr/lib/libiconv.2.dylib
0x00007fff2aa69000 	/usr/lib/libcharset.1.dylib
0x00007fff276eb000 	/System/Library/Frameworks/CoreServices.framework/Versions/A/Frameworks/FSEvents.framework/Versions/A/FSEvents
0x00007fff22d4c000 	/System/Library/Frameworks/CoreServices.framework/Versions/A/Frameworks/CarbonCore.framework/Versions/A/CarbonCore
0x00007fff26a58000 	/System/Library/Frameworks/CoreServices.framework/Versions/A/Frameworks/Metadata.framework/Versions/A/Metadata
0x00007fff2a812000 	/System/Library/Frameworks/CoreServices.framework/Versions/A/Frameworks/OSServices.framework/Versions/A/OSServices
0x00007fff2ac8a000 	/System/Library/Frameworks/CoreServices.framework/Versions/A/Frameworks/SearchKit.framework/Versions/A/SearchKit
0x00007fff267c8000 	/System/Library/Frameworks/CoreServices.framework/Versions/A/Frameworks/AE.framework/Versions/A/AE
0x00007fff20e0f000 	/System/Library/Frameworks/CoreServices.framework/Versions/A/Frameworks/LaunchServices.framework/Versions/A/LaunchServices
0x00007fff2b112000 	/System/Library/Frameworks/CoreServices.framework/Versions/A/Frameworks/DictionaryServices.framework/Versions/A/DictionaryServices
0x00007fff276f8000 	/System/Library/Frameworks/CoreServices.framework/Versions/A/Frameworks/SharedFileList.framework/Versions/A/SharedFileList
0x00007fff2a265000 	/usr/lib/libCheckFix.dylib
0x00007fff2517c000 	/System/Library/PrivateFrameworks/TCC.framework/Versions/A/TCC
0x00007fff29579000 	/System/Library/PrivateFrameworks/CoreNLP.framework/Versions/A/CoreNLP
0x00007fff26a0b000 	/System/Library/PrivateFrameworks/MetadataUtilities.framework/Versions/A/MetadataUtilities
0x00007fff214e9000 	/usr/lib/libmecabra.dylib
0x00007fff2a56f000 	/System/Library/Frameworks/MLCompute.framework/Versions/A/MLCompute
0x00007fff2a29a000 	/usr/lib/libmecab.dylib
0x00007fff2a2e4000 	/usr/lib/libgermantok.dylib
0x00007fff2acf2000 	/usr/lib/libThaiTokenizer.dylib
0x00007fff2b2b5000 	/usr/lib/libChineseTokenizer.dylib
0x00007fff2ad46000 	/System/Library/Frameworks/MetalPerformanceShaders.framework/Versions/A/MetalPerformanceShaders
0x00007fff26afa000 	/System/Library/Frameworks/Accelerate.framework/Versions/A/Frameworks/vImage.framework/Versions/A/vImage
0x00007fff30452000 	/System/Library/Frameworks/Accelerate.framework/Versions/A/Frameworks/vecLib.framework/Versions/A/vecLib
0x00007fff2b2c0000 	/System/Library/Frameworks/Accelerate.framework/Versions/A/Frameworks/vecLib.framework/Versions/A/libvMisc.dylib
0x00007fff29cce000 	/System/Library/Frameworks/Accelerate.framework/Versions/A/Frameworks/vecLib.framework/Versions/A/libvDSP.dylib
0x00007fff2111c000 	/System/Library/Frameworks/Accelerate.framework/Versions/A/Frameworks/vecLib.framework/Versions/A/libBLAS.dylib
0x00007fff2ad74000 	/System/Library/Frameworks/Accelerate.framework/Versions/A/Frameworks/vecLib.framework/Versions/A/libLAPACK.dylib
0x00007fff2a2ea000 	/System/Library/Frameworks/Accelerate.framework/Versions/A/Frameworks/vecLib.framework/Versions/A/libLinearAlgebra.dylib
0x00007fff2ad2f000 	/System/Library/Frameworks/Accelerate.framework/Versions/A/Frameworks/vecLib.framework/Versions/A/libSparseBLAS.dylib
0x00007fff2ad6e000 	/System/Library/Frameworks/Accelerate.framework/Versions/A/Frameworks/vecLib.framework/Versions/A/libQuadrature.dylib
0x00007fff29625000 	/System/Library/Frameworks/Accelerate.framework/Versions/A/Frameworks/vecLib.framework/Versions/A/libBNNS.dylib
0x00007fff213c7000 	/System/Library/Frameworks/Accelerate.framework/Versions/A/Frameworks/vecLib.framework/Versions/A/libSparse.dylib
0x00007fff29501000 	/System/Library/Frameworks/MetalPerformanceShaders.framework/Versions/A/Frameworks/MPSCore.framework/Versions/A/MPSCore
0x00007fff2a75f000 	/System/Library/Frameworks/MetalPerformanceShaders.framework/Versions/A/Frameworks/MPSImage.framework/Versions/A/MPSImage
0x00007fff2a300000 	/System/Library/Frameworks/MetalPerformanceShaders.framework/Versions/A/Frameworks/MPSNeuralNetwork.framework/Versions/A/MPSNeuralNetwork
0x00007fff2a6d1000 	/System/Library/Frameworks/MetalPerformanceShaders.framework/Versions/A/Frameworks/MPSMatrix.framework/Versions/A/MPSMatrix
0x00007fff2a51f000 	/System/Library/Frameworks/MetalPerformanceShaders.framework/Versions/A/Frameworks/MPSRayIntersector.framework/Versions/A/MPSRayIntersector
0x00007fff2a708000 	/System/Library/Frameworks/MetalPerformanceShaders.framework/Versions/A/Frameworks/MPSNDArray.framework/Versions/A/MPSNDArray
0x00007fff21047000 	/System/Library/PrivateFrameworks/MetalTools.framework/Versions/A/MetalTools
0x00007fff29571000 	/System/Library/PrivateFrameworks/AggregateDictionary.framework/Versions/A/AggregateDictionary
0x00007fff269d8000 	/System/Library/PrivateFrameworks/CoreAnalytics.framework/Versions/A/CoreAnalytics
0x00007fff2acf4000 	/System/Library/PrivateFrameworks/AppleSauce.framework/Versions/A/AppleSauce
0x00007fff28876000 	/System/Library/PrivateFrameworks/IOAccelerator.framework/Versions/A/IOAccelerator
0x00007fff6be05000 	/System/Library/Frameworks/OpenGL.framework/Versions/A/Libraries/libCoreFSCache.dylib
0x00007fff21a81000 	/System/Library/PrivateFrameworks/LanguageModeling.framework/Versions/A/LanguageModeling
0x00007fff29ea1000 	/System/Library/PrivateFrameworks/CoreEmoji.framework/Versions/A/CoreEmoji
0x00007fff2961e000 	/System/Library/PrivateFrameworks/LinguisticData.framework/Versions/A/LinguisticData
0x00007fff21379000 	/System/Library/PrivateFrameworks/Lexicon.framework/Versions/A/Lexicon
0x00007fff2ac06000 	/usr/lib/libcmph.dylib
0x00007fff276cb000 	/System/Library/Frameworks/OpenDirectory.framework/Versions/A/Frameworks/CFOpenDirectory.framework/Versions/A/CFOpenDirectory
0x00007fff276bb000 	/System/Library/Frameworks/OpenDirectory.framework/Versions/A/OpenDirectory
0x00007fff2b17d000 	/System/Library/PrivateFrameworks/APFS.framework/Versions/A/APFS
0x00007fff2a1c7000 	/System/Library/Frameworks/SecurityFoundation.framework/Versions/A/SecurityFoundation
0x00007fff2b288000 	/usr/lib/libutil.dylib
0x00007fff23077000 	/System/Library/PrivateFrameworks/CoreServicesStore.framework/Versions/A/CoreServicesStore
0x00007fff2a25d000 	/System/Library/Frameworks/ServiceManagement.framework/Versions/A/ServiceManagement
0x00007fff2b28c000 	/usr/lib/libxslt.1.dylib
0x00007fff2a253000 	/System/Library/PrivateFrameworks/BackgroundTaskManagement.framework/Versions/A/BackgroundTaskManagement
0x00007fff2c242000 	/System/Library/Frameworks/ImageIO.framework/Versions/A/Resources/libRadiance.dylib
0x00007fff2c24c000 	/System/Library/Frameworks/ImageIO.framework/Versions/A/Resources/libJPEG.dylib
0x00007fff2c19a000 	/System/Library/Frameworks/ImageIO.framework/Versions/A/Resources/libPng.dylib
0x00007fff2c1bb000 	/System/Library/Frameworks/ImageIO.framework/Versions/A/Resources/libTIFF.dylib
0x00007fff2c2a1000 	/System/Library/Frameworks/ImageIO.framework/Versions/A/Resources/libGIF.dylib
0x00007fff2beec000 	/System/Library/Frameworks/ImageIO.framework/Versions/A/Resources/libJP2.dylib
0x00007fff2b607000 	/usr/lib/libexpat.1.dylib
0x00007fff2bea2000 	/System/Library/PrivateFrameworks/AppleJPEG.framework/Versions/A/AppleJPEG
0x00007fff28aac000 	/System/Library/PrivateFrameworks/FontServices.framework/libFontParser.dylib
0x00007fff2677f000 	/System/Library/PrivateFrameworks/RunningBoardServices.framework/Versions/A/RunningBoardServices
0x00007fff2bfcc000 	/System/Library/PrivateFrameworks/WatchdogClient.framework/Versions/A/WatchdogClient
0x00007fff21b6a000 	/System/Library/Frameworks/CoreDisplay.framework/Versions/A/CoreDisplay
0x00007fff289c1000 	/System/Library/Frameworks/CoreMedia.framework/Versions/A/CoreMedia
0x00007fff2784b000 	/System/Library/Frameworks/CoreVideo.framework/Versions/A/CoreVideo
0x00007fff2c007000 	/System/Library/Frameworks/VideoToolbox.framework/Versions/A/VideoToolbox
0x00007fff266ff000 	/System/Library/PrivateFrameworks/BaseBoard.framework/Versions/A/BaseBoard
0x00007fff2b74c000 	/System/Library/PrivateFrameworks/PersistentConnection.framework/Versions/A/PersistentConnection
0x00007fff2649f000 	/System/Library/PrivateFrameworks/ProtocolBuffer.framework/Versions/A/ProtocolBuffer
0x00007fff266e7000 	/System/Library/PrivateFrameworks/CommonUtilities.framework/Versions/A/CommonUtilities
0x00007fff2be65000 	/System/Library/PrivateFrameworks/Bom.framework/Versions/A/Bom
0x00007fff2c23a000 	/System/Library/PrivateFrameworks/GPUWrangler.framework/Versions/A/GPUWrangler
0x00007fff2c21d000 	/System/Library/PrivateFrameworks/IOPresentment.framework/Versions/A/IOPresentment
0x00007fff2c246000 	/System/Library/PrivateFrameworks/DSExternalDisplay.framework/Versions/A/DSExternalDisplay
0x00007fff2c2a6000 	/System/Library/PrivateFrameworks/CMCaptureCore.framework/Versions/A/CMCaptureCore
0x00007fff2bbe8000 	/System/Library/PrivateFrameworks/AppServerSupport.framework/Versions/A/AppServerSupport
0x00007fff2dc81000 	/System/Library/PrivateFrameworks/perfdata.framework/Versions/A/perfdata
0x00007fff2a1b6000 	/System/Library/PrivateFrameworks/AssertionServices.framework/Versions/A/AssertionServices
0x00007fff21ca1000 	/System/Library/PrivateFrameworks/AudioToolboxCore.framework/Versions/A/AudioToolboxCore
0x00007fff289a4000 	/System/Library/PrivateFrameworks/caulk.framework/Versions/A/caulk
0x00007fff3d146000 	/System/Library/PrivateFrameworks/SystemPolicy.framework/Versions/A/SystemPolicy
0x00007fff2b416000 	/usr/lib/libIOReport.dylib
0x00007fff2d4bd000 	/usr/lib/libSMC.dylib
0x00007fff2c166000 	/usr/lib/libAudioToolboxUtility.dylib
0x00007fff3daa3000 	/usr/lib/libmis.dylib
0x00007fff6be61000 	/System/Library/Frameworks/OpenGL.framework/Versions/A/Libraries/libGLU.dylib
0x00007fff6be24000 	/System/Library/Frameworks/OpenGL.framework/Versions/A/Libraries/libGFXShared.dylib
0x00007fff6c032000 	/System/Library/Frameworks/OpenGL.framework/Versions/A/Libraries/libGL.dylib
0x00007fff6be2d000 	/System/Library/Frameworks/OpenGL.framework/Versions/A/Libraries/libGLImage.dylib
0x00007fff6be21000 	/System/Library/Frameworks/OpenGL.framework/Versions/A/Libraries/libCVMSPluginSupport.dylib
0x00007fff6be0c000 	/System/Library/Frameworks/OpenGL.framework/Versions/A/Libraries/libCoreVMClient.dylib
0x00007fff6d47c000 	/System/Library/Frameworks/OpenCL.framework/Versions/A/OpenCL
0x00007fff2b775000 	/System/Library/PrivateFrameworks/GraphVisualizer.framework/Versions/A/GraphVisualizer
0x00007fff2b784000 	/System/Library/PrivateFrameworks/FaceCore.framework/Versions/A/FaceCore
0x00007fff2bba0000 	/System/Library/PrivateFrameworks/OTSVG.framework/Versions/A/OTSVG
0x00007fff27440000 	/System/Library/Frameworks/ApplicationServices.framework/Versions/A/Frameworks/ATS.framework/Versions/A/Resources/libFontRegistry.dylib
0x00007fff2bbef000 	/System/Library/PrivateFrameworks/FontServices.framework/libhvf.dylib
0x00007fff2b5b3000 	/System/Library/PrivateFrameworks/AppleVA.framework/Versions/A/AppleVA
0x00007fff2d305000 	/System/Library/Frameworks/ApplicationServices.framework/Versions/A/Frameworks/ATS.framework/Versions/A/ATS
0x00007fff2d618000 	/System/Library/Frameworks/ApplicationServices.framework/Versions/A/Frameworks/ColorSyncLegacy.framework/Versions/A/ColorSyncLegacy
0x00007fff25c7d000 	/System/Library/Frameworks/ApplicationServices.framework/Versions/A/Frameworks/HIServices.framework/Versions/A/HIServices
0x00007fff2d5fd000 	/System/Library/Frameworks/ApplicationServices.framework/Versions/A/Frameworks/LangAnalysis.framework/Versions/A/LangAnalysis
0x00007fff2c2b0000 	/System/Library/Frameworks/ApplicationServices.framework/Versions/A/Frameworks/PrintCore.framework/Versions/A/PrintCore
0x00007fff2d620000 	/System/Library/Frameworks/ApplicationServices.framework/Versions/A/Frameworks/QD.framework/Versions/A/QD
0x00007fff2d2f5000 	/System/Library/Frameworks/ApplicationServices.framework/Versions/A/Frameworks/SpeechSynthesis.framework/Versions/A/SpeechSynthesis
0x00007fff2c271000 	/System/Library/Frameworks/ApplicationServices.framework/Versions/A/Frameworks/ATSUI.framework/Versions/A/ATSUI
0x00007fff2d59d000 	/usr/lib/libcups.2.dylib
0x00007fff2d60d000 	/System/Library/PrivateFrameworks/NetAuth.framework/Versions/A/NetAuth
0x00007fff2dc9c000 	/System/Library/Frameworks/Kerberos.framework/Versions/A/Kerberos
0x00007fff2dcac000 	/System/Library/Frameworks/GSS.framework/Versions/A/GSS
0x00007fff2d372000 	/usr/lib/libresolv.9.dylib
0x00007fff2bc05000 	/System/Library/PrivateFrameworks/Heimdal.framework/Versions/A/Heimdal
0x00007fff3397c000 	/System/Library/Frameworks/Kerberos.framework/Versions/A/Libraries/libHeimdalProxy.dylib
0x00007fff2684c000 	/System/Library/Frameworks/Network.framework/Versions/A/Network
0x00007fff2b621000 	/usr/lib/libheimdal-asn1.dylib
0x00007fff2dcfd000 	/System/Library/PrivateFrameworks/CommonAuth.framework/Versions/A/CommonAuth
0x00007fff27899000 	/System/Library/PrivateFrameworks/login.framework/Versions/A/Frameworks/loginsupport.framework/Versions/A/loginsupport
0x00007fff2d27c000 	/System/Library/PrivateFrameworks/AudioSession.framework/Versions/A/AudioSession
0x00007fff2d2e2000 	/usr/lib/libAudioStatistics.dylib
0x00007fff2b6ad000 	/System/Library/PrivateFrameworks/MediaExperience.framework/Versions/A/MediaExperience
0x00007fff2d115000 	/System/Library/PrivateFrameworks/AudioSession.framework/libSessionUtility.dylib
0x00007fff2dc8d000 	/usr/lib/libperfcheck.dylib
0x00007fff2d62c000 	/System/Library/PrivateFrameworks/AudioResourceArbitration.framework/Versions/A/AudioResourceArbitration
0x00007fff2b62b000 	/System/Library/PrivateFrameworks/IconFoundation.framework/Versions/A/IconFoundation
0x00007fff30135000 	/System/Library/PrivateFrameworks/SpeechRecognitionCore.framework/Versions/A/SpeechRecognitionCore
0x000000011003f000 	/System/Library/CoreServices/Encodings/libCyrillicConverter.dylib
0x0000000114800000 	/Library/Java/JavaVirtualMachines/amazon-corretto-11.jdk/Contents/Home/lib/server/libjvm.dylib
0x000000011004b000 	/Library/Java/JavaVirtualMachines/amazon-corretto-11.jdk/Contents/Home/lib/libverify.dylib
0x000000011005f000 	/Library/Java/JavaVirtualMachines/amazon-corretto-11.jdk/Contents/Home/lib/libjava.dylib
0x0000000110090000 	/Library/Java/JavaVirtualMachines/amazon-corretto-11.jdk/Contents/Home/lib/libjimage.dylib
0x00000001100a2000 	/Library/Java/JavaVirtualMachines/amazon-corretto-11.jdk/Contents/Home/lib/libinstrument.dylib
0x00000001100fe000 	/Library/Java/JavaVirtualMachines/amazon-corretto-11.jdk/Contents/Home/lib/libzip.dylib
0x0000000110627000 	/Library/Java/JavaVirtualMachines/amazon-corretto-11.jdk/Contents/Home/lib/libnio.dylib
0x000000011063f000 	/Library/Java/JavaVirtualMachines/amazon-corretto-11.jdk/Contents/Home/lib/libnet.dylib
0x000000011065f000 	/Users/flowforme/.gradle/native/c067742578af261105cb4f569cf0c3c89f3d7b1fecec35dd04571415982c5e48/osx-amd64/libnative-platform.dylib
0x000000011066b000 	/Users/flowforme/.gradle/native/100fb08df4bc3b14c8652ba06237920a3bd2aa13389f12d3474272988ae205f9/osx-amd64/libnative-platform-file-events.dylib
0x00000001106d7000 	/Library/Java/JavaVirtualMachines/amazon-corretto-11.jdk/Contents/Home/lib/libmanagement.dylib
0x00000001106e7000 	/Library/Java/JavaVirtualMachines/amazon-corretto-11.jdk/Contents/Home/lib/libmanagement_ext.dylib
0x00000001106f7000 	/Library/Java/JavaVirtualMachines/amazon-corretto-11.jdk/Contents/Home/lib/libextnet.dylib


VM Arguments:
jvm_args: --add-opens=java.base/java.util=ALL-UNNAMED --add-opens=java.base/java.lang=ALL-UNNAMED --add-opens=java.base/java.lang.invoke=ALL-UNNAMED --add-opens=java.prefs/java.util.prefs=ALL-UNNAMED --add-opens=java.base/java.nio.charset=ALL-UNNAMED --add-opens=java.base/java.net=ALL-UNNAMED --add-opens=java.base/java.util.concurrent.atomic=ALL-UNNAMED -XX:MaxMetaspaceSize=384m -XX:+HeapDumpOnOutOfMemoryError -Xms256m -Xmx512m -Dfile.encoding=UTF-8 -Duser.country=RU -Duser.language=ru -Duser.variant -javaagent:/Users/flowforme/.gradle/wrapper/dists/gradle-8.8-bin/dl7vupf4psengwqhwktix4v1/gradle-8.8/lib/agents/gradle-instrumentation-agent-8.8.jar 
java_command: org.gradle.launcher.daemon.bootstrap.GradleDaemon 8.8
java_class_path (initial): /Users/flowforme/.gradle/wrapper/dists/gradle-8.8-bin/dl7vupf4psengwqhwktix4v1/gradle-8.8/lib/gradle-launcher-8.8.jar
Launcher Type: SUN_STANDARD

[Global flags]
     intx CICompilerCount                          = 4                                         {product} {ergonomic}
   size_t CompressedClassSpaceSize                 = 394264576                                 {product} {ergonomic}
     uint ConcGCThreads                            = 2                                         {product} {ergonomic}
     uint G1ConcRefinementThreads                  = 8                                         {product} {ergonomic}
   size_t G1HeapRegionSize                         = 1048576                                   {product} {ergonomic}
    uintx GCDrainStackTargetSize                   = 64                                        {product} {ergonomic}
     bool HeapDumpOnOutOfMemoryError               = true                                   {manageable} {command line}
   size_t InitialHeapSize                          = 268435456                                 {product} {command line}
   size_t MarkStackSize                            = 4194304                                   {product} {ergonomic}
   size_t MaxHeapSize                              = 536870912                                 {product} {command line}
   size_t MaxMetaspaceSize                         = 402653184                                 {product} {command line}
   size_t MaxNewSize                               = 321912832                                 {product} {ergonomic}
   size_t MinHeapDeltaBytes                        = 1048576                                   {product} {ergonomic}
    uintx NonNMethodCodeHeapSize                   = 5836300                                {pd product} {ergonomic}
    uintx NonProfiledCodeHeapSize                  = 122910970                              {pd product} {ergonomic}
    uintx ProfiledCodeHeapSize                     = 122910970                              {pd product} {ergonomic}
    uintx ReservedCodeCacheSize                    = 251658240                              {pd product} {ergonomic}
     bool SegmentedCodeCache                       = true                                      {product} {ergonomic}
     bool UseCompressedClassPointers               = true                                 {lp64_product} {ergonomic}
     bool UseCompressedOops                        = true                                 {lp64_product} {ergonomic}
     bool UseG1GC                                  = true                                      {product} {ergonomic}

Logging:
Log output configuration:
 #0: stdout all=warning uptime,level,tags
 #1: stderr all=off uptime,level,tags

Environment Variables:
PATH=/Library/Frameworks/Python.framework/Versions/3.12/bin:/usr/local/bin:/usr/bin:/bin:/usr/sbin:/sbin:/Library/Apple/usr/bin
SHELL=/bin/zsh
LC_CTYPE=ru_RU.UTF-8
TMPDIR=/var/folders/xv/tfw7c3wn54vbtwbm8zy6yy000000gn/T/

Signal Handlers:
SIGSEGV: [libjvm.dylib+0x7cf85b], sa_mask[0]=11111111011111110111111111111111, sa_flags=SA_ONSTACK|SA_RESTART|SA_SIGINFO
SIGBUS: [libjvm.dylib+0x7cf85b], sa_mask[0]=11111111011111110111111111111111, sa_flags=SA_RESTART|SA_SIGINFO
SIGFPE: [libjvm.dylib+0x7cf85b], sa_mask[0]=11111111011111110111111111111111, sa_flags=SA_RESTART|SA_SIGINFO
SIGPIPE: [libjvm.dylib+0x632564], sa_mask[0]=11111111011111110111111111111111, sa_flags=SA_RESTART|SA_SIGINFO
SIGXFSZ: [libjvm.dylib+0x632564], sa_mask[0]=11111111011111110111111111111111, sa_flags=SA_RESTART|SA_SIGINFO
SIGILL: [libjvm.dylib+0x7cf85b], sa_mask[0]=11111111011111110111111111111111, sa_flags=SA_RESTART|SA_SIGINFO
SIGUSR2: [libjvm.dylib+0x632b40], sa_mask[0]=00000000000000000000000000000000, sa_flags=SA_RESTART|SA_SIGINFO
SIGHUP: [libjvm.dylib+0x63168f], sa_mask[0]=11111111011111110111111111111111, sa_flags=SA_RESTART|SA_SIGINFO
SIGINT: [libjvm.dylib+0x63168f], sa_mask[0]=11111111011111110111111111111111, sa_flags=SA_RESTART|SA_SIGINFO
SIGTERM: [libjvm.dylib+0x63168f], sa_mask[0]=11111111011111110111111111111111, sa_flags=SA_RESTART|SA_SIGINFO
SIGQUIT: [libjvm.dylib+0x63168f], sa_mask[0]=11111111011111110111111111111111, sa_flags=SA_RESTART|SA_SIGINFO


---------------  S Y S T E M  ---------------

OS:uname:Darwin 20.6.0 Darwin Kernel Version 20.6.0: Thu Jul  6 22:12:47 PDT 2023; root:xnu-7195.141.49.702.12~1/RELEASE_X86_64 x86_64
OS uptime: 2 days 15:43 hours
rlimit (soft/hard): STACK 8192k/65532k , CORE 0k/infinity , NPROC 1392/2088 , NOFILE 10240/infinity , AS infinity/infinity , CPU infinity/infinity , DATA infinity/infinity , FSIZE infinity/infinity , MEMLOCK infinity/infinity , RSS infinity/infinity
load average:3.11 3.08 3.04

CPU:total 8 (initial active 8) (4 cores per cpu, 2 threads per core) family 6 model 142 stepping 10 microcode 0xf4, cmov, cx8, fxsr, mmx, sse, sse2, sse3, ssse3, sse4.1, sse4.2, popcnt, avx, avx2, aes, clmul, erms, 3dnowpref, lzcnt, ht, tsc, tscinvbit, bmi1, bmi2, adx, fma

Memory: 4k page, physical 8388608k(37212k free), swap 5242880k(932608k free)

vm_info: OpenJDK 64-Bit Server VM (11.0.23+9-LTS) for bsd-amd64 JRE (11.0.23+9-LTS), built on Apr 10 2024 18:39:02 by "ec2user" with clang Apple LLVM 14.0.0 (clang-1400.0.29.202)

END.
